info: ::1 - - [20/Dec/2022:02:58:18 +0000] "POST /api/v1/users/register HTTP/1.1" 201 263 "-" "PostmanRuntime/7.30.0"

info: ::1 - - [20/Dec/2022:02:58:32 +0000] "GET /api/v1/users HTTP/1.1" 200 60255 "-" "PostmanRuntime/7.30.0"

info: ::1 - - [20/Dec/2022:08:34:53 +0000] "POST /api/v1/users/register HTTP/1.1" 500 60 "-" "PostmanRuntime/7.30.0"

info: ::1 - - [20/Dec/2022:08:49:25 +0000] "GET /api/v1/users HTTP/1.1" 200 60255 "-" "PostmanRuntime/7.30.0"

info: ::1 - - [20/Dec/2022:08:50:17 +0000] "POST /api/v1/users/register HTTP/1.1" 500 60 "-" "PostmanRuntime/7.30.0"

info: ::1 - - [20/Dec/2022:08:50:33 +0000] "GET /api/v1/users HTTP/1.1" 200 60255 "-" "PostmanRuntime/7.30.0"

info: ::1 - - [20/Dec/2022:08:51:13 +0000] "GET /api/v1/users/register HTTP/1.1" 400 56 "-" "PostmanRuntime/7.30.0"

info: ::1 - - [20/Dec/2022:08:51:29 +0000] "GET /api/v1/users/register HTTP/1.1" 400 56 "-" "PostmanRuntime/7.30.0"

info: ::1 - - [20/Dec/2022:08:52:03 +0000] "POST /api/v1/users/register HTTP/1.1" 500 59 "-" "PostmanRuntime/7.30.0"

info: ::1 - - [20/Dec/2022:08:52:32 +0000] "POST /api/v1/users/register HTTP/1.1" 201 263 "-" "PostmanRuntime/7.30.0"

info: ::1 - - [20/Dec/2022:09:19:40 +0000] "POST /api/v1/users/register HTTP/1.1" 500 60 "-" "PostmanRuntime/7.30.0"

info: ::1 - - [20/Dec/2022:09:20:33 +0000] "POST /api/v1/users/loginuser HTTP/1.1" 201 224 "-" "PostmanRuntime/7.30.0"

info: ::1 - - [20/Dec/2022:09:41:23 +0000] "POST /api/v1/users/loginuser HTTP/1.1" 200 638 "-" "PostmanRuntime/7.30.0"

info: ::1 - - [20/Dec/2022:09:55:10 +0000] "POST /api/v1/users/loginuser HTTP/1.1" 500 59 "-" "PostmanRuntime/7.30.0"

info: ::1 - - [20/Dec/2022:09:56:05 +0000] "POST /api/v1/users/loginuser HTTP/1.1" 500 72 "-" "PostmanRuntime/7.30.0"

info: ::1 - - [20/Dec/2022:09:56:43 +0000] "POST /api/v1/users/loginuser HTTP/1.1" 200 638 "-" "PostmanRuntime/7.30.0"

info: ::1 - - [20/Dec/2022:10:42:17 +0000] "GET /favicon.ico HTTP/1.1" 404 47 "-" "Mozilla/5.0 (Windows NT 10.0; Win64; x64) AppleWebKit/537.36 (KHTML, like Gecko) Chrome/108.0.0.0 Safari/537.36 Edg/108.0.1462.54"

info: ::1 - - [20/Dec/2022:10:57:17 +0000] "GET /api/v1/users HTTP/1.1" 200 60628 "-" "PostmanRuntime/7.30.0"

info: ::1 - - [20/Dec/2022:10:58:21 +0000] "GET /api/v1/users HTTP/1.1" 200 60628 "-" "PostmanRuntime/7.30.0"

info: ::1 - - [20/Dec/2022:10:58:37 +0000] "POST /api/v1/users/loginuser HTTP/1.1" 200 268 "-" "PostmanRuntime/7.30.0"

info: ::1 - - [20/Dec/2022:10:58:59 +0000] "POST /api/v1/users/loginuser HTTP/1.1" 500 59 "-" "PostmanRuntime/7.30.0"

info: ::1 - - [20/Dec/2022:10:59:12 +0000] "POST /api/v1/users/loginuser HTTP/1.1" 200 268 "-" "PostmanRuntime/7.30.0"

info: ::1 - - [20/Dec/2022:10:59:20 +0000] "POST /api/v1/users/loginuser HTTP/1.1" 200 268 "-" "PostmanRuntime/7.30.0"

info: ::1 - - [20/Dec/2022:11:17:11 +0000] "POST /api/v1/users/loginuser HTTP/1.1" 200 60623 "-" "PostmanRuntime/7.30.0"

info: ::1 - - [20/Dec/2022:11:17:28 +0000] "GET /api/v1/users HTTP/1.1" 200 60628 "-" "PostmanRuntime/7.30.0"

info: ::1 - - [20/Dec/2022:11:17:41 +0000] "GET /api/v1/users/loginuser HTTP/1.1" 404 47 "-" "PostmanRuntime/7.30.0"

info: ::1 - - [20/Dec/2022:11:17:53 +0000] "POST /api/v1/users/loginuser HTTP/1.1" 200 60623 "-" "PostmanRuntime/7.30.0"

info: ::1 - - [20/Dec/2022:11:18:33 +0000] "POST /api/v1/users/loginuser HTTP/1.1" 200 268 "-" "PostmanRuntime/7.30.0"

info: ::1 - - [20/Dec/2022:11:20:14 +0000] "POST /api/v1/users/loginuser HTTP/1.1" 500 59 "-" "PostmanRuntime/7.30.0"

info: ::1 - - [20/Dec/2022:11:20:39 +0000] "POST /api/v1/users/loginuser HTTP/1.1" 200 268 "-" "PostmanRuntime/7.30.0"

info: ::1 - - [20/Dec/2022:11:45:52 +0000] "POST /api/v1/users/loginuser HTTP/1.1" 200 268 "-" "PostmanRuntime/7.30.0"

info: ::1 - - [20/Dec/2022:11:46:01 +0000] "POST /api/v1/users/loginuser HTTP/1.1" 500 59 "-" "PostmanRuntime/7.30.0"

info: ::1 - - [20/Dec/2022:11:46:07 +0000] "POST /api/v1/users/loginuser HTTP/1.1" 500 59 "-" "PostmanRuntime/7.30.0"

info: ::1 - - [20/Dec/2022:11:46:15 +0000] "POST /api/v1/users/loginuser HTTP/1.1" 200 268 "-" "PostmanRuntime/7.30.0"

info: ::1 - - [20/Dec/2022:11:46:56 +0000] "POST /api/v1/users/loginuser HTTP/1.1" 200 268 "-" "PostmanRuntime/7.30.0"

info: ::1 - - [20/Dec/2022:11:53:35 +0000] "POST /api/v1/users/loginuser HTTP/1.1" 500 62 "-" "PostmanRuntime/7.30.0"

info: ::1 - - [20/Dec/2022:11:53:40 +0000] "POST /api/v1/users/loginuser HTTP/1.1" 500 62 "-" "PostmanRuntime/7.30.0"

info: ::1 - - [20/Dec/2022:11:54:04 +0000] "GET /api/v1/users HTTP/1.1" 200 60628 "-" "PostmanRuntime/7.30.0"

info: ::1 - - [20/Dec/2022:11:54:47 +0000] "POST /api/v1/users/loginuser HTTP/1.1" 500 62 "-" "PostmanRuntime/7.30.0"

info: ::1 - - [20/Dec/2022:11:55:38 +0000] "GET /api/v1/users HTTP/1.1" 200 60628 "-" "PostmanRuntime/7.30.0"

info: ::1 - - [20/Dec/2022:11:56:14 +0000] "POST /api/v1/users/loginuser HTTP/1.1" 500 62 "-" "PostmanRuntime/7.30.0"

info: ::1 - - [20/Dec/2022:11:56:34 +0000] "POST /api/v1/users/loginuser HTTP/1.1" 500 59 "-" "PostmanRuntime/7.30.0"

info: ::1 - - [20/Dec/2022:11:56:43 +0000] "POST /api/v1/users/loginuser HTTP/1.1" 500 62 "-" "PostmanRuntime/7.30.0"

info: ::1 - - [20/Dec/2022:12:03:05 +0000] "POST /api/v1/users/loginuser HTTP/1.1" 500 62 "-" "PostmanRuntime/7.30.0"

info: ::1 - - [20/Dec/2022:12:03:33 +0000] "POST /api/v1/users/loginuser HTTP/1.1" 500 59 "-" "PostmanRuntime/7.30.0"

info: ::1 - - [20/Dec/2022:12:03:42 +0000] "POST /api/v1/users/loginuser HTTP/1.1" 500 62 "-" "PostmanRuntime/7.30.0"

