info: ::1 - - [19/Dec/2022:08:17:18 +0000] "GET /api/v1/ HTTP/1.1" 200 9 "-" "Mozilla/5.0 (Windows NT 10.0; Win64; x64) AppleWebKit/537.36 (KHTML, like Gecko) Chrome/108.0.0.0 Safari/537.36 Edg/108.0.1462.54"

info: ::1 - - [19/Dec/2022:08:17:18 +0000] "GET /favicon.ico HTTP/1.1" 404 47 "-" "Mozilla/5.0 (Windows NT 10.0; Win64; x64) AppleWebKit/537.36 (KHTML, like Gecko) Chrome/108.0.0.0 Safari/537.36 Edg/108.0.1462.54"

info: ::1 - - [19/Dec/2022:08:29:06 +0000] "POST /api/v1/%20 HTTP/1.1" 404 47 "-" "PostmanRuntime/7.30.0"

info: ::1 - - [19/Dec/2022:08:30:36 +0000] "POST /api/v1/users/register%20 HTTP/1.1" 404 47 "-" "PostmanRuntime/7.30.0"

info: ::1 - - [19/Dec/2022:08:31:58 +0000] "GET /favicon.ico HTTP/1.1" 404 47 "-" "Mozilla/5.0 (Windows NT 10.0; Win64; x64) AppleWebKit/537.36 (KHTML, like Gecko) Chrome/108.0.0.0 Safari/537.36 Edg/108.0.1462.54"

info: ::1 - - [19/Dec/2022:08:33:12 +0000] "POST /api/v1/users%20 HTTP/1.1" 404 47 "-" "PostmanRuntime/7.30.0"

info: ::1 - - [19/Dec/2022:08:33:39 +0000] "POST /api/v1/users/register%20 HTTP/1.1" 404 47 "-" "PostmanRuntime/7.30.0"

info: ::1 - - [19/Dec/2022:08:34:07 +0000] "GET /api/v1 HTTP/1.1" 200 9 "-" "Mozilla/5.0 (Windows NT 10.0; Win64; x64) AppleWebKit/537.36 (KHTML, like Gecko) Chrome/108.0.0.0 Safari/537.36 Edg/108.0.1462.54"

info: ::1 - - [19/Dec/2022:08:34:28 +0000] "POST /api/v1//users/register%20 HTTP/1.1" 404 47 "-" "PostmanRuntime/7.30.0"

info: ::1 - - [19/Dec/2022:08:34:52 +0000] "GET /api/v1/ HTTP/1.1" 304 - "-" "Mozilla/5.0 (Windows NT 10.0; Win64; x64) AppleWebKit/537.36 (KHTML, like Gecko) Chrome/108.0.0.0 Safari/537.36 Edg/108.0.1462.54"

info: ::1 - - [19/Dec/2022:08:35:26 +0000] "GET /api/v1/ HTTP/1.1" 200 9 "-" "PostmanRuntime/7.30.0"

info: ::1 - - [19/Dec/2022:08:35:37 +0000] "GET /api/v1/users/register HTTP/1.1" 400 56 "-" "PostmanRuntime/7.30.0"

info: ::1 - - [19/Dec/2022:08:35:53 +0000] "POST /api/v1/users/register HTTP/1.1" 201 262 "-" "PostmanRuntime/7.30.0"

info: ::1 - - [19/Dec/2022:08:36:32 +0000] "POST /api/v1/users/register HTTP/1.1" 201 262 "-" "PostmanRuntime/7.30.0"

info: ::1 - - [19/Dec/2022:08:37:26 +0000] "GET /api/v1/users%20 HTTP/1.1" 404 47 "-" "PostmanRuntime/7.30.0"

info: ::1 - - [19/Dec/2022:08:38:59 +0000] "GET /api/v1/users%20 HTTP/1.1" 404 47 "-" "PostmanRuntime/7.30.0"

info: ::1 - - [19/Dec/2022:08:40:36 +0000] "GET /api/v1/users%20 HTTP/1.1" 404 47 "-" "PostmanRuntime/7.30.0"

info: ::1 - - [19/Dec/2022:08:44:04 +0000] "GET /api/v1/ HTTP/1.1" 200 9 "-" "PostmanRuntime/7.30.0"

info: ::1 - - [19/Dec/2022:08:45:19 +0000] "GET /api/v1/users HTTP/1.1" 200 59419 "-" "PostmanRuntime/7.30.0"

info: ::1 - - [19/Dec/2022:08:47:17 +0000] "POST /api/v1/users/register%20 HTTP/1.1" 404 47 "-" "PostmanRuntime/7.30.0"

info: ::1 - - [19/Dec/2022:08:48:22 +0000] "POST /api/v1/users/register%20 HTTP/1.1" 404 47 "-" "PostmanRuntime/7.30.0"

info: ::1 - - [19/Dec/2022:08:49:00 +0000] "POST /api/v1/users/register%20 HTTP/1.1" 404 47 "-" "PostmanRuntime/7.30.0"

info: ::1 - - [19/Dec/2022:09:12:17 +0000] "POST /api/v1/users/register%20 HTTP/1.1" 404 47 "-" "PostmanRuntime/7.30.0"

info: ::1 - - [19/Dec/2022:09:13:41 +0000] "POST /api/v1/users/%20register HTTP/1.1" 404 47 "-" "PostmanRuntime/7.30.0"

info: ::1 - - [19/Dec/2022:09:14:39 +0000] "POST /api/v1/users/%20register HTTP/1.1" 404 47 "-" "PostmanRuntime/7.30.0"

info: ::1 - - [19/Dec/2022:09:17:31 +0000] "POST /api/v1/ HTTP/1.1" 404 47 "-" "PostmanRuntime/7.30.0"

info: ::1 - - [19/Dec/2022:09:17:40 +0000] "POST /api/v1/users/register%20 HTTP/1.1" 404 47 "-" "PostmanRuntime/7.30.0"

info: ::1 - - [19/Dec/2022:09:18:00 +0000] "POST /api/v1/users/register%20 HTTP/1.1" 404 47 "-" "PostmanRuntime/7.30.0"

info: ::1 - - [19/Dec/2022:09:18:24 +0000] "POST /api/v1/users/register%20 HTTP/1.1" 404 47 "-" "PostmanRuntime/7.30.0"

info: ::1 - - [19/Dec/2022:09:18:50 +0000] "GET /api/v1/ HTTP/1.1" 200 9 "-" "PostmanRuntime/7.30.0"

info: ::1 - - [19/Dec/2022:09:19:12 +0000] "GET /api/v1/ HTTP/1.1" 200 9 "-" "PostmanRuntime/7.30.0"

info: ::1 - - [19/Dec/2022:09:19:46 +0000] "POST /api/v1/users/register HTTP/1.1" 201 265 "-" "PostmanRuntime/7.30.0"

info: ::1 - - [19/Dec/2022:09:20:02 +0000] "GET /api/v1/users HTTP/1.1" 200 60044 "-" "PostmanRuntime/7.30.0"

info: ::1 - - [19/Dec/2022:11:27:54 +0000] "POST /api/v1/users/register HTTP/1.1" 201 266 "-" "PostmanRuntime/7.30.0"

info: ::1 - - [19/Dec/2022:11:28:23 +0000] "GET /api/v1/users HTTP/1.1" 200 60253 "-" "PostmanRuntime/7.30.0"

info: ::1 - - [19/Dec/2022:11:33:28 +0000] "GET /api/v1/users/63a02a8a43c0b94c70d8847c HTTP/1.1" 400 56 "-" "PostmanRuntime/7.30.0"

info: ::1 - - [19/Dec/2022:11:33:41 +0000] "PUT /api/v1/users/63a02a8a43c0b94c70d8847c HTTP/1.1" 202 268 "-" "PostmanRuntime/7.30.0"

info: ::1 - - [19/Dec/2022:11:33:55 +0000] "DELETE /api/v1/users/63a02a8a43c0b94c70d8847c HTTP/1.1" 200 60 "-" "PostmanRuntime/7.30.0"

