info: ::1 - - [24/Dec/2022:02:40:05 +0000] "POST /api/v1/notes/create HTTP/1.1" 201 310 "-" "PostmanRuntime/7.30.0"

info: ::1 - - [24/Dec/2022:02:42:09 +0000] "GET /api/v1/notes HTTP/1.1" 500 77 "-" "PostmanRuntime/7.30.0"

info: ::1 - - [24/Dec/2022:02:42:32 +0000] "POST /api/v1/notes/create HTTP/1.1" 201 310 "-" "PostmanRuntime/7.30.0"

info: ::1 - - [24/Dec/2022:02:45:18 +0000] "POST /api/v1/users/loginuser HTTP/1.1" 500 51 "-" "PostmanRuntime/7.30.0"

info: ::1 - - [24/Dec/2022:02:45:25 +0000] "POST /api/v1/users/loginuser HTTP/1.1" 500 51 "-" "PostmanRuntime/7.30.0"

info: ::1 - - [24/Dec/2022:02:45:46 +0000] "GET /api/v1/users HTTP/1.1" 200 319 "-" "PostmanRuntime/7.30.0"

info: ::1 - - [24/Dec/2022:02:46:56 +0000] "GET /api/v1/users HTTP/1.1" 200 319 "-" "PostmanRuntime/7.30.0"

info: ::1 - - [24/Dec/2022:02:47:11 +0000] "POST /api/v1/users/loginuser HTTP/1.1" 500 51 "-" "PostmanRuntime/7.30.0"

info: ::1 - - [24/Dec/2022:02:54:44 +0000] "POST /api/v1/users/loginuser HTTP/1.1" 500 51 "-" "PostmanRuntime/7.30.0"

info: ::1 - - [24/Dec/2022:02:55:21 +0000] "POST /api/v1/users/loginuser HTTP/1.1" 500 51 "-" "PostmanRuntime/7.30.0"

info: ::1 - - [24/Dec/2022:02:55:34 +0000] "GET /api/v1/users HTTP/1.1" 200 319 "-" "PostmanRuntime/7.30.0"

info: ::1 - - [24/Dec/2022:02:56:10 +0000] "POST /api/v1/users/loginuser HTTP/1.1" 500 67 "-" "PostmanRuntime/7.30.0"

info: ::1 - - [24/Dec/2022:02:57:09 +0000] "GET /api/v1/users HTTP/1.1" 200 319 "-" "PostmanRuntime/7.30.0"

info: ::1 - - [24/Dec/2022:02:57:45 +0000] "POST /api/v1/users/loginuser HTTP/1.1" 500 71 "-" "PostmanRuntime/7.30.0"

info: ::1 - - [24/Dec/2022:02:58:59 +0000] "POST /api/v1/users/register HTTP/1.1" 500 64 "-" "PostmanRuntime/7.30.0"

info: ::1 - - [24/Dec/2022:02:59:14 +0000] "POST /api/v1/users/register HTTP/1.1" 201 262 "-" "PostmanRuntime/7.30.0"

info: ::1 - - [24/Dec/2022:02:59:41 +0000] "GET /api/v1/users HTTP/1.1" 200 524 "-" "PostmanRuntime/7.30.0"

info: ::1 - - [24/Dec/2022:03:00:18 +0000] "GET /api/v1/users HTTP/1.1" 200 524 "-" "PostmanRuntime/7.30.0"

info: ::1 - - [24/Dec/2022:03:00:30 +0000] "POST /api/v1/users/register HTTP/1.1" 500 70 "-" "PostmanRuntime/7.30.0"

info: ::1 - - [24/Dec/2022:03:00:58 +0000] "POST /api/v1/users/loginuser HTTP/1.1" 500 71 "-" "PostmanRuntime/7.30.0"

info: ::1 - - [24/Dec/2022:03:01:29 +0000] "POST /api/v1/users/loginuser HTTP/1.1" 500 71 "-" "PostmanRuntime/7.30.0"

info: ::1 - - [24/Dec/2022:03:01:43 +0000] "POST /api/v1/users/loginuser HTTP/1.1" 500 71 "-" "PostmanRuntime/7.30.0"

info: ::1 - - [24/Dec/2022:03:43:47 +0000] "POST /api/v1/notes/create HTTP/1.1" 201 299 "-" "PostmanRuntime/7.30.0"

info: ::1 - - [24/Dec/2022:03:44:06 +0000] "GET /api/v1/notes HTTP/1.1" 500 77 "-" "PostmanRuntime/7.30.0"

info: ::1 - - [24/Dec/2022:03:45:05 +0000] "POST /api/v1/notes/create HTTP/1.1" 201 299 "-" "PostmanRuntime/7.30.0"

info: ::1 - - [24/Dec/2022:03:45:37 +0000] "PUT /api/v1/notes/63a675c1a8aa9a4660286835 HTTP/1.1" 500 77 "-" "PostmanRuntime/7.30.0"

info: ::1 - - [24/Dec/2022:03:45:47 +0000] "POST /api/v1/notes/create HTTP/1.1" 201 299 "-" "PostmanRuntime/7.30.0"

info: ::1 - - [24/Dec/2022:03:51:40 +0000] "POST /api/v1/users/register HTTP/1.1" 201 267 "-" "PostmanRuntime/7.30.0"

info: ::1 - - [24/Dec/2022:03:52:06 +0000] "POST /api/v1/users/register HTTP/1.1" 500 70 "-" "PostmanRuntime/7.30.0"

info: ::1 - - [24/Dec/2022:03:52:25 +0000] "POST /api/v1/users/register HTTP/1.1" 500 70 "-" "PostmanRuntime/7.30.0"

info: ::1 - - [24/Dec/2022:03:52:34 +0000] "POST /api/v1/users/register HTTP/1.1" 201 320 "-" "PostmanRuntime/7.30.0"

info: ::1 - - [24/Dec/2022:03:53:46 +0000] "POST /api/v1/users/register HTTP/1.1" 500 72 "-" "PostmanRuntime/7.30.0"

info: ::1 - - [24/Dec/2022:03:55:58 +0000] "POST /api/v1/users/register HTTP/1.1" 500 70 "-" "PostmanRuntime/7.30.0"

info: ::1 - - [24/Dec/2022:03:56:04 +0000] "POST /api/v1/users/register HTTP/1.1" 201 321 "-" "PostmanRuntime/7.30.0"

info: ::1 - - [24/Dec/2022:03:57:45 +0000] "POST /api/v1/users/loginuser HTTP/1.1" 500 71 "-" "PostmanRuntime/7.30.0"

info: ::1 - - [24/Dec/2022:04:05:07 +0000] "POST /api/v1/users/loginuser HTTP/1.1" 200 245 "-" "PostmanRuntime/7.30.0"

info: ::1 - - [24/Dec/2022:04:06:10 +0000] "POST /api/v1/users/loginuser HTTP/1.1" 200 245 "-" "PostmanRuntime/7.30.0"

info: ::1 - - [24/Dec/2022:04:07:20 +0000] "POST /api/v1/users/loginuser HTTP/1.1" 200 245 "-" "PostmanRuntime/7.30.0"

info: ::1 - - [24/Dec/2022:04:11:33 +0000] "POST /api/v1/notes/create HTTP/1.1" 201 300 "-" "PostmanRuntime/7.30.0"

info: ::1 - - [24/Dec/2022:04:12:36 +0000] "POST /api/v1/notes/create HTTP/1.1" 201 300 "-" "PostmanRuntime/7.30.0"

info: ::1 - - [24/Dec/2022:04:14:57 +0000] "GET /api/v1/notes HTTP/1.1" 500 77 "-" "PostmanRuntime/7.30.0"

info: ::1 - - [24/Dec/2022:04:16:26 +0000] "GET /api/v1/notes/getnotes HTTP/1.1" 500 130 "-" "PostmanRuntime/7.30.0"

info: ::1 - - [24/Dec/2022:04:16:34 +0000] "GET /api/v1/notes/getallnotes HTTP/1.1" 500 133 "-" "PostmanRuntime/7.30.0"

info: ::1 - - [24/Dec/2022:04:16:47 +0000] "GET /api/v1/notes/gettalk HTTP/1.1" 500 129 "-" "PostmanRuntime/7.30.0"

info: ::1 - - [24/Dec/2022:04:17:38 +0000] "GET /api/v1/notes/getnotes HTTP/1.1" 500 130 "-" "PostmanRuntime/7.30.0"

info: ::1 - - [24/Dec/2022:04:17:45 +0000] "GET /api/v1/notes/getallnotes HTTP/1.1" 500 133 "-" "PostmanRuntime/7.30.0"

info: ::1 - - [24/Dec/2022:04:18:34 +0000] "GET /api/v1/notes/getAllnotes HTTP/1.1" 500 133 "-" "PostmanRuntime/7.30.0"

info: ::1 - - [24/Dec/2022:04:18:51 +0000] "POST /api/v1/notes/create HTTP/1.1" 201 300 "-" "PostmanRuntime/7.30.0"

info: ::1 - - [24/Dec/2022:07:23:09 +0000] "GET /api/v1/ HTTP/1.1" 304 - "-" "Mozilla/5.0 (Windows NT 10.0; Win64; x64) AppleWebKit/537.36 (KHTML, like Gecko) Chrome/108.0.0.0 Safari/537.36 Edg/108.0.1462.54"

info: ::1 - - [24/Dec/2022:07:23:09 +0000] "GET /favicon.ico HTTP/1.1" 404 47 "-" "Mozilla/5.0 (Windows NT 10.0; Win64; x64) AppleWebKit/537.36 (KHTML, like Gecko) Chrome/108.0.0.0 Safari/537.36 Edg/108.0.1462.54"

info: ::1 - - [24/Dec/2022:07:23:31 +0000] "GET /api/v1/users HTTP/1.1" 200 1261 "-" "Mozilla/5.0 (Windows NT 10.0; Win64; x64) AppleWebKit/537.36 (KHTML, like Gecko) Chrome/108.0.0.0 Safari/537.36 Edg/108.0.1462.54"

