info: Server started at http://localhost:2000/api/v1/ {"timestamp":"2022-12-29T02:34:20.201Z"}
error: 
    status - 500 
    message - ValidationError: "lastName" length must be at least 2 characters long 
    url - /api/v1/users/register 
    method - POST 
    IP - ::ffff:127.0.0.1
   {"timestamp":"2022-12-29T02:34:25.249Z"}
error: 
    status - 500 
    message - MongooseError: Operation `users.findOne()` buffering timed out after 10000ms
    at Timeout.<anonymous> (C:\Users\Sahana\Desktop\Fundoonote\Fundoonote\fundooNotes\node_modules\mongoose\lib\drivers\node-mongodb-native\collection.js:198:23)
    at listOnTimeout (node:internal/timers:564:17)
    at processTimers (node:internal/timers:507:7) 
    url - /api/v1/users/register 
    method - POST 
    IP - ::ffff:127.0.0.1
   {"timestamp":"2022-12-29T02:34:30.303Z"}
info: Server started at http://localhost:2000/api/v1/ {"timestamp":"2022-12-29T02:45:08.652Z"}
error: 
    status - 500 
    message - ValidationError: "lastName" length must be at least 2 characters long 
    url - /api/v1/users/register 
    method - POST 
    IP - ::ffff:127.0.0.1
   {"timestamp":"2022-12-29T02:45:13.693Z"}
error: 
    status - 500 
    message - MongooseError: Operation `users.findOne()` buffering timed out after 10000ms
    at Timeout.<anonymous> (C:\Users\Sahana\Desktop\Fundoonote\Fundoonote\fundooNotes\node_modules\mongoose\lib\drivers\node-mongodb-native\collection.js:198:23)
    at listOnTimeout (node:internal/timers:564:17)
    at processTimers (node:internal/timers:507:7) 
    url - /api/v1/users/register 
    method - POST 
    IP - ::ffff:127.0.0.1
   {"timestamp":"2022-12-29T02:45:18.759Z"}
info: Server started at http://localhost:2000/api/v1/ {"timestamp":"2022-12-29T02:47:26.490Z"}
error: 
    status - 500 
    message - ValidationError: "lastName" length must be at least 2 characters long 
    url - /api/v1/users/register 
    method - POST 
    IP - ::ffff:127.0.0.1
   {"timestamp":"2022-12-29T02:47:31.595Z"}
error: 
    status - 500 
    message - MongooseError: Operation `users.findOne()` buffering timed out after 10000ms
    at Timeout.<anonymous> (C:\Users\Sahana\Desktop\Fundoonote\Fundoonote\fundooNotes\node_modules\mongoose\lib\drivers\node-mongodb-native\collection.js:198:23)
    at listOnTimeout (node:internal/timers:564:17)
    at processTimers (node:internal/timers:507:7) 
    url - /api/v1/users/register 
    method - POST 
    IP - ::ffff:127.0.0.1
   {"timestamp":"2022-12-29T02:47:36.590Z"}
info: Server started at http://localhost:2000/api/v1/ {"timestamp":"2022-12-29T02:53:42.372Z"}
error: 
    status - 500 
    message - ValidationError: "lastName" length must be at least 2 characters long 
    url - /api/v1/users/register 
    method - POST 
    IP - ::ffff:127.0.0.1
   {"timestamp":"2022-12-29T02:53:47.434Z"}
error: 
    status - 500 
    message - MongooseError: Operation `users.findOne()` buffering timed out after 10000ms
    at Timeout.<anonymous> (C:\Users\Sahana\Desktop\Fundoonote\Fundoonote\fundooNotes\node_modules\mongoose\lib\drivers\node-mongodb-native\collection.js:198:23)
    at listOnTimeout (node:internal/timers:564:17)
    at processTimers (node:internal/timers:507:7) 
    url - /api/v1/users/register 
    method - POST 
    IP - ::ffff:127.0.0.1
   {"timestamp":"2022-12-29T02:53:52.477Z"}
info: Server started at http://localhost:2000/api/v1/ {"timestamp":"2022-12-29T02:55:25.812Z"}
error: 
    status - 500 
    message - ValidationError: "lastName" length must be at least 2 characters long 
    url - /api/v1/users/register 
    method - POST 
    IP - ::ffff:127.0.0.1
   {"timestamp":"2022-12-29T02:55:35.861Z"}
error: 
    status - 500 
    message - MongooseError: Operation `users.findOne()` buffering timed out after 10000ms
    at Timeout.<anonymous> (C:\Users\Sahana\Desktop\Fundoonote\Fundoonote\fundooNotes\node_modules\mongoose\lib\drivers\node-mongodb-native\collection.js:198:23)
    at listOnTimeout (node:internal/timers:564:17)
    at processTimers (node:internal/timers:507:7) 
    url - /api/v1/users/register 
    method - POST 
    IP - ::ffff:127.0.0.1
   {"timestamp":"2022-12-29T02:55:35.904Z"}
info: Server started at http://localhost:2000/api/v1/ {"timestamp":"2022-12-29T02:57:25.420Z"}
error: 
    status - 500 
    message - ValidationError: "lastName" length must be at least 2 characters long 
    url - /api/v1/users/register 
    method - POST 
    IP - ::ffff:127.0.0.1
   {"timestamp":"2022-12-29T02:57:35.473Z"}
error: 
    status - 500 
    message - MongooseError: Operation `users.findOne()` buffering timed out after 10000ms
    at Timeout.<anonymous> (C:\Users\Sahana\Desktop\Fundoonote\Fundoonote\fundooNotes\node_modules\mongoose\lib\drivers\node-mongodb-native\collection.js:198:23)
    at listOnTimeout (node:internal/timers:564:17)
    at processTimers (node:internal/timers:507:7) 
    url - /api/v1/users/register 
    method - POST 
    IP - ::ffff:127.0.0.1
   {"timestamp":"2022-12-29T02:57:35.554Z"}
info: Server started at http://localhost:2000/api/v1/ {"timestamp":"2022-12-29T03:01:20.747Z"}
error: 
    status - 500 
    message - ValidationError: "lastName" length must be at least 2 characters long 
    url - /api/v1/users/register 
    method - POST 
    IP - ::ffff:127.0.0.1
   {"timestamp":"2022-12-29T03:01:20.874Z"}
error: 
    status - 500 
    message - MongooseError: Operation `users.findOne()` buffering timed out after 10000ms
    at Timeout.<anonymous> (C:\Users\Sahana\Desktop\Fundoonote\Fundoonote\fundooNotes\node_modules\mongoose\lib\drivers\node-mongodb-native\collection.js:198:23)
    at listOnTimeout (node:internal/timers:564:17)
    at processTimers (node:internal/timers:507:7) 
    url - /api/v1/users/register 
    method - POST 
    IP - ::ffff:127.0.0.1
   {"timestamp":"2022-12-29T03:01:30.870Z"}
error: 
    status - 500 
    message - MongooseError: Operation `users.findOne()` buffering timed out after 10000ms
    at Timeout.<anonymous> (C:\Users\Sahana\Desktop\Fundoonote\Fundoonote\fundooNotes\node_modules\mongoose\lib\drivers\node-mongodb-native\collection.js:198:23)
    at listOnTimeout (node:internal/timers:564:17)
    at processTimers (node:internal/timers:507:7) 
    url - /api/v1/users/loginuser 
    method - POST 
    IP - ::ffff:127.0.0.1
   {"timestamp":"2022-12-29T03:01:31.024Z"}
error: 
    status - 500 
    message - MongooseError: Operation `users.findOne()` buffering timed out after 10000ms
    at Timeout.<anonymous> (C:\Users\Sahana\Desktop\Fundoonote\Fundoonote\fundooNotes\node_modules\mongoose\lib\drivers\node-mongodb-native\collection.js:198:23)
    at listOnTimeout (node:internal/timers:564:17)
    at processTimers (node:internal/timers:507:7) 
    url - /api/v1/users/loginuser 
    method - POST 
    IP - ::ffff:127.0.0.1
   {"timestamp":"2022-12-29T03:01:31.031Z"}
info: Server started at http://localhost:2000/api/v1/ {"timestamp":"2022-12-29T03:02:55.986Z"}
error: 
    status - 500 
    message - ValidationError: "lastName" length must be at least 2 characters long 
    url - /api/v1/users/register 
    method - POST 
    IP - ::ffff:127.0.0.1
   {"timestamp":"2022-12-29T03:02:56.109Z"}
info: Server started at http://localhost:2000/api/v1/ {"timestamp":"2022-12-29T08:54:28.663Z"}
error: 
    status - 500 
    message - ValidationError: "lastName" length must be at least 2 characters long 
    url - /api/v1/users/register 
    method - POST 
    IP - ::ffff:127.0.0.1
   {"timestamp":"2022-12-29T08:54:28.843Z"}
info: Server started at http://localhost:2000/api/v1/ {"timestamp":"2022-12-29T10:17:03.552Z"}
error: 
    status - 500 
    message - ValidationError: "lastName" length must be at least 2 characters long 
    url - /api/v1/users/register 
    method - POST 
    IP - ::ffff:127.0.0.1
   {"timestamp":"2022-12-29T10:17:03.740Z"}
info: Server started at http://localhost:2000/api/v1/ {"timestamp":"2022-12-29T10:19:55.608Z"}
error: 
    status - 500 
    message - ValidationError: "lastName" length must be at least 2 characters long 
    url - /api/v1/users/register 
    method - POST 
    IP - ::ffff:127.0.0.1
   {"timestamp":"2022-12-29T10:19:55.726Z"}
info: Server started at http://localhost:2000/api/v1/ {"timestamp":"2022-12-29T11:54:01.717Z"}
info: Connected to the database. {"timestamp":"2022-12-29T11:54:01.770Z"}
info: Server started at http://localhost:2000/api/v1/ {"timestamp":"2022-12-29T12:44:03.493Z"}
info: Connected to the database. {"timestamp":"2022-12-29T12:44:03.540Z"}
info: Server started at http://localhost:2000/api/v1/ {"timestamp":"2022-12-29T12:44:23.791Z"}
error: 
    status - 500 
    message - ValidationError: "lastName" length must be at least 2 characters long 
    url - /api/v1/users/register 
    method - POST 
    IP - ::ffff:127.0.0.1
   {"timestamp":"2022-12-29T12:44:23.892Z"}
info: Server started at http://localhost:2000/api/v1/ {"timestamp":"2022-12-29T12:57:12.650Z"}
info: Connected to the database. {"timestamp":"2022-12-29T12:57:12.676Z"}
info: Server started at http://localhost:2000/api/v1/ {"timestamp":"2022-12-29T14:43:51.815Z"}
info: Connected to the database. {"timestamp":"2022-12-29T14:43:51.870Z"}
info: Server started at http://localhost:2000/api/v1/ {"timestamp":"2022-12-29T14:44:20.256Z"}
info: Connected to the database. {"timestamp":"2022-12-29T14:44:20.315Z"}
info: Server started at http://localhost:2000/api/v1/ {"timestamp":"2022-12-29T14:51:05.085Z"}
info: Connected to the database. {"timestamp":"2022-12-29T14:51:05.120Z"}
info: Server started at http://localhost:2000/api/v1/ {"timestamp":"2022-12-29T15:04:36.206Z"}
error: 
    status - 500 
    message - ValidationError: "lastName" length must be at least 2 characters long 
    url - /api/v1/users/register 
    method - POST 
    IP - ::ffff:127.0.0.1
   {"timestamp":"2022-12-29T15:04:36.350Z"}
info: Server started at http://localhost:2000/api/v1/ {"timestamp":"2022-12-29T15:37:54.202Z"}
info: Connected to the database. {"timestamp":"2022-12-29T15:37:54.228Z"}
info: Server started at http://localhost:2000/api/v1/ {"timestamp":"2022-12-29T15:38:48.734Z"}
info: Connected to the database. {"timestamp":"2022-12-29T15:38:48.758Z"}
info: Server started at http://localhost:2000/api/v1/ {"timestamp":"2022-12-29T16:08:35.376Z"}
info: Connected to the database. {"timestamp":"2022-12-29T16:08:35.420Z"}
info: Server started at http://localhost:2000/api/v1/ {"timestamp":"2022-12-29T16:34:31.552Z"}
info: Connected to the database. {"timestamp":"2022-12-29T16:34:31.595Z"}
info: Server started at http://localhost:2000/api/v1/ {"timestamp":"2022-12-29T16:36:18.757Z"}
info: Connected to the database. {"timestamp":"2022-12-29T16:36:18.818Z"}
info: Server started at http://localhost:2000/api/v1/ {"timestamp":"2022-12-29T16:37:13.231Z"}
info: Connected to the database. {"timestamp":"2022-12-29T16:37:13.253Z"}
info: Server started at http://localhost:2000/api/v1/ {"timestamp":"2022-12-29T16:37:27.141Z"}
error: 
    status - 500 
    message - TypeError: UserService.newUser is not a function
    at _callee3$ (C:\Users\Sahana\Desktop\Fundoonote\Fundoonote\fundooNotes\src\controllers\/user.controller.js:50:36)
    at tryCatch (C:\Users\Sahana\Desktop\Fundoonote\Fundoonote\fundooNotes\node_modules\@babel\runtime\helpers\regeneratorRuntime.js:44:17)
    at Generator.<anonymous> (C:\Users\Sahana\Desktop\Fundoonote\Fundoonote\fundooNotes\node_modules\@babel\runtime\helpers\regeneratorRuntime.js:125:22)
    at Generator.next (C:\Users\Sahana\Desktop\Fundoonote\Fundoonote\fundooNotes\node_modules\@babel\runtime\helpers\regeneratorRuntime.js:69:21)
    at asyncGeneratorStep (C:\Users\Sahana\Desktop\Fundoonote\Fundoonote\fundooNotes\node_modules\@babel\runtime\helpers\asyncToGenerator.js:3:24)
    at _next (C:\Users\Sahana\Desktop\Fundoonote\Fundoonote\fundooNotes\node_modules\@babel\runtime\helpers\asyncToGenerator.js:22:9)
    at C:\Users\Sahana\Desktop\Fundoonote\Fundoonote\fundooNotes\node_modules\@babel\runtime\helpers\asyncToGenerator.js:27:7
    at new Promise (<anonymous>)
    at C:\Users\Sahana\Desktop\Fundoonote\Fundoonote\fundooNotes\node_modules\@babel\runtime\helpers\asyncToGenerator.js:19:12
    at newUser (C:\Users\Sahana\Desktop\Fundoonote\Fundoonote\fundooNotes\src\controllers\/user.controller.js:48:21)
    at Layer.handle [as handle_request] (C:\Users\Sahana\Desktop\Fundoonote\Fundoonote\fundooNotes\node_modules\express\lib\router\layer.js:95:5)
    at next (C:\Users\Sahana\Desktop\Fundoonote\Fundoonote\fundooNotes\node_modules\express\lib\router\route.js:144:13)
    at newUserValidator (C:\Users\Sahana\Desktop\Fundoonote\Fundoonote\fundooNotes\src\validators\/user.validator.js:15:5)
    at Layer.handle [as handle_request] (C:\Users\Sahana\Desktop\Fundoonote\Fundoonote\fundooNotes\node_modules\express\lib\router\layer.js:95:5)
    at next (C:\Users\Sahana\Desktop\Fundoonote\Fundoonote\fundooNotes\node_modules\express\lib\router\route.js:144:13)
    at Route.dispatch (C:\Users\Sahana\Desktop\Fundoonote\Fundoonote\fundooNotes\node_modules\express\lib\router\route.js:114:3)
    at Layer.handle [as handle_request] (C:\Users\Sahana\Desktop\Fundoonote\Fundoonote\fundooNotes\node_modules\express\lib\router\layer.js:95:5)
    at C:\Users\Sahana\Desktop\Fundoonote\Fundoonote\fundooNotes\node_modules\express\lib\router\index.js:284:15
    at Function.process_params (C:\Users\Sahana\Desktop\Fundoonote\Fundoonote\fundooNotes\node_modules\express\lib\router\index.js:346:12)
    at next (C:\Users\Sahana\Desktop\Fundoonote\Fundoonote\fundooNotes\node_modules\express\lib\router\index.js:280:10)
    at Function.handle (C:\Users\Sahana\Desktop\Fundoonote\Fundoonote\fundooNotes\node_modules\express\lib\router\index.js:175:3)
    at router (C:\Users\Sahana\Desktop\Fundoonote\Fundoonote\fundooNotes\node_modules\express\lib\router\index.js:47:12)
    at Layer.handle [as handle_request] (C:\Users\Sahana\Desktop\Fundoonote\Fundoonote\fundooNotes\node_modules\express\lib\router\layer.js:95:5)
    at trim_prefix (C:\Users\Sahana\Desktop\Fundoonote\Fundoonote\fundooNotes\node_modules\express\lib\router\index.js:328:13)
    at C:\Users\Sahana\Desktop\Fundoonote\Fundoonote\fundooNotes\node_modules\express\lib\router\index.js:286:9
    at Function.process_params (C:\Users\Sahana\Desktop\Fundoonote\Fundoonote\fundooNotes\node_modules\express\lib\router\index.js:346:12)
    at next (C:\Users\Sahana\Desktop\Fundoonote\Fundoonote\fundooNotes\node_modules\express\lib\router\index.js:280:10)
    at Function.handle (C:\Users\Sahana\Desktop\Fundoonote\Fundoonote\fundooNotes\node_modules\express\lib\router\index.js:175:3)
    at router (C:\Users\Sahana\Desktop\Fundoonote\Fundoonote\fundooNotes\node_modules\express\lib\router\index.js:47:12)
    at Layer.handle [as handle_request] (C:\Users\Sahana\Desktop\Fundoonote\Fundoonote\fundooNotes\node_modules\express\lib\router\layer.js:95:5)
    at trim_prefix (C:\Users\Sahana\Desktop\Fundoonote\Fundoonote\fundooNotes\node_modules\express\lib\router\index.js:328:13)
    at C:\Users\Sahana\Desktop\Fundoonote\Fundoonote\fundooNotes\node_modules\express\lib\router\index.js:286:9
    at Function.process_params (C:\Users\Sahana\Desktop\Fundoonote\Fundoonote\fundooNotes\node_modules\express\lib\router\index.js:346:12)
    at next (C:\Users\Sahana\Desktop\Fundoonote\Fundoonote\fundooNotes\node_modules\express\lib\router\index.js:280:10)
    at logger (C:\Users\Sahana\Desktop\Fundoonote\Fundoonote\fundooNotes\node_modules\morgan\index.js:144:5)
    at Layer.handle [as handle_request] (C:\Users\Sahana\Desktop\Fundoonote\Fundoonote\fundooNotes\node_modules\express\lib\router\layer.js:95:5)
    at trim_prefix (C:\Users\Sahana\Desktop\Fundoonote\Fundoonote\fundooNotes\node_modules\express\lib\router\index.js:328:13)
    at C:\Users\Sahana\Desktop\Fundoonote\Fundoonote\fundooNotes\node_modules\express\lib\router\index.js:286:9
    at Function.process_params (C:\Users\Sahana\Desktop\Fundoonote\Fundoonote\fundooNotes\node_modules\express\lib\router\index.js:346:12)
    at next (C:\Users\Sahana\Desktop\Fundoonote\Fundoonote\fundooNotes\node_modules\express\lib\router\index.js:280:10)
    at C:\Users\Sahana\Desktop\Fundoonote\Fundoonote\fundooNotes\node_modules\body-parser\lib\read.js:137:5
    at AsyncResource.runInAsyncScope (node:async_hooks:203:9)
    at invokeCallback (C:\Users\Sahana\Desktop\Fundoonote\Fundoonote\fundooNotes\node_modules\raw-body\index.js:231:16)
    at done (C:\Users\Sahana\Desktop\Fundoonote\Fundoonote\fundooNotes\node_modules\raw-body\index.js:220:7)
    at IncomingMessage.onEnd (C:\Users\Sahana\Desktop\Fundoonote\Fundoonote\fundooNotes\node_modules\raw-body\index.js:280:7)
    at IncomingMessage.emit (node:events:513:28)
    at endReadableNT (node:internal/streams/readable:1359:12)
    at processTicksAndRejections (node:internal/process/task_queues:82:21) 
    url - /api/v1/users/register 
    method - POST 
    IP - ::ffff:127.0.0.1
   {"timestamp":"2022-12-29T16:37:27.226Z"}
info: Server started at http://localhost:2000/api/v1/ {"timestamp":"2022-12-29T16:41:19.118Z"}
error: 
    status - 500 
    message - TypeError: UserService.newUser is not a function
    at _callee3$ (C:\Users\Sahana\Desktop\Fundoonote\Fundoonote\fundooNotes\src\controllers\/user.controller.js:50:36)
    at tryCatch (C:\Users\Sahana\Desktop\Fundoonote\Fundoonote\fundooNotes\node_modules\@babel\runtime\helpers\regeneratorRuntime.js:44:17)
    at Generator.<anonymous> (C:\Users\Sahana\Desktop\Fundoonote\Fundoonote\fundooNotes\node_modules\@babel\runtime\helpers\regeneratorRuntime.js:125:22)
    at Generator.next (C:\Users\Sahana\Desktop\Fundoonote\Fundoonote\fundooNotes\node_modules\@babel\runtime\helpers\regeneratorRuntime.js:69:21)
    at asyncGeneratorStep (C:\Users\Sahana\Desktop\Fundoonote\Fundoonote\fundooNotes\node_modules\@babel\runtime\helpers\asyncToGenerator.js:3:24)
    at _next (C:\Users\Sahana\Desktop\Fundoonote\Fundoonote\fundooNotes\node_modules\@babel\runtime\helpers\asyncToGenerator.js:22:9)
    at C:\Users\Sahana\Desktop\Fundoonote\Fundoonote\fundooNotes\node_modules\@babel\runtime\helpers\asyncToGenerator.js:27:7
    at new Promise (<anonymous>)
    at C:\Users\Sahana\Desktop\Fundoonote\Fundoonote\fundooNotes\node_modules\@babel\runtime\helpers\asyncToGenerator.js:19:12
    at newUser (C:\Users\Sahana\Desktop\Fundoonote\Fundoonote\fundooNotes\src\controllers\/user.controller.js:48:21)
    at Layer.handle [as handle_request] (C:\Users\Sahana\Desktop\Fundoonote\Fundoonote\fundooNotes\node_modules\express\lib\router\layer.js:95:5)
    at next (C:\Users\Sahana\Desktop\Fundoonote\Fundoonote\fundooNotes\node_modules\express\lib\router\route.js:144:13)
    at newUserValidator (C:\Users\Sahana\Desktop\Fundoonote\Fundoonote\fundooNotes\src\validators\/user.validator.js:15:5)
    at Layer.handle [as handle_request] (C:\Users\Sahana\Desktop\Fundoonote\Fundoonote\fundooNotes\node_modules\express\lib\router\layer.js:95:5)
    at next (C:\Users\Sahana\Desktop\Fundoonote\Fundoonote\fundooNotes\node_modules\express\lib\router\route.js:144:13)
    at Route.dispatch (C:\Users\Sahana\Desktop\Fundoonote\Fundoonote\fundooNotes\node_modules\express\lib\router\route.js:114:3)
    at Layer.handle [as handle_request] (C:\Users\Sahana\Desktop\Fundoonote\Fundoonote\fundooNotes\node_modules\express\lib\router\layer.js:95:5)
    at C:\Users\Sahana\Desktop\Fundoonote\Fundoonote\fundooNotes\node_modules\express\lib\router\index.js:284:15
    at Function.process_params (C:\Users\Sahana\Desktop\Fundoonote\Fundoonote\fundooNotes\node_modules\express\lib\router\index.js:346:12)
    at next (C:\Users\Sahana\Desktop\Fundoonote\Fundoonote\fundooNotes\node_modules\express\lib\router\index.js:280:10)
    at Function.handle (C:\Users\Sahana\Desktop\Fundoonote\Fundoonote\fundooNotes\node_modules\express\lib\router\index.js:175:3)
    at router (C:\Users\Sahana\Desktop\Fundoonote\Fundoonote\fundooNotes\node_modules\express\lib\router\index.js:47:12)
    at Layer.handle [as handle_request] (C:\Users\Sahana\Desktop\Fundoonote\Fundoonote\fundooNotes\node_modules\express\lib\router\layer.js:95:5)
    at trim_prefix (C:\Users\Sahana\Desktop\Fundoonote\Fundoonote\fundooNotes\node_modules\express\lib\router\index.js:328:13)
    at C:\Users\Sahana\Desktop\Fundoonote\Fundoonote\fundooNotes\node_modules\express\lib\router\index.js:286:9
    at Function.process_params (C:\Users\Sahana\Desktop\Fundoonote\Fundoonote\fundooNotes\node_modules\express\lib\router\index.js:346:12)
    at next (C:\Users\Sahana\Desktop\Fundoonote\Fundoonote\fundooNotes\node_modules\express\lib\router\index.js:280:10)
    at Function.handle (C:\Users\Sahana\Desktop\Fundoonote\Fundoonote\fundooNotes\node_modules\express\lib\router\index.js:175:3)
    at router (C:\Users\Sahana\Desktop\Fundoonote\Fundoonote\fundooNotes\node_modules\express\lib\router\index.js:47:12)
    at Layer.handle [as handle_request] (C:\Users\Sahana\Desktop\Fundoonote\Fundoonote\fundooNotes\node_modules\express\lib\router\layer.js:95:5)
    at trim_prefix (C:\Users\Sahana\Desktop\Fundoonote\Fundoonote\fundooNotes\node_modules\express\lib\router\index.js:328:13)
    at C:\Users\Sahana\Desktop\Fundoonote\Fundoonote\fundooNotes\node_modules\express\lib\router\index.js:286:9
    at Function.process_params (C:\Users\Sahana\Desktop\Fundoonote\Fundoonote\fundooNotes\node_modules\express\lib\router\index.js:346:12)
    at next (C:\Users\Sahana\Desktop\Fundoonote\Fundoonote\fundooNotes\node_modules\express\lib\router\index.js:280:10)
    at logger (C:\Users\Sahana\Desktop\Fundoonote\Fundoonote\fundooNotes\node_modules\morgan\index.js:144:5)
    at Layer.handle [as handle_request] (C:\Users\Sahana\Desktop\Fundoonote\Fundoonote\fundooNotes\node_modules\express\lib\router\layer.js:95:5)
    at trim_prefix (C:\Users\Sahana\Desktop\Fundoonote\Fundoonote\fundooNotes\node_modules\express\lib\router\index.js:328:13)
    at C:\Users\Sahana\Desktop\Fundoonote\Fundoonote\fundooNotes\node_modules\express\lib\router\index.js:286:9
    at Function.process_params (C:\Users\Sahana\Desktop\Fundoonote\Fundoonote\fundooNotes\node_modules\express\lib\router\index.js:346:12)
    at next (C:\Users\Sahana\Desktop\Fundoonote\Fundoonote\fundooNotes\node_modules\express\lib\router\index.js:280:10)
    at C:\Users\Sahana\Desktop\Fundoonote\Fundoonote\fundooNotes\node_modules\body-parser\lib\read.js:137:5
    at AsyncResource.runInAsyncScope (node:async_hooks:203:9)
    at invokeCallback (C:\Users\Sahana\Desktop\Fundoonote\Fundoonote\fundooNotes\node_modules\raw-body\index.js:231:16)
    at done (C:\Users\Sahana\Desktop\Fundoonote\Fundoonote\fundooNotes\node_modules\raw-body\index.js:220:7)
    at IncomingMessage.onEnd (C:\Users\Sahana\Desktop\Fundoonote\Fundoonote\fundooNotes\node_modules\raw-body\index.js:280:7)
    at IncomingMessage.emit (node:events:513:28)
    at endReadableNT (node:internal/streams/readable:1359:12)
    at processTicksAndRejections (node:internal/process/task_queues:82:21) 
    url - /api/v1/users/register 
    method - POST 
    IP - ::ffff:127.0.0.1
   {"timestamp":"2022-12-29T16:41:19.195Z"}
info: Server started at http://localhost:2000/api/v1/ {"timestamp":"2022-12-29T16:43:40.660Z"}
error: 
    status - 500 
    message - TypeError: UserService.newUser is not a function
    at _callee3$ (C:\Users\Sahana\Desktop\Fundoonote\Fundoonote\fundooNotes\src\controllers\/user.controller.js:50:36)
    at tryCatch (C:\Users\Sahana\Desktop\Fundoonote\Fundoonote\fundooNotes\node_modules\@babel\runtime\helpers\regeneratorRuntime.js:44:17)
    at Generator.<anonymous> (C:\Users\Sahana\Desktop\Fundoonote\Fundoonote\fundooNotes\node_modules\@babel\runtime\helpers\regeneratorRuntime.js:125:22)
    at Generator.next (C:\Users\Sahana\Desktop\Fundoonote\Fundoonote\fundooNotes\node_modules\@babel\runtime\helpers\regeneratorRuntime.js:69:21)
    at asyncGeneratorStep (C:\Users\Sahana\Desktop\Fundoonote\Fundoonote\fundooNotes\node_modules\@babel\runtime\helpers\asyncToGenerator.js:3:24)
    at _next (C:\Users\Sahana\Desktop\Fundoonote\Fundoonote\fundooNotes\node_modules\@babel\runtime\helpers\asyncToGenerator.js:22:9)
    at C:\Users\Sahana\Desktop\Fundoonote\Fundoonote\fundooNotes\node_modules\@babel\runtime\helpers\asyncToGenerator.js:27:7
    at new Promise (<anonymous>)
    at C:\Users\Sahana\Desktop\Fundoonote\Fundoonote\fundooNotes\node_modules\@babel\runtime\helpers\asyncToGenerator.js:19:12
    at newUser (C:\Users\Sahana\Desktop\Fundoonote\Fundoonote\fundooNotes\src\controllers\/user.controller.js:48:21)
    at Layer.handle [as handle_request] (C:\Users\Sahana\Desktop\Fundoonote\Fundoonote\fundooNotes\node_modules\express\lib\router\layer.js:95:5)
    at next (C:\Users\Sahana\Desktop\Fundoonote\Fundoonote\fundooNotes\node_modules\express\lib\router\route.js:144:13)
    at newUserValidator (C:\Users\Sahana\Desktop\Fundoonote\Fundoonote\fundooNotes\src\validators\/user.validator.js:15:5)
    at Layer.handle [as handle_request] (C:\Users\Sahana\Desktop\Fundoonote\Fundoonote\fundooNotes\node_modules\express\lib\router\layer.js:95:5)
    at next (C:\Users\Sahana\Desktop\Fundoonote\Fundoonote\fundooNotes\node_modules\express\lib\router\route.js:144:13)
    at Route.dispatch (C:\Users\Sahana\Desktop\Fundoonote\Fundoonote\fundooNotes\node_modules\express\lib\router\route.js:114:3)
    at Layer.handle [as handle_request] (C:\Users\Sahana\Desktop\Fundoonote\Fundoonote\fundooNotes\node_modules\express\lib\router\layer.js:95:5)
    at C:\Users\Sahana\Desktop\Fundoonote\Fundoonote\fundooNotes\node_modules\express\lib\router\index.js:284:15
    at Function.process_params (C:\Users\Sahana\Desktop\Fundoonote\Fundoonote\fundooNotes\node_modules\express\lib\router\index.js:346:12)
    at next (C:\Users\Sahana\Desktop\Fundoonote\Fundoonote\fundooNotes\node_modules\express\lib\router\index.js:280:10)
    at Function.handle (C:\Users\Sahana\Desktop\Fundoonote\Fundoonote\fundooNotes\node_modules\express\lib\router\index.js:175:3)
    at router (C:\Users\Sahana\Desktop\Fundoonote\Fundoonote\fundooNotes\node_modules\express\lib\router\index.js:47:12)
    at Layer.handle [as handle_request] (C:\Users\Sahana\Desktop\Fundoonote\Fundoonote\fundooNotes\node_modules\express\lib\router\layer.js:95:5)
    at trim_prefix (C:\Users\Sahana\Desktop\Fundoonote\Fundoonote\fundooNotes\node_modules\express\lib\router\index.js:328:13)
    at C:\Users\Sahana\Desktop\Fundoonote\Fundoonote\fundooNotes\node_modules\express\lib\router\index.js:286:9
    at Function.process_params (C:\Users\Sahana\Desktop\Fundoonote\Fundoonote\fundooNotes\node_modules\express\lib\router\index.js:346:12)
    at next (C:\Users\Sahana\Desktop\Fundoonote\Fundoonote\fundooNotes\node_modules\express\lib\router\index.js:280:10)
    at Function.handle (C:\Users\Sahana\Desktop\Fundoonote\Fundoonote\fundooNotes\node_modules\express\lib\router\index.js:175:3)
    at router (C:\Users\Sahana\Desktop\Fundoonote\Fundoonote\fundooNotes\node_modules\express\lib\router\index.js:47:12)
    at Layer.handle [as handle_request] (C:\Users\Sahana\Desktop\Fundoonote\Fundoonote\fundooNotes\node_modules\express\lib\router\layer.js:95:5)
    at trim_prefix (C:\Users\Sahana\Desktop\Fundoonote\Fundoonote\fundooNotes\node_modules\express\lib\router\index.js:328:13)
    at C:\Users\Sahana\Desktop\Fundoonote\Fundoonote\fundooNotes\node_modules\express\lib\router\index.js:286:9
    at Function.process_params (C:\Users\Sahana\Desktop\Fundoonote\Fundoonote\fundooNotes\node_modules\express\lib\router\index.js:346:12)
    at next (C:\Users\Sahana\Desktop\Fundoonote\Fundoonote\fundooNotes\node_modules\express\lib\router\index.js:280:10)
    at logger (C:\Users\Sahana\Desktop\Fundoonote\Fundoonote\fundooNotes\node_modules\morgan\index.js:144:5)
    at Layer.handle [as handle_request] (C:\Users\Sahana\Desktop\Fundoonote\Fundoonote\fundooNotes\node_modules\express\lib\router\layer.js:95:5)
    at trim_prefix (C:\Users\Sahana\Desktop\Fundoonote\Fundoonote\fundooNotes\node_modules\express\lib\router\index.js:328:13)
    at C:\Users\Sahana\Desktop\Fundoonote\Fundoonote\fundooNotes\node_modules\express\lib\router\index.js:286:9
    at Function.process_params (C:\Users\Sahana\Desktop\Fundoonote\Fundoonote\fundooNotes\node_modules\express\lib\router\index.js:346:12)
    at next (C:\Users\Sahana\Desktop\Fundoonote\Fundoonote\fundooNotes\node_modules\express\lib\router\index.js:280:10)
    at C:\Users\Sahana\Desktop\Fundoonote\Fundoonote\fundooNotes\node_modules\body-parser\lib\read.js:137:5
    at AsyncResource.runInAsyncScope (node:async_hooks:203:9)
    at invokeCallback (C:\Users\Sahana\Desktop\Fundoonote\Fundoonote\fundooNotes\node_modules\raw-body\index.js:231:16)
    at done (C:\Users\Sahana\Desktop\Fundoonote\Fundoonote\fundooNotes\node_modules\raw-body\index.js:220:7)
    at IncomingMessage.onEnd (C:\Users\Sahana\Desktop\Fundoonote\Fundoonote\fundooNotes\node_modules\raw-body\index.js:280:7)
    at IncomingMessage.emit (node:events:513:28)
    at endReadableNT (node:internal/streams/readable:1359:12)
    at processTicksAndRejections (node:internal/process/task_queues:82:21) 
    url - /api/v1/users/register 
    method - POST 
    IP - ::ffff:127.0.0.1
   {"timestamp":"2022-12-29T16:43:40.738Z"}
info: Server started at http://localhost:2000/api/v1/ {"timestamp":"2022-12-29T17:02:53.934Z"}
error: 
    status - 500 
    message - TypeError: UserService.newUser is not a function
    at _callee3$ (C:\Users\Sahana\Desktop\Fundoonote\Fundoonote\fundooNotes\src\controllers\/user.controller.js:50:36)
    at tryCatch (C:\Users\Sahana\Desktop\Fundoonote\Fundoonote\fundooNotes\node_modules\@babel\runtime\helpers\regeneratorRuntime.js:44:17)
    at Generator.<anonymous> (C:\Users\Sahana\Desktop\Fundoonote\Fundoonote\fundooNotes\node_modules\@babel\runtime\helpers\regeneratorRuntime.js:125:22)
    at Generator.next (C:\Users\Sahana\Desktop\Fundoonote\Fundoonote\fundooNotes\node_modules\@babel\runtime\helpers\regeneratorRuntime.js:69:21)
    at asyncGeneratorStep (C:\Users\Sahana\Desktop\Fundoonote\Fundoonote\fundooNotes\node_modules\@babel\runtime\helpers\asyncToGenerator.js:3:24)
    at _next (C:\Users\Sahana\Desktop\Fundoonote\Fundoonote\fundooNotes\node_modules\@babel\runtime\helpers\asyncToGenerator.js:22:9)
    at C:\Users\Sahana\Desktop\Fundoonote\Fundoonote\fundooNotes\node_modules\@babel\runtime\helpers\asyncToGenerator.js:27:7
    at new Promise (<anonymous>)
    at C:\Users\Sahana\Desktop\Fundoonote\Fundoonote\fundooNotes\node_modules\@babel\runtime\helpers\asyncToGenerator.js:19:12
    at newUser (C:\Users\Sahana\Desktop\Fundoonote\Fundoonote\fundooNotes\src\controllers\/user.controller.js:48:21)
    at Layer.handle [as handle_request] (C:\Users\Sahana\Desktop\Fundoonote\Fundoonote\fundooNotes\node_modules\express\lib\router\layer.js:95:5)
    at next (C:\Users\Sahana\Desktop\Fundoonote\Fundoonote\fundooNotes\node_modules\express\lib\router\route.js:144:13)
    at newUserValidator (C:\Users\Sahana\Desktop\Fundoonote\Fundoonote\fundooNotes\src\validators\/user.validator.js:15:5)
    at Layer.handle [as handle_request] (C:\Users\Sahana\Desktop\Fundoonote\Fundoonote\fundooNotes\node_modules\express\lib\router\layer.js:95:5)
    at next (C:\Users\Sahana\Desktop\Fundoonote\Fundoonote\fundooNotes\node_modules\express\lib\router\route.js:144:13)
    at Route.dispatch (C:\Users\Sahana\Desktop\Fundoonote\Fundoonote\fundooNotes\node_modules\express\lib\router\route.js:114:3)
    at Layer.handle [as handle_request] (C:\Users\Sahana\Desktop\Fundoonote\Fundoonote\fundooNotes\node_modules\express\lib\router\layer.js:95:5)
    at C:\Users\Sahana\Desktop\Fundoonote\Fundoonote\fundooNotes\node_modules\express\lib\router\index.js:284:15
    at Function.process_params (C:\Users\Sahana\Desktop\Fundoonote\Fundoonote\fundooNotes\node_modules\express\lib\router\index.js:346:12)
    at next (C:\Users\Sahana\Desktop\Fundoonote\Fundoonote\fundooNotes\node_modules\express\lib\router\index.js:280:10)
    at Function.handle (C:\Users\Sahana\Desktop\Fundoonote\Fundoonote\fundooNotes\node_modules\express\lib\router\index.js:175:3)
    at router (C:\Users\Sahana\Desktop\Fundoonote\Fundoonote\fundooNotes\node_modules\express\lib\router\index.js:47:12)
    at Layer.handle [as handle_request] (C:\Users\Sahana\Desktop\Fundoonote\Fundoonote\fundooNotes\node_modules\express\lib\router\layer.js:95:5)
    at trim_prefix (C:\Users\Sahana\Desktop\Fundoonote\Fundoonote\fundooNotes\node_modules\express\lib\router\index.js:328:13)
    at C:\Users\Sahana\Desktop\Fundoonote\Fundoonote\fundooNotes\node_modules\express\lib\router\index.js:286:9
    at Function.process_params (C:\Users\Sahana\Desktop\Fundoonote\Fundoonote\fundooNotes\node_modules\express\lib\router\index.js:346:12)
    at next (C:\Users\Sahana\Desktop\Fundoonote\Fundoonote\fundooNotes\node_modules\express\lib\router\index.js:280:10)
    at Function.handle (C:\Users\Sahana\Desktop\Fundoonote\Fundoonote\fundooNotes\node_modules\express\lib\router\index.js:175:3)
    at router (C:\Users\Sahana\Desktop\Fundoonote\Fundoonote\fundooNotes\node_modules\express\lib\router\index.js:47:12)
    at Layer.handle [as handle_request] (C:\Users\Sahana\Desktop\Fundoonote\Fundoonote\fundooNotes\node_modules\express\lib\router\layer.js:95:5)
    at trim_prefix (C:\Users\Sahana\Desktop\Fundoonote\Fundoonote\fundooNotes\node_modules\express\lib\router\index.js:328:13)
    at C:\Users\Sahana\Desktop\Fundoonote\Fundoonote\fundooNotes\node_modules\express\lib\router\index.js:286:9
    at Function.process_params (C:\Users\Sahana\Desktop\Fundoonote\Fundoonote\fundooNotes\node_modules\express\lib\router\index.js:346:12)
    at next (C:\Users\Sahana\Desktop\Fundoonote\Fundoonote\fundooNotes\node_modules\express\lib\router\index.js:280:10)
    at logger (C:\Users\Sahana\Desktop\Fundoonote\Fundoonote\fundooNotes\node_modules\morgan\index.js:144:5)
    at Layer.handle [as handle_request] (C:\Users\Sahana\Desktop\Fundoonote\Fundoonote\fundooNotes\node_modules\express\lib\router\layer.js:95:5)
    at trim_prefix (C:\Users\Sahana\Desktop\Fundoonote\Fundoonote\fundooNotes\node_modules\express\lib\router\index.js:328:13)
    at C:\Users\Sahana\Desktop\Fundoonote\Fundoonote\fundooNotes\node_modules\express\lib\router\index.js:286:9
    at Function.process_params (C:\Users\Sahana\Desktop\Fundoonote\Fundoonote\fundooNotes\node_modules\express\lib\router\index.js:346:12)
    at next (C:\Users\Sahana\Desktop\Fundoonote\Fundoonote\fundooNotes\node_modules\express\lib\router\index.js:280:10)
    at C:\Users\Sahana\Desktop\Fundoonote\Fundoonote\fundooNotes\node_modules\body-parser\lib\read.js:137:5
    at AsyncResource.runInAsyncScope (node:async_hooks:203:9)
    at invokeCallback (C:\Users\Sahana\Desktop\Fundoonote\Fundoonote\fundooNotes\node_modules\raw-body\index.js:231:16)
    at done (C:\Users\Sahana\Desktop\Fundoonote\Fundoonote\fundooNotes\node_modules\raw-body\index.js:220:7)
    at IncomingMessage.onEnd (C:\Users\Sahana\Desktop\Fundoonote\Fundoonote\fundooNotes\node_modules\raw-body\index.js:280:7)
    at IncomingMessage.emit (node:events:513:28)
    at endReadableNT (node:internal/streams/readable:1359:12)
    at processTicksAndRejections (node:internal/process/task_queues:82:21) 
    url - /api/v1/users/register 
    method - POST 
    IP - ::ffff:127.0.0.1
   {"timestamp":"2022-12-29T17:02:54.028Z"}
info: Server started at http://localhost:2000/api/v1/ {"timestamp":"2022-12-29T17:04:08.523Z"}
error: 
    status - 500 
    message - TypeError: UserService.newUser is not a function
    at _callee3$ (C:\Users\Sahana\Desktop\Fundoonote\Fundoonote\fundooNotes\src\controllers\/user.controller.js:50:36)
    at tryCatch (C:\Users\Sahana\Desktop\Fundoonote\Fundoonote\fundooNotes\node_modules\@babel\runtime\helpers\regeneratorRuntime.js:44:17)
    at Generator.<anonymous> (C:\Users\Sahana\Desktop\Fundoonote\Fundoonote\fundooNotes\node_modules\@babel\runtime\helpers\regeneratorRuntime.js:125:22)
    at Generator.next (C:\Users\Sahana\Desktop\Fundoonote\Fundoonote\fundooNotes\node_modules\@babel\runtime\helpers\regeneratorRuntime.js:69:21)
    at asyncGeneratorStep (C:\Users\Sahana\Desktop\Fundoonote\Fundoonote\fundooNotes\node_modules\@babel\runtime\helpers\asyncToGenerator.js:3:24)
    at _next (C:\Users\Sahana\Desktop\Fundoonote\Fundoonote\fundooNotes\node_modules\@babel\runtime\helpers\asyncToGenerator.js:22:9)
    at C:\Users\Sahana\Desktop\Fundoonote\Fundoonote\fundooNotes\node_modules\@babel\runtime\helpers\asyncToGenerator.js:27:7
    at new Promise (<anonymous>)
    at C:\Users\Sahana\Desktop\Fundoonote\Fundoonote\fundooNotes\node_modules\@babel\runtime\helpers\asyncToGenerator.js:19:12
    at newUser (C:\Users\Sahana\Desktop\Fundoonote\Fundoonote\fundooNotes\src\controllers\/user.controller.js:48:21)
    at Layer.handle [as handle_request] (C:\Users\Sahana\Desktop\Fundoonote\Fundoonote\fundooNotes\node_modules\express\lib\router\layer.js:95:5)
    at next (C:\Users\Sahana\Desktop\Fundoonote\Fundoonote\fundooNotes\node_modules\express\lib\router\route.js:144:13)
    at newUserValidator (C:\Users\Sahana\Desktop\Fundoonote\Fundoonote\fundooNotes\src\validators\/user.validator.js:15:5)
    at Layer.handle [as handle_request] (C:\Users\Sahana\Desktop\Fundoonote\Fundoonote\fundooNotes\node_modules\express\lib\router\layer.js:95:5)
    at next (C:\Users\Sahana\Desktop\Fundoonote\Fundoonote\fundooNotes\node_modules\express\lib\router\route.js:144:13)
    at Route.dispatch (C:\Users\Sahana\Desktop\Fundoonote\Fundoonote\fundooNotes\node_modules\express\lib\router\route.js:114:3)
    at Layer.handle [as handle_request] (C:\Users\Sahana\Desktop\Fundoonote\Fundoonote\fundooNotes\node_modules\express\lib\router\layer.js:95:5)
    at C:\Users\Sahana\Desktop\Fundoonote\Fundoonote\fundooNotes\node_modules\express\lib\router\index.js:284:15
    at Function.process_params (C:\Users\Sahana\Desktop\Fundoonote\Fundoonote\fundooNotes\node_modules\express\lib\router\index.js:346:12)
    at next (C:\Users\Sahana\Desktop\Fundoonote\Fundoonote\fundooNotes\node_modules\express\lib\router\index.js:280:10)
    at Function.handle (C:\Users\Sahana\Desktop\Fundoonote\Fundoonote\fundooNotes\node_modules\express\lib\router\index.js:175:3)
    at router (C:\Users\Sahana\Desktop\Fundoonote\Fundoonote\fundooNotes\node_modules\express\lib\router\index.js:47:12)
    at Layer.handle [as handle_request] (C:\Users\Sahana\Desktop\Fundoonote\Fundoonote\fundooNotes\node_modules\express\lib\router\layer.js:95:5)
    at trim_prefix (C:\Users\Sahana\Desktop\Fundoonote\Fundoonote\fundooNotes\node_modules\express\lib\router\index.js:328:13)
    at C:\Users\Sahana\Desktop\Fundoonote\Fundoonote\fundooNotes\node_modules\express\lib\router\index.js:286:9
    at Function.process_params (C:\Users\Sahana\Desktop\Fundoonote\Fundoonote\fundooNotes\node_modules\express\lib\router\index.js:346:12)
    at next (C:\Users\Sahana\Desktop\Fundoonote\Fundoonote\fundooNotes\node_modules\express\lib\router\index.js:280:10)
    at Function.handle (C:\Users\Sahana\Desktop\Fundoonote\Fundoonote\fundooNotes\node_modules\express\lib\router\index.js:175:3)
    at router (C:\Users\Sahana\Desktop\Fundoonote\Fundoonote\fundooNotes\node_modules\express\lib\router\index.js:47:12)
    at Layer.handle [as handle_request] (C:\Users\Sahana\Desktop\Fundoonote\Fundoonote\fundooNotes\node_modules\express\lib\router\layer.js:95:5)
    at trim_prefix (C:\Users\Sahana\Desktop\Fundoonote\Fundoonote\fundooNotes\node_modules\express\lib\router\index.js:328:13)
    at C:\Users\Sahana\Desktop\Fundoonote\Fundoonote\fundooNotes\node_modules\express\lib\router\index.js:286:9
    at Function.process_params (C:\Users\Sahana\Desktop\Fundoonote\Fundoonote\fundooNotes\node_modules\express\lib\router\index.js:346:12)
    at next (C:\Users\Sahana\Desktop\Fundoonote\Fundoonote\fundooNotes\node_modules\express\lib\router\index.js:280:10)
    at logger (C:\Users\Sahana\Desktop\Fundoonote\Fundoonote\fundooNotes\node_modules\morgan\index.js:144:5)
    at Layer.handle [as handle_request] (C:\Users\Sahana\Desktop\Fundoonote\Fundoonote\fundooNotes\node_modules\express\lib\router\layer.js:95:5)
    at trim_prefix (C:\Users\Sahana\Desktop\Fundoonote\Fundoonote\fundooNotes\node_modules\express\lib\router\index.js:328:13)
    at C:\Users\Sahana\Desktop\Fundoonote\Fundoonote\fundooNotes\node_modules\express\lib\router\index.js:286:9
    at Function.process_params (C:\Users\Sahana\Desktop\Fundoonote\Fundoonote\fundooNotes\node_modules\express\lib\router\index.js:346:12)
    at next (C:\Users\Sahana\Desktop\Fundoonote\Fundoonote\fundooNotes\node_modules\express\lib\router\index.js:280:10)
    at C:\Users\Sahana\Desktop\Fundoonote\Fundoonote\fundooNotes\node_modules\body-parser\lib\read.js:137:5
    at AsyncResource.runInAsyncScope (node:async_hooks:203:9)
    at invokeCallback (C:\Users\Sahana\Desktop\Fundoonote\Fundoonote\fundooNotes\node_modules\raw-body\index.js:231:16)
    at done (C:\Users\Sahana\Desktop\Fundoonote\Fundoonote\fundooNotes\node_modules\raw-body\index.js:220:7)
    at IncomingMessage.onEnd (C:\Users\Sahana\Desktop\Fundoonote\Fundoonote\fundooNotes\node_modules\raw-body\index.js:280:7)
    at IncomingMessage.emit (node:events:513:28)
    at endReadableNT (node:internal/streams/readable:1359:12)
    at processTicksAndRejections (node:internal/process/task_queues:82:21) 
    url - /api/v1/users/register 
    method - POST 
    IP - ::ffff:127.0.0.1
   {"timestamp":"2022-12-29T17:04:08.605Z"}
info: Server started at http://localhost:2000/api/v1/ {"timestamp":"2022-12-29T17:05:16.975Z"}
error: 
    status - 500 
    message - TypeError: UserService.newUser is not a function
    at _callee3$ (C:\Users\Sahana\Desktop\Fundoonote\Fundoonote\fundooNotes\src\controllers\/user.controller.js:50:36)
    at tryCatch (C:\Users\Sahana\Desktop\Fundoonote\Fundoonote\fundooNotes\node_modules\@babel\runtime\helpers\regeneratorRuntime.js:44:17)
    at Generator.<anonymous> (C:\Users\Sahana\Desktop\Fundoonote\Fundoonote\fundooNotes\node_modules\@babel\runtime\helpers\regeneratorRuntime.js:125:22)
    at Generator.next (C:\Users\Sahana\Desktop\Fundoonote\Fundoonote\fundooNotes\node_modules\@babel\runtime\helpers\regeneratorRuntime.js:69:21)
    at asyncGeneratorStep (C:\Users\Sahana\Desktop\Fundoonote\Fundoonote\fundooNotes\node_modules\@babel\runtime\helpers\asyncToGenerator.js:3:24)
    at _next (C:\Users\Sahana\Desktop\Fundoonote\Fundoonote\fundooNotes\node_modules\@babel\runtime\helpers\asyncToGenerator.js:22:9)
    at C:\Users\Sahana\Desktop\Fundoonote\Fundoonote\fundooNotes\node_modules\@babel\runtime\helpers\asyncToGenerator.js:27:7
    at new Promise (<anonymous>)
    at C:\Users\Sahana\Desktop\Fundoonote\Fundoonote\fundooNotes\node_modules\@babel\runtime\helpers\asyncToGenerator.js:19:12
    at newUser (C:\Users\Sahana\Desktop\Fundoonote\Fundoonote\fundooNotes\src\controllers\/user.controller.js:48:21)
    at Layer.handle [as handle_request] (C:\Users\Sahana\Desktop\Fundoonote\Fundoonote\fundooNotes\node_modules\express\lib\router\layer.js:95:5)
    at next (C:\Users\Sahana\Desktop\Fundoonote\Fundoonote\fundooNotes\node_modules\express\lib\router\route.js:144:13)
    at newUserValidator (C:\Users\Sahana\Desktop\Fundoonote\Fundoonote\fundooNotes\src\validators\/user.validator.js:15:5)
    at Layer.handle [as handle_request] (C:\Users\Sahana\Desktop\Fundoonote\Fundoonote\fundooNotes\node_modules\express\lib\router\layer.js:95:5)
    at next (C:\Users\Sahana\Desktop\Fundoonote\Fundoonote\fundooNotes\node_modules\express\lib\router\route.js:144:13)
    at Route.dispatch (C:\Users\Sahana\Desktop\Fundoonote\Fundoonote\fundooNotes\node_modules\express\lib\router\route.js:114:3)
    at Layer.handle [as handle_request] (C:\Users\Sahana\Desktop\Fundoonote\Fundoonote\fundooNotes\node_modules\express\lib\router\layer.js:95:5)
    at C:\Users\Sahana\Desktop\Fundoonote\Fundoonote\fundooNotes\node_modules\express\lib\router\index.js:284:15
    at Function.process_params (C:\Users\Sahana\Desktop\Fundoonote\Fundoonote\fundooNotes\node_modules\express\lib\router\index.js:346:12)
    at next (C:\Users\Sahana\Desktop\Fundoonote\Fundoonote\fundooNotes\node_modules\express\lib\router\index.js:280:10)
    at Function.handle (C:\Users\Sahana\Desktop\Fundoonote\Fundoonote\fundooNotes\node_modules\express\lib\router\index.js:175:3)
    at router (C:\Users\Sahana\Desktop\Fundoonote\Fundoonote\fundooNotes\node_modules\express\lib\router\index.js:47:12)
    at Layer.handle [as handle_request] (C:\Users\Sahana\Desktop\Fundoonote\Fundoonote\fundooNotes\node_modules\express\lib\router\layer.js:95:5)
    at trim_prefix (C:\Users\Sahana\Desktop\Fundoonote\Fundoonote\fundooNotes\node_modules\express\lib\router\index.js:328:13)
    at C:\Users\Sahana\Desktop\Fundoonote\Fundoonote\fundooNotes\node_modules\express\lib\router\index.js:286:9
    at Function.process_params (C:\Users\Sahana\Desktop\Fundoonote\Fundoonote\fundooNotes\node_modules\express\lib\router\index.js:346:12)
    at next (C:\Users\Sahana\Desktop\Fundoonote\Fundoonote\fundooNotes\node_modules\express\lib\router\index.js:280:10)
    at Function.handle (C:\Users\Sahana\Desktop\Fundoonote\Fundoonote\fundooNotes\node_modules\express\lib\router\index.js:175:3)
    at router (C:\Users\Sahana\Desktop\Fundoonote\Fundoonote\fundooNotes\node_modules\express\lib\router\index.js:47:12)
    at Layer.handle [as handle_request] (C:\Users\Sahana\Desktop\Fundoonote\Fundoonote\fundooNotes\node_modules\express\lib\router\layer.js:95:5)
    at trim_prefix (C:\Users\Sahana\Desktop\Fundoonote\Fundoonote\fundooNotes\node_modules\express\lib\router\index.js:328:13)
    at C:\Users\Sahana\Desktop\Fundoonote\Fundoonote\fundooNotes\node_modules\express\lib\router\index.js:286:9
    at Function.process_params (C:\Users\Sahana\Desktop\Fundoonote\Fundoonote\fundooNotes\node_modules\express\lib\router\index.js:346:12)
    at next (C:\Users\Sahana\Desktop\Fundoonote\Fundoonote\fundooNotes\node_modules\express\lib\router\index.js:280:10)
    at logger (C:\Users\Sahana\Desktop\Fundoonote\Fundoonote\fundooNotes\node_modules\morgan\index.js:144:5)
    at Layer.handle [as handle_request] (C:\Users\Sahana\Desktop\Fundoonote\Fundoonote\fundooNotes\node_modules\express\lib\router\layer.js:95:5)
    at trim_prefix (C:\Users\Sahana\Desktop\Fundoonote\Fundoonote\fundooNotes\node_modules\express\lib\router\index.js:328:13)
    at C:\Users\Sahana\Desktop\Fundoonote\Fundoonote\fundooNotes\node_modules\express\lib\router\index.js:286:9
    at Function.process_params (C:\Users\Sahana\Desktop\Fundoonote\Fundoonote\fundooNotes\node_modules\express\lib\router\index.js:346:12)
    at next (C:\Users\Sahana\Desktop\Fundoonote\Fundoonote\fundooNotes\node_modules\express\lib\router\index.js:280:10)
    at C:\Users\Sahana\Desktop\Fundoonote\Fundoonote\fundooNotes\node_modules\body-parser\lib\read.js:137:5
    at AsyncResource.runInAsyncScope (node:async_hooks:203:9)
    at invokeCallback (C:\Users\Sahana\Desktop\Fundoonote\Fundoonote\fundooNotes\node_modules\raw-body\index.js:231:16)
    at done (C:\Users\Sahana\Desktop\Fundoonote\Fundoonote\fundooNotes\node_modules\raw-body\index.js:220:7)
    at IncomingMessage.onEnd (C:\Users\Sahana\Desktop\Fundoonote\Fundoonote\fundooNotes\node_modules\raw-body\index.js:280:7)
    at IncomingMessage.emit (node:events:513:28)
    at endReadableNT (node:internal/streams/readable:1359:12)
    at processTicksAndRejections (node:internal/process/task_queues:82:21) 
    url - /api/v1/users/register 
    method - POST 
    IP - ::ffff:127.0.0.1
   {"timestamp":"2022-12-29T17:05:17.075Z"}
info: Server started at http://localhost:2000/api/v1/ {"timestamp":"2022-12-29T17:36:09.828Z"}
error: 
    status - 500 
    message - TypeError: UserService.newUser is not a function
    at _callee3$ (C:\Users\Sahana\Desktop\Fundoonote\Fundoonote\fundooNotes\src\controllers\/user.controller.js:50:36)
    at tryCatch (C:\Users\Sahana\Desktop\Fundoonote\Fundoonote\fundooNotes\node_modules\@babel\runtime\helpers\regeneratorRuntime.js:44:17)
    at Generator.<anonymous> (C:\Users\Sahana\Desktop\Fundoonote\Fundoonote\fundooNotes\node_modules\@babel\runtime\helpers\regeneratorRuntime.js:125:22)
    at Generator.next (C:\Users\Sahana\Desktop\Fundoonote\Fundoonote\fundooNotes\node_modules\@babel\runtime\helpers\regeneratorRuntime.js:69:21)
    at asyncGeneratorStep (C:\Users\Sahana\Desktop\Fundoonote\Fundoonote\fundooNotes\node_modules\@babel\runtime\helpers\asyncToGenerator.js:3:24)
    at _next (C:\Users\Sahana\Desktop\Fundoonote\Fundoonote\fundooNotes\node_modules\@babel\runtime\helpers\asyncToGenerator.js:22:9)
    at C:\Users\Sahana\Desktop\Fundoonote\Fundoonote\fundooNotes\node_modules\@babel\runtime\helpers\asyncToGenerator.js:27:7
    at new Promise (<anonymous>)
    at C:\Users\Sahana\Desktop\Fundoonote\Fundoonote\fundooNotes\node_modules\@babel\runtime\helpers\asyncToGenerator.js:19:12
    at newUser (C:\Users\Sahana\Desktop\Fundoonote\Fundoonote\fundooNotes\src\controllers\/user.controller.js:48:21)
    at Layer.handle [as handle_request] (C:\Users\Sahana\Desktop\Fundoonote\Fundoonote\fundooNotes\node_modules\express\lib\router\layer.js:95:5)
    at next (C:\Users\Sahana\Desktop\Fundoonote\Fundoonote\fundooNotes\node_modules\express\lib\router\route.js:144:13)
    at newUserValidator (C:\Users\Sahana\Desktop\Fundoonote\Fundoonote\fundooNotes\src\validators\/user.validator.js:15:5)
    at Layer.handle [as handle_request] (C:\Users\Sahana\Desktop\Fundoonote\Fundoonote\fundooNotes\node_modules\express\lib\router\layer.js:95:5)
    at next (C:\Users\Sahana\Desktop\Fundoonote\Fundoonote\fundooNotes\node_modules\express\lib\router\route.js:144:13)
    at Route.dispatch (C:\Users\Sahana\Desktop\Fundoonote\Fundoonote\fundooNotes\node_modules\express\lib\router\route.js:114:3)
    at Layer.handle [as handle_request] (C:\Users\Sahana\Desktop\Fundoonote\Fundoonote\fundooNotes\node_modules\express\lib\router\layer.js:95:5)
    at C:\Users\Sahana\Desktop\Fundoonote\Fundoonote\fundooNotes\node_modules\express\lib\router\index.js:284:15
    at Function.process_params (C:\Users\Sahana\Desktop\Fundoonote\Fundoonote\fundooNotes\node_modules\express\lib\router\index.js:346:12)
    at next (C:\Users\Sahana\Desktop\Fundoonote\Fundoonote\fundooNotes\node_modules\express\lib\router\index.js:280:10)
    at Function.handle (C:\Users\Sahana\Desktop\Fundoonote\Fundoonote\fundooNotes\node_modules\express\lib\router\index.js:175:3)
    at router (C:\Users\Sahana\Desktop\Fundoonote\Fundoonote\fundooNotes\node_modules\express\lib\router\index.js:47:12)
    at Layer.handle [as handle_request] (C:\Users\Sahana\Desktop\Fundoonote\Fundoonote\fundooNotes\node_modules\express\lib\router\layer.js:95:5)
    at trim_prefix (C:\Users\Sahana\Desktop\Fundoonote\Fundoonote\fundooNotes\node_modules\express\lib\router\index.js:328:13)
    at C:\Users\Sahana\Desktop\Fundoonote\Fundoonote\fundooNotes\node_modules\express\lib\router\index.js:286:9
    at Function.process_params (C:\Users\Sahana\Desktop\Fundoonote\Fundoonote\fundooNotes\node_modules\express\lib\router\index.js:346:12)
    at next (C:\Users\Sahana\Desktop\Fundoonote\Fundoonote\fundooNotes\node_modules\express\lib\router\index.js:280:10)
    at Function.handle (C:\Users\Sahana\Desktop\Fundoonote\Fundoonote\fundooNotes\node_modules\express\lib\router\index.js:175:3)
    at router (C:\Users\Sahana\Desktop\Fundoonote\Fundoonote\fundooNotes\node_modules\express\lib\router\index.js:47:12)
    at Layer.handle [as handle_request] (C:\Users\Sahana\Desktop\Fundoonote\Fundoonote\fundooNotes\node_modules\express\lib\router\layer.js:95:5)
    at trim_prefix (C:\Users\Sahana\Desktop\Fundoonote\Fundoonote\fundooNotes\node_modules\express\lib\router\index.js:328:13)
    at C:\Users\Sahana\Desktop\Fundoonote\Fundoonote\fundooNotes\node_modules\express\lib\router\index.js:286:9
    at Function.process_params (C:\Users\Sahana\Desktop\Fundoonote\Fundoonote\fundooNotes\node_modules\express\lib\router\index.js:346:12)
    at next (C:\Users\Sahana\Desktop\Fundoonote\Fundoonote\fundooNotes\node_modules\express\lib\router\index.js:280:10)
    at logger (C:\Users\Sahana\Desktop\Fundoonote\Fundoonote\fundooNotes\node_modules\morgan\index.js:144:5)
    at Layer.handle [as handle_request] (C:\Users\Sahana\Desktop\Fundoonote\Fundoonote\fundooNotes\node_modules\express\lib\router\layer.js:95:5)
    at trim_prefix (C:\Users\Sahana\Desktop\Fundoonote\Fundoonote\fundooNotes\node_modules\express\lib\router\index.js:328:13)
    at C:\Users\Sahana\Desktop\Fundoonote\Fundoonote\fundooNotes\node_modules\express\lib\router\index.js:286:9
    at Function.process_params (C:\Users\Sahana\Desktop\Fundoonote\Fundoonote\fundooNotes\node_modules\express\lib\router\index.js:346:12)
    at next (C:\Users\Sahana\Desktop\Fundoonote\Fundoonote\fundooNotes\node_modules\express\lib\router\index.js:280:10)
    at C:\Users\Sahana\Desktop\Fundoonote\Fundoonote\fundooNotes\node_modules\body-parser\lib\read.js:137:5
    at AsyncResource.runInAsyncScope (node:async_hooks:203:9)
    at invokeCallback (C:\Users\Sahana\Desktop\Fundoonote\Fundoonote\fundooNotes\node_modules\raw-body\index.js:231:16)
    at done (C:\Users\Sahana\Desktop\Fundoonote\Fundoonote\fundooNotes\node_modules\raw-body\index.js:220:7)
    at IncomingMessage.onEnd (C:\Users\Sahana\Desktop\Fundoonote\Fundoonote\fundooNotes\node_modules\raw-body\index.js:280:7)
    at IncomingMessage.emit (node:events:513:28)
    at endReadableNT (node:internal/streams/readable:1359:12)
    at processTicksAndRejections (node:internal/process/task_queues:82:21) 
    url - /api/v1/users/register 
    method - POST 
    IP - ::ffff:127.0.0.1
   {"timestamp":"2022-12-29T17:36:09.922Z"}
info: Server started at http://localhost:2000/api/v1/ {"timestamp":"2022-12-29T17:47:00.275Z"}
error: 
    status - 500 
    message - TypeError: UserService.newUser is not a function
    at _callee3$ (C:\Users\Sahana\Desktop\Fundoonote\Fundoonote\fundooNotes\src\controllers\/user.controller.js:50:36)
    at tryCatch (C:\Users\Sahana\Desktop\Fundoonote\Fundoonote\fundooNotes\node_modules\@babel\runtime\helpers\regeneratorRuntime.js:44:17)
    at Generator.<anonymous> (C:\Users\Sahana\Desktop\Fundoonote\Fundoonote\fundooNotes\node_modules\@babel\runtime\helpers\regeneratorRuntime.js:125:22)
    at Generator.next (C:\Users\Sahana\Desktop\Fundoonote\Fundoonote\fundooNotes\node_modules\@babel\runtime\helpers\regeneratorRuntime.js:69:21)
    at asyncGeneratorStep (C:\Users\Sahana\Desktop\Fundoonote\Fundoonote\fundooNotes\node_modules\@babel\runtime\helpers\asyncToGenerator.js:3:24)
    at _next (C:\Users\Sahana\Desktop\Fundoonote\Fundoonote\fundooNotes\node_modules\@babel\runtime\helpers\asyncToGenerator.js:22:9)
    at C:\Users\Sahana\Desktop\Fundoonote\Fundoonote\fundooNotes\node_modules\@babel\runtime\helpers\asyncToGenerator.js:27:7
    at new Promise (<anonymous>)
    at C:\Users\Sahana\Desktop\Fundoonote\Fundoonote\fundooNotes\node_modules\@babel\runtime\helpers\asyncToGenerator.js:19:12
    at newUser (C:\Users\Sahana\Desktop\Fundoonote\Fundoonote\fundooNotes\src\controllers\/user.controller.js:48:21)
    at Layer.handle [as handle_request] (C:\Users\Sahana\Desktop\Fundoonote\Fundoonote\fundooNotes\node_modules\express\lib\router\layer.js:95:5)
    at next (C:\Users\Sahana\Desktop\Fundoonote\Fundoonote\fundooNotes\node_modules\express\lib\router\route.js:144:13)
    at newUserValidator (C:\Users\Sahana\Desktop\Fundoonote\Fundoonote\fundooNotes\src\validators\/user.validator.js:15:5)
    at Layer.handle [as handle_request] (C:\Users\Sahana\Desktop\Fundoonote\Fundoonote\fundooNotes\node_modules\express\lib\router\layer.js:95:5)
    at next (C:\Users\Sahana\Desktop\Fundoonote\Fundoonote\fundooNotes\node_modules\express\lib\router\route.js:144:13)
    at Route.dispatch (C:\Users\Sahana\Desktop\Fundoonote\Fundoonote\fundooNotes\node_modules\express\lib\router\route.js:114:3)
    at Layer.handle [as handle_request] (C:\Users\Sahana\Desktop\Fundoonote\Fundoonote\fundooNotes\node_modules\express\lib\router\layer.js:95:5)
    at C:\Users\Sahana\Desktop\Fundoonote\Fundoonote\fundooNotes\node_modules\express\lib\router\index.js:284:15
    at Function.process_params (C:\Users\Sahana\Desktop\Fundoonote\Fundoonote\fundooNotes\node_modules\express\lib\router\index.js:346:12)
    at next (C:\Users\Sahana\Desktop\Fundoonote\Fundoonote\fundooNotes\node_modules\express\lib\router\index.js:280:10)
    at Function.handle (C:\Users\Sahana\Desktop\Fundoonote\Fundoonote\fundooNotes\node_modules\express\lib\router\index.js:175:3)
    at router (C:\Users\Sahana\Desktop\Fundoonote\Fundoonote\fundooNotes\node_modules\express\lib\router\index.js:47:12)
    at Layer.handle [as handle_request] (C:\Users\Sahana\Desktop\Fundoonote\Fundoonote\fundooNotes\node_modules\express\lib\router\layer.js:95:5)
    at trim_prefix (C:\Users\Sahana\Desktop\Fundoonote\Fundoonote\fundooNotes\node_modules\express\lib\router\index.js:328:13)
    at C:\Users\Sahana\Desktop\Fundoonote\Fundoonote\fundooNotes\node_modules\express\lib\router\index.js:286:9
    at Function.process_params (C:\Users\Sahana\Desktop\Fundoonote\Fundoonote\fundooNotes\node_modules\express\lib\router\index.js:346:12)
    at next (C:\Users\Sahana\Desktop\Fundoonote\Fundoonote\fundooNotes\node_modules\express\lib\router\index.js:280:10)
    at Function.handle (C:\Users\Sahana\Desktop\Fundoonote\Fundoonote\fundooNotes\node_modules\express\lib\router\index.js:175:3)
    at router (C:\Users\Sahana\Desktop\Fundoonote\Fundoonote\fundooNotes\node_modules\express\lib\router\index.js:47:12)
    at Layer.handle [as handle_request] (C:\Users\Sahana\Desktop\Fundoonote\Fundoonote\fundooNotes\node_modules\express\lib\router\layer.js:95:5)
    at trim_prefix (C:\Users\Sahana\Desktop\Fundoonote\Fundoonote\fundooNotes\node_modules\express\lib\router\index.js:328:13)
    at C:\Users\Sahana\Desktop\Fundoonote\Fundoonote\fundooNotes\node_modules\express\lib\router\index.js:286:9
    at Function.process_params (C:\Users\Sahana\Desktop\Fundoonote\Fundoonote\fundooNotes\node_modules\express\lib\router\index.js:346:12)
    at next (C:\Users\Sahana\Desktop\Fundoonote\Fundoonote\fundooNotes\node_modules\express\lib\router\index.js:280:10)
    at logger (C:\Users\Sahana\Desktop\Fundoonote\Fundoonote\fundooNotes\node_modules\morgan\index.js:144:5)
    at Layer.handle [as handle_request] (C:\Users\Sahana\Desktop\Fundoonote\Fundoonote\fundooNotes\node_modules\express\lib\router\layer.js:95:5)
    at trim_prefix (C:\Users\Sahana\Desktop\Fundoonote\Fundoonote\fundooNotes\node_modules\express\lib\router\index.js:328:13)
    at C:\Users\Sahana\Desktop\Fundoonote\Fundoonote\fundooNotes\node_modules\express\lib\router\index.js:286:9
    at Function.process_params (C:\Users\Sahana\Desktop\Fundoonote\Fundoonote\fundooNotes\node_modules\express\lib\router\index.js:346:12)
    at next (C:\Users\Sahana\Desktop\Fundoonote\Fundoonote\fundooNotes\node_modules\express\lib\router\index.js:280:10)
    at C:\Users\Sahana\Desktop\Fundoonote\Fundoonote\fundooNotes\node_modules\body-parser\lib\read.js:137:5
    at AsyncResource.runInAsyncScope (node:async_hooks:203:9)
    at invokeCallback (C:\Users\Sahana\Desktop\Fundoonote\Fundoonote\fundooNotes\node_modules\raw-body\index.js:231:16)
    at done (C:\Users\Sahana\Desktop\Fundoonote\Fundoonote\fundooNotes\node_modules\raw-body\index.js:220:7)
    at IncomingMessage.onEnd (C:\Users\Sahana\Desktop\Fundoonote\Fundoonote\fundooNotes\node_modules\raw-body\index.js:280:7)
    at IncomingMessage.emit (node:events:513:28)
    at endReadableNT (node:internal/streams/readable:1359:12)
    at processTicksAndRejections (node:internal/process/task_queues:82:21) 
    url - /api/v1/users/register 
    method - POST 
    IP - ::ffff:127.0.0.1
   {"timestamp":"2022-12-29T17:47:00.343Z"}
info: Server started at http://localhost:2000/api/v1/ {"timestamp":"2022-12-29T17:51:00.764Z"}
error: 
    status - 500 
    message - TypeError: UserService.newUser is not a function
    at _callee3$ (C:\Users\Sahana\Desktop\Fundoonote\Fundoonote\fundooNotes\src\controllers\/user.controller.js:50:36)
    at tryCatch (C:\Users\Sahana\Desktop\Fundoonote\Fundoonote\fundooNotes\node_modules\@babel\runtime\helpers\regeneratorRuntime.js:44:17)
    at Generator.<anonymous> (C:\Users\Sahana\Desktop\Fundoonote\Fundoonote\fundooNotes\node_modules\@babel\runtime\helpers\regeneratorRuntime.js:125:22)
    at Generator.next (C:\Users\Sahana\Desktop\Fundoonote\Fundoonote\fundooNotes\node_modules\@babel\runtime\helpers\regeneratorRuntime.js:69:21)
    at asyncGeneratorStep (C:\Users\Sahana\Desktop\Fundoonote\Fundoonote\fundooNotes\node_modules\@babel\runtime\helpers\asyncToGenerator.js:3:24)
    at _next (C:\Users\Sahana\Desktop\Fundoonote\Fundoonote\fundooNotes\node_modules\@babel\runtime\helpers\asyncToGenerator.js:22:9)
    at C:\Users\Sahana\Desktop\Fundoonote\Fundoonote\fundooNotes\node_modules\@babel\runtime\helpers\asyncToGenerator.js:27:7
    at new Promise (<anonymous>)
    at C:\Users\Sahana\Desktop\Fundoonote\Fundoonote\fundooNotes\node_modules\@babel\runtime\helpers\asyncToGenerator.js:19:12
    at newUser (C:\Users\Sahana\Desktop\Fundoonote\Fundoonote\fundooNotes\src\controllers\/user.controller.js:48:21)
    at Layer.handle [as handle_request] (C:\Users\Sahana\Desktop\Fundoonote\Fundoonote\fundooNotes\node_modules\express\lib\router\layer.js:95:5)
    at next (C:\Users\Sahana\Desktop\Fundoonote\Fundoonote\fundooNotes\node_modules\express\lib\router\route.js:144:13)
    at newUserValidator (C:\Users\Sahana\Desktop\Fundoonote\Fundoonote\fundooNotes\src\validators\/user.validator.js:15:5)
    at Layer.handle [as handle_request] (C:\Users\Sahana\Desktop\Fundoonote\Fundoonote\fundooNotes\node_modules\express\lib\router\layer.js:95:5)
    at next (C:\Users\Sahana\Desktop\Fundoonote\Fundoonote\fundooNotes\node_modules\express\lib\router\route.js:144:13)
    at Route.dispatch (C:\Users\Sahana\Desktop\Fundoonote\Fundoonote\fundooNotes\node_modules\express\lib\router\route.js:114:3)
    at Layer.handle [as handle_request] (C:\Users\Sahana\Desktop\Fundoonote\Fundoonote\fundooNotes\node_modules\express\lib\router\layer.js:95:5)
    at C:\Users\Sahana\Desktop\Fundoonote\Fundoonote\fundooNotes\node_modules\express\lib\router\index.js:284:15
    at Function.process_params (C:\Users\Sahana\Desktop\Fundoonote\Fundoonote\fundooNotes\node_modules\express\lib\router\index.js:346:12)
    at next (C:\Users\Sahana\Desktop\Fundoonote\Fundoonote\fundooNotes\node_modules\express\lib\router\index.js:280:10)
    at Function.handle (C:\Users\Sahana\Desktop\Fundoonote\Fundoonote\fundooNotes\node_modules\express\lib\router\index.js:175:3)
    at router (C:\Users\Sahana\Desktop\Fundoonote\Fundoonote\fundooNotes\node_modules\express\lib\router\index.js:47:12)
    at Layer.handle [as handle_request] (C:\Users\Sahana\Desktop\Fundoonote\Fundoonote\fundooNotes\node_modules\express\lib\router\layer.js:95:5)
    at trim_prefix (C:\Users\Sahana\Desktop\Fundoonote\Fundoonote\fundooNotes\node_modules\express\lib\router\index.js:328:13)
    at C:\Users\Sahana\Desktop\Fundoonote\Fundoonote\fundooNotes\node_modules\express\lib\router\index.js:286:9
    at Function.process_params (C:\Users\Sahana\Desktop\Fundoonote\Fundoonote\fundooNotes\node_modules\express\lib\router\index.js:346:12)
    at next (C:\Users\Sahana\Desktop\Fundoonote\Fundoonote\fundooNotes\node_modules\express\lib\router\index.js:280:10)
    at Function.handle (C:\Users\Sahana\Desktop\Fundoonote\Fundoonote\fundooNotes\node_modules\express\lib\router\index.js:175:3)
    at router (C:\Users\Sahana\Desktop\Fundoonote\Fundoonote\fundooNotes\node_modules\express\lib\router\index.js:47:12)
    at Layer.handle [as handle_request] (C:\Users\Sahana\Desktop\Fundoonote\Fundoonote\fundooNotes\node_modules\express\lib\router\layer.js:95:5)
    at trim_prefix (C:\Users\Sahana\Desktop\Fundoonote\Fundoonote\fundooNotes\node_modules\express\lib\router\index.js:328:13)
    at C:\Users\Sahana\Desktop\Fundoonote\Fundoonote\fundooNotes\node_modules\express\lib\router\index.js:286:9
    at Function.process_params (C:\Users\Sahana\Desktop\Fundoonote\Fundoonote\fundooNotes\node_modules\express\lib\router\index.js:346:12)
    at next (C:\Users\Sahana\Desktop\Fundoonote\Fundoonote\fundooNotes\node_modules\express\lib\router\index.js:280:10)
    at logger (C:\Users\Sahana\Desktop\Fundoonote\Fundoonote\fundooNotes\node_modules\morgan\index.js:144:5)
    at Layer.handle [as handle_request] (C:\Users\Sahana\Desktop\Fundoonote\Fundoonote\fundooNotes\node_modules\express\lib\router\layer.js:95:5)
    at trim_prefix (C:\Users\Sahana\Desktop\Fundoonote\Fundoonote\fundooNotes\node_modules\express\lib\router\index.js:328:13)
    at C:\Users\Sahana\Desktop\Fundoonote\Fundoonote\fundooNotes\node_modules\express\lib\router\index.js:286:9
    at Function.process_params (C:\Users\Sahana\Desktop\Fundoonote\Fundoonote\fundooNotes\node_modules\express\lib\router\index.js:346:12)
    at next (C:\Users\Sahana\Desktop\Fundoonote\Fundoonote\fundooNotes\node_modules\express\lib\router\index.js:280:10)
    at C:\Users\Sahana\Desktop\Fundoonote\Fundoonote\fundooNotes\node_modules\body-parser\lib\read.js:137:5
    at AsyncResource.runInAsyncScope (node:async_hooks:203:9)
    at invokeCallback (C:\Users\Sahana\Desktop\Fundoonote\Fundoonote\fundooNotes\node_modules\raw-body\index.js:231:16)
    at done (C:\Users\Sahana\Desktop\Fundoonote\Fundoonote\fundooNotes\node_modules\raw-body\index.js:220:7)
    at IncomingMessage.onEnd (C:\Users\Sahana\Desktop\Fundoonote\Fundoonote\fundooNotes\node_modules\raw-body\index.js:280:7)
    at IncomingMessage.emit (node:events:513:28)
    at endReadableNT (node:internal/streams/readable:1359:12)
    at processTicksAndRejections (node:internal/process/task_queues:82:21) 
    url - /api/v1/users/register 
    method - POST 
    IP - ::ffff:127.0.0.1
   {"timestamp":"2022-12-29T17:51:00.835Z"}
