info: Server started at http://localhost:3000/api/v1/ {"timestamp":"2022-12-22T02:42:19.861Z"}
info: Server started at http://localhost:3000/api/v1/ {"timestamp":"2022-12-22T02:43:29.520Z"}
info: Server started at http://localhost:3000/api/v1/ {"timestamp":"2022-12-22T02:44:07.881Z"}
error: Could not connect to the database. queryTxt ETIMEOUT demo.aoloa.mongodb.net {"code":"ETIMEOUT","hostname":"demo.aoloa.mongodb.net","stack":"Error: queryTxt ETIMEOUT demo.aoloa.mongodb.net\n    at QueryReqWrap.onresolve [as oncomplete] (node:internal/dns/callback_resolver:47:19)","syscall":"queryTxt","timestamp":"2022-12-22T02:45:23.611Z"}
info: Server started at http://localhost:3000/api/v1/ {"timestamp":"2022-12-22T02:59:03.189Z"}
error: Could not connect to the database. queryTxt ETIMEOUT demo.aoloa.mongodb.net {"code":"ETIMEOUT","hostname":"demo.aoloa.mongodb.net","stack":"Error: queryTxt ETIMEOUT demo.aoloa.mongodb.net\n    at QueryReqWrap.onresolve [as oncomplete] (node:internal/dns/callback_resolver:47:19)","syscall":"queryTxt","timestamp":"2022-12-22T03:00:20.181Z"}
info: Server started at http://localhost:3000/api/v1/ {"timestamp":"2022-12-22T03:13:40.561Z"}
error: Could not connect to the database. queryTxt ETIMEOUT demo.aoloa.mongodb.net {"code":"ETIMEOUT","hostname":"demo.aoloa.mongodb.net","stack":"Error: queryTxt ETIMEOUT demo.aoloa.mongodb.net\n    at QueryReqWrap.onresolve [as oncomplete] (node:internal/dns/callback_resolver:47:19)","syscall":"queryTxt","timestamp":"2022-12-22T03:14:56.389Z"}
info: Server started at http://localhost:3000/api/v1/ {"timestamp":"2022-12-22T03:16:48.258Z"}
error: Could not connect to the database. queryTxt ETIMEOUT demo.aoloa.mongodb.net {"code":"ETIMEOUT","hostname":"demo.aoloa.mongodb.net","stack":"Error: queryTxt ETIMEOUT demo.aoloa.mongodb.net\n    at QueryReqWrap.onresolve [as oncomplete] (node:internal/dns/callback_resolver:47:19)","syscall":"queryTxt","timestamp":"2022-12-22T03:18:03.946Z"}
info: Server started at http://localhost:3000/api/v1/ {"timestamp":"2022-12-22T03:33:28.405Z"}
info: Server started at http://localhost:3000/api/v1/ {"timestamp":"2022-12-22T03:40:14.138Z"}
error: Could not connect to the database. queryTxt ETIMEOUT demo.aoloa.mongodb.net {"code":"ETIMEOUT","hostname":"demo.aoloa.mongodb.net","stack":"Error: queryTxt ETIMEOUT demo.aoloa.mongodb.net\n    at QueryReqWrap.onresolve [as oncomplete] (node:internal/dns/callback_resolver:47:19)","syscall":"queryTxt","timestamp":"2022-12-22T03:41:29.949Z"}
info: Server started at http://localhost:3000/api/v1/ {"timestamp":"2022-12-22T03:46:54.446Z"}
info: Server started at http://localhost:3000/api/v1/ {"timestamp":"2022-12-22T03:48:20.435Z"}
error: Could not connect to the database. queryTxt ETIMEOUT demo.aoloa.mongodb.net {"code":"ETIMEOUT","hostname":"demo.aoloa.mongodb.net","stack":"Error: queryTxt ETIMEOUT demo.aoloa.mongodb.net\n    at QueryReqWrap.onresolve [as oncomplete] (node:internal/dns/callback_resolver:47:19)","syscall":"queryTxt","timestamp":"2022-12-22T03:49:36.231Z"}
info: Server started at http://localhost:3000/api/v1/ {"timestamp":"2022-12-22T05:20:46.842Z"}
error: Could not connect to the database. queryTxt ETIMEOUT demo.aoloa.mongodb.net {"code":"ETIMEOUT","hostname":"demo.aoloa.mongodb.net","stack":"Error: queryTxt ETIMEOUT demo.aoloa.mongodb.net\n    at QueryReqWrap.onresolve [as oncomplete] (node:internal/dns/callback_resolver:47:19)","syscall":"queryTxt","timestamp":"2022-12-22T05:22:03.028Z"}
info: Server started at http://localhost:3000/api/v1/ {"timestamp":"2022-12-22T09:04:31.452Z"}
error: Could not connect to the database. queryTxt ETIMEOUT demo.aoloa.mongodb.net {"code":"ETIMEOUT","hostname":"demo.aoloa.mongodb.net","stack":"Error: queryTxt ETIMEOUT demo.aoloa.mongodb.net\n    at QueryReqWrap.onresolve [as oncomplete] (node:internal/dns/callback_resolver:47:19)","syscall":"queryTxt","timestamp":"2022-12-22T09:05:47.584Z"}
info: Server started at http://localhost:3000/api/v1/ {"timestamp":"2022-12-22T10:22:07.795Z"}
error: Could not connect to the database. queryTxt ETIMEOUT demo.aoloa.mongodb.net {"code":"ETIMEOUT","hostname":"demo.aoloa.mongodb.net","stack":"Error: queryTxt ETIMEOUT demo.aoloa.mongodb.net\n    at QueryReqWrap.onresolve [as oncomplete] (node:internal/dns/callback_resolver:47:19)","syscall":"queryTxt","timestamp":"2022-12-22T10:23:23.560Z"}
error: 
    status - 500 
    message - MongooseError: Operation `users.findOne()` buffering timed out after 10000ms
    at Timeout.<anonymous> (C:\Users\Sahana\Desktop\Fundoonote\Fundoonote\fundooNotes\node_modules\mongoose\lib\drivers\node-mongodb-native\collection.js:198:23)
    at listOnTimeout (node:internal/timers:564:17)
    at processTimers (node:internal/timers:507:7) 
    url - /api/v1/users/loginuser 
    method - POST 
    IP - ::1
   {"timestamp":"2022-12-22T11:23:45.186Z"}
info: Server started at http://localhost:3000/api/v1/ {"timestamp":"2022-12-22T11:45:34.219Z"}
error: Could not connect to the database. querySrv ECONNREFUSED _mongodb._tcp.demo.aoloa.mongodb.net {"code":"ECONNREFUSED","hostname":"_mongodb._tcp.demo.aoloa.mongodb.net","stack":"Error: querySrv ECONNREFUSED _mongodb._tcp.demo.aoloa.mongodb.net\n    at QueryReqWrap.onresolve [as oncomplete] (node:internal/dns/callback_resolver:47:19)","syscall":"querySrv","timestamp":"2022-12-22T11:45:34.231Z"}
info: Server started at http://localhost:3000/api/v1/ {"timestamp":"2022-12-22T12:06:04.974Z"}
error: Could not connect to the database. queryTxt ETIMEOUT demo.aoloa.mongodb.net {"code":"ETIMEOUT","hostname":"demo.aoloa.mongodb.net","stack":"Error: queryTxt ETIMEOUT demo.aoloa.mongodb.net\n    at QueryReqWrap.onresolve [as oncomplete] (node:internal/dns/callback_resolver:47:19)","syscall":"queryTxt","timestamp":"2022-12-22T12:07:20.807Z"}
