info: Server started at http://localhost:3000/api/v1/ {"timestamp":"2022-12-20T02:41:50.966Z"}
info: Connected to the database. {"timestamp":"2022-12-20T02:41:54.584Z"}
info: Server started at http://localhost:3000/api/v1/ {"timestamp":"2022-12-20T03:05:43.941Z"}
info: Connected to the database. {"timestamp":"2022-12-20T03:05:47.374Z"}
info: Server started at http://localhost:3000/api/v1/ {"timestamp":"2022-12-20T08:33:13.255Z"}
info: Connected to the database. {"timestamp":"2022-12-20T08:33:18.701Z"}
info: Server started at http://localhost:3000/api/v1/ {"timestamp":"2022-12-20T08:33:49.504Z"}
info: Connected to the database. {"timestamp":"2022-12-20T08:33:53.402Z"}
error: 
    status - 500 
    message - ValidationError: "firstName" is required 
    url - /api/v1/users/register 
    method - POST 
    IP - ::1
   {"timestamp":"2022-12-20T08:34:53.362Z"}
info: Server started at http://localhost:3000/api/v1/ {"timestamp":"2022-12-20T08:48:27.584Z"}
info: Server started at http://localhost:3000/api/v1/ {"timestamp":"2022-12-20T08:48:30.785Z"}
info: Connected to the database. {"timestamp":"2022-12-20T08:48:35.411Z"}
info: Server started at http://localhost:3000/api/v1/ {"timestamp":"2022-12-20T08:48:58.350Z"}
info: Connected to the database. {"timestamp":"2022-12-20T08:49:01.411Z"}
error: 
    status - 500 
    message - SyntaxError: Unexpected token } in JSON at position 57
    at JSON.parse (<anonymous>)
    at parse (C:\Users\Sahana\Desktop\Fundoonote\Fundoonote\fundooNotes\node_modules\body-parser\lib\types\json.js:89:19)
    at C:\Users\Sahana\Desktop\Fundoonote\Fundoonote\fundooNotes\node_modules\body-parser\lib\read.js:128:18
    at AsyncResource.runInAsyncScope (node:async_hooks:203:9)
    at invokeCallback (C:\Users\Sahana\Desktop\Fundoonote\Fundoonote\fundooNotes\node_modules\raw-body\index.js:231:16)
    at done (C:\Users\Sahana\Desktop\Fundoonote\Fundoonote\fundooNotes\node_modules\raw-body\index.js:220:7)
    at IncomingMessage.onEnd (C:\Users\Sahana\Desktop\Fundoonote\Fundoonote\fundooNotes\node_modules\raw-body\index.js:280:7)
    at IncomingMessage.emit (node:events:513:28)
    at IncomingMessage.emit (node:domain:489:12)
    at endReadableNT (node:internal/streams/readable:1359:12)
    at processTicksAndRejections (node:internal/process/task_queues:82:21) 
    url - /api/v1/users/register 
    method - POST 
    IP - ::1
   {"timestamp":"2022-12-20T08:50:04.273Z"}
error: 
    status - 500 
    message - ValidationError: "firstName" is required 
    url - /api/v1/users/register 
    method - POST 
    IP - ::1
   {"timestamp":"2022-12-20T08:50:17.353Z"}
error: 
      status - 400
      message - Authorization token is required 
      url - /api/v1/users/register 
      method - GET 
      IP - ::1
     {"timestamp":"2022-12-20T08:51:13.123Z"}
error: 
    status - 500 
    message - SyntaxError: Unexpected token } in JSON at position 83
    at JSON.parse (<anonymous>)
    at parse (C:\Users\Sahana\Desktop\Fundoonote\Fundoonote\fundooNotes\node_modules\body-parser\lib\types\json.js:89:19)
    at C:\Users\Sahana\Desktop\Fundoonote\Fundoonote\fundooNotes\node_modules\body-parser\lib\read.js:128:18
    at AsyncResource.runInAsyncScope (node:async_hooks:203:9)
    at invokeCallback (C:\Users\Sahana\Desktop\Fundoonote\Fundoonote\fundooNotes\node_modules\raw-body\index.js:231:16)
    at done (C:\Users\Sahana\Desktop\Fundoonote\Fundoonote\fundooNotes\node_modules\raw-body\index.js:220:7)
    at IncomingMessage.onEnd (C:\Users\Sahana\Desktop\Fundoonote\Fundoonote\fundooNotes\node_modules\raw-body\index.js:280:7)
    at IncomingMessage.emit (node:events:513:28)
    at IncomingMessage.emit (node:domain:489:12)
    at endReadableNT (node:internal/streams/readable:1359:12)
    at processTicksAndRejections (node:internal/process/task_queues:82:21) 
    url - /api/v1/users/register 
    method - GET 
    IP - ::1
   {"timestamp":"2022-12-20T08:51:22.438Z"}
error: 
      status - 400
      message - Authorization token is required 
      url - /api/v1/users/register 
      method - GET 
      IP - ::1
     {"timestamp":"2022-12-20T08:51:29.486Z"}
error: 
    status - 500 
    message - ValidationError: "lastName" is required 
    url - /api/v1/users/register 
    method - POST 
    IP - ::1
   {"timestamp":"2022-12-20T08:52:03.637Z"}
info: Server started at http://localhost:3000/api/v1/ {"timestamp":"2022-12-20T08:59:50.562Z"}
info: Connected to the database. {"timestamp":"2022-12-20T08:59:55.747Z"}
info: Server started at http://localhost:3000/api/v1/ {"timestamp":"2022-12-20T09:18:22.268Z"}
info: Connected to the database. {"timestamp":"2022-12-20T09:18:26.818Z"}
info: Server started at http://localhost:3000/api/v1/ {"timestamp":"2022-12-20T09:19:22.845Z"}
info: Connected to the database. {"timestamp":"2022-12-20T09:19:25.669Z"}
error: 
    status - 500 
    message - ValidationError: "firstName" is required 
    url - /api/v1/users/register 
    method - POST 
    IP - ::1
   {"timestamp":"2022-12-20T09:19:40.645Z"}
info: Server started at http://localhost:3000/api/v1/ {"timestamp":"2022-12-20T09:40:31.012Z"}
info: Connected to the database. {"timestamp":"2022-12-20T09:40:34.189Z"}
error: 
    status - 500 
    message - Error: Please enter valid email
    at _callee6$ (C:\Users\Sahana\Desktop\Fundoonote\Fundoonote\fundooNotes\src\services\/user.service.js:48:11)
    at tryCatch (C:\Users\Sahana\Desktop\Fundoonote\Fundoonote\fundooNotes\node_modules\@babel\runtime\helpers\regeneratorRuntime.js:44:17)
    at Generator.<anonymous> (C:\Users\Sahana\Desktop\Fundoonote\Fundoonote\fundooNotes\node_modules\@babel\runtime\helpers\regeneratorRuntime.js:125:22)
    at Generator.next (C:\Users\Sahana\Desktop\Fundoonote\Fundoonote\fundooNotes\node_modules\@babel\runtime\helpers\regeneratorRuntime.js:69:21)
    at asyncGeneratorStep (C:\Users\Sahana\Desktop\Fundoonote\Fundoonote\fundooNotes\node_modules\@babel\runtime\helpers\asyncToGenerator.js:3:24)
    at _next (C:\Users\Sahana\Desktop\Fundoonote\Fundoonote\fundooNotes\node_modules\@babel\runtime\helpers\asyncToGenerator.js:22:9)
    at processTicksAndRejections (node:internal/process/task_queues:95:5) 
    url - /api/v1/users/loginuser 
    method - POST 
    IP - ::1
   {"timestamp":"2022-12-20T09:55:10.166Z"}
info: Server started at http://localhost:3000/api/v1/ {"timestamp":"2022-12-20T09:55:56.412Z"}
info: Connected to the database. {"timestamp":"2022-12-20T09:55:59.385Z"}
error: 
    status - 500 
    message - Error: Please enter valid email and password
    at _callee6$ (C:\Users\Sahana\Desktop\Fundoonote\Fundoonote\fundooNotes\src\services\/user.service.js:48:11)
    at tryCatch (C:\Users\Sahana\Desktop\Fundoonote\Fundoonote\fundooNotes\node_modules\@babel\runtime\helpers\regeneratorRuntime.js:44:17)
    at Generator.<anonymous> (C:\Users\Sahana\Desktop\Fundoonote\Fundoonote\fundooNotes\node_modules\@babel\runtime\helpers\regeneratorRuntime.js:125:22)
    at Generator.next (C:\Users\Sahana\Desktop\Fundoonote\Fundoonote\fundooNotes\node_modules\@babel\runtime\helpers\regeneratorRuntime.js:69:21)
    at asyncGeneratorStep (C:\Users\Sahana\Desktop\Fundoonote\Fundoonote\fundooNotes\node_modules\@babel\runtime\helpers\asyncToGenerator.js:3:24)
    at _next (C:\Users\Sahana\Desktop\Fundoonote\Fundoonote\fundooNotes\node_modules\@babel\runtime\helpers\asyncToGenerator.js:22:9)
    at processTicksAndRejections (node:internal/process/task_queues:95:5) 
    url - /api/v1/users/loginuser 
    method - POST 
    IP - ::1
   {"timestamp":"2022-12-20T09:56:04.989Z"}
info: Server started at http://localhost:3000/api/v1/ {"timestamp":"2022-12-20T09:56:39.332Z"}
info: Connected to the database. {"timestamp":"2022-12-20T09:56:41.920Z"}
info: Server started at http://localhost:3000/api/v1/ {"timestamp":"2022-12-20T10:57:05.464Z"}
info: Connected to the database. {"timestamp":"2022-12-20T10:57:09.157Z"}
error: 
    status - 500 
    message - Error: Please enter valid email
    at _callee6$ (C:\Users\Sahana\Desktop\Fundoonote\Fundoonote\fundooNotes\src\services\/user.service.js:47:11)
    at tryCatch (C:\Users\Sahana\Desktop\Fundoonote\Fundoonote\fundooNotes\node_modules\@babel\runtime\helpers\regeneratorRuntime.js:44:17)
    at Generator.<anonymous> (C:\Users\Sahana\Desktop\Fundoonote\Fundoonote\fundooNotes\node_modules\@babel\runtime\helpers\regeneratorRuntime.js:125:22)
    at Generator.next (C:\Users\Sahana\Desktop\Fundoonote\Fundoonote\fundooNotes\node_modules\@babel\runtime\helpers\regeneratorRuntime.js:69:21)
    at asyncGeneratorStep (C:\Users\Sahana\Desktop\Fundoonote\Fundoonote\fundooNotes\node_modules\@babel\runtime\helpers\asyncToGenerator.js:3:24)
    at _next (C:\Users\Sahana\Desktop\Fundoonote\Fundoonote\fundooNotes\node_modules\@babel\runtime\helpers\asyncToGenerator.js:22:9)
    at processTicksAndRejections (node:internal/process/task_queues:95:5) 
    url - /api/v1/users/loginuser 
    method - POST 
    IP - ::1
   {"timestamp":"2022-12-20T10:58:59.242Z"}
info: Server started at http://localhost:3000/api/v1/ {"timestamp":"2022-12-20T11:12:16.769Z"}
info: Connected to the database. {"timestamp":"2022-12-20T11:12:25.422Z"}
info: Server started at http://localhost:3000/api/v1/ {"timestamp":"2022-12-20T11:18:24.680Z"}
info: Connected to the database. {"timestamp":"2022-12-20T11:18:28.833Z"}
error: 
    status - 500 
    message - Error: Please enter valid email
    at _callee6$ (C:\Users\Sahana\Desktop\Fundoonote\Fundoonote\fundooNotes\src\services\/user.service.js:47:11)
    at tryCatch (C:\Users\Sahana\Desktop\Fundoonote\Fundoonote\fundooNotes\node_modules\@babel\runtime\helpers\regeneratorRuntime.js:44:17)
    at Generator.<anonymous> (C:\Users\Sahana\Desktop\Fundoonote\Fundoonote\fundooNotes\node_modules\@babel\runtime\helpers\regeneratorRuntime.js:125:22)
    at Generator.next (C:\Users\Sahana\Desktop\Fundoonote\Fundoonote\fundooNotes\node_modules\@babel\runtime\helpers\regeneratorRuntime.js:69:21)
    at asyncGeneratorStep (C:\Users\Sahana\Desktop\Fundoonote\Fundoonote\fundooNotes\node_modules\@babel\runtime\helpers\asyncToGenerator.js:3:24)
    at _next (C:\Users\Sahana\Desktop\Fundoonote\Fundoonote\fundooNotes\node_modules\@babel\runtime\helpers\asyncToGenerator.js:22:9)
    at processTicksAndRejections (node:internal/process/task_queues:95:5) 
    url - /api/v1/users/loginuser 
    method - POST 
    IP - ::1
   {"timestamp":"2022-12-20T11:20:14.009Z"}
info: Server started at http://localhost:3000/api/v1/ {"timestamp":"2022-12-20T11:45:14.477Z"}
info: Connected to the database. {"timestamp":"2022-12-20T11:45:18.191Z"}
info: Server started at http://localhost:3000/api/v1/ {"timestamp":"2022-12-20T11:45:46.866Z"}
info: Connected to the database. {"timestamp":"2022-12-20T11:45:50.097Z"}
error: 
    status - 500 
    message - Error: Please enter valid email
    at _callee6$ (C:\Users\Sahana\Desktop\Fundoonote\Fundoonote\fundooNotes\src\services\/user.service.js:48:11)
    at tryCatch (C:\Users\Sahana\Desktop\Fundoonote\Fundoonote\fundooNotes\node_modules\@babel\runtime\helpers\regeneratorRuntime.js:44:17)
    at Generator.<anonymous> (C:\Users\Sahana\Desktop\Fundoonote\Fundoonote\fundooNotes\node_modules\@babel\runtime\helpers\regeneratorRuntime.js:125:22)
    at Generator.next (C:\Users\Sahana\Desktop\Fundoonote\Fundoonote\fundooNotes\node_modules\@babel\runtime\helpers\regeneratorRuntime.js:69:21)
    at asyncGeneratorStep (C:\Users\Sahana\Desktop\Fundoonote\Fundoonote\fundooNotes\node_modules\@babel\runtime\helpers\asyncToGenerator.js:3:24)
    at _next (C:\Users\Sahana\Desktop\Fundoonote\Fundoonote\fundooNotes\node_modules\@babel\runtime\helpers\asyncToGenerator.js:22:9)
    at processTicksAndRejections (node:internal/process/task_queues:95:5) 
    url - /api/v1/users/loginuser 
    method - POST 
    IP - ::1
   {"timestamp":"2022-12-20T11:46:01.947Z"}
error: 
    status - 500 
    message - Error: Please enter valid email
    at _callee6$ (C:\Users\Sahana\Desktop\Fundoonote\Fundoonote\fundooNotes\src\services\/user.service.js:48:11)
    at tryCatch (C:\Users\Sahana\Desktop\Fundoonote\Fundoonote\fundooNotes\node_modules\@babel\runtime\helpers\regeneratorRuntime.js:44:17)
    at Generator.<anonymous> (C:\Users\Sahana\Desktop\Fundoonote\Fundoonote\fundooNotes\node_modules\@babel\runtime\helpers\regeneratorRuntime.js:125:22)
    at Generator.next (C:\Users\Sahana\Desktop\Fundoonote\Fundoonote\fundooNotes\node_modules\@babel\runtime\helpers\regeneratorRuntime.js:69:21)
    at asyncGeneratorStep (C:\Users\Sahana\Desktop\Fundoonote\Fundoonote\fundooNotes\node_modules\@babel\runtime\helpers\asyncToGenerator.js:3:24)
    at _next (C:\Users\Sahana\Desktop\Fundoonote\Fundoonote\fundooNotes\node_modules\@babel\runtime\helpers\asyncToGenerator.js:22:9)
    at processTicksAndRejections (node:internal/process/task_queues:95:5) 
    url - /api/v1/users/loginuser 
    method - POST 
    IP - ::1
   {"timestamp":"2022-12-20T11:46:07.422Z"}
info: Server started at http://localhost:3000/api/v1/ {"timestamp":"2022-12-20T11:53:22.909Z"}
info: Connected to the database. {"timestamp":"2022-12-20T11:53:26.300Z"}
error: 
    status - 500 
    message - Error: Please enter valid password
    at _callee6$ (C:\Users\Sahana\Desktop\Fundoonote\Fundoonote\fundooNotes\src\services\/user.service.js:47:13)
    at tryCatch (C:\Users\Sahana\Desktop\Fundoonote\Fundoonote\fundooNotes\node_modules\@babel\runtime\helpers\regeneratorRuntime.js:44:17)
    at Generator.<anonymous> (C:\Users\Sahana\Desktop\Fundoonote\Fundoonote\fundooNotes\node_modules\@babel\runtime\helpers\regeneratorRuntime.js:125:22)
    at Generator.next (C:\Users\Sahana\Desktop\Fundoonote\Fundoonote\fundooNotes\node_modules\@babel\runtime\helpers\regeneratorRuntime.js:69:21)
    at asyncGeneratorStep (C:\Users\Sahana\Desktop\Fundoonote\Fundoonote\fundooNotes\node_modules\@babel\runtime\helpers\asyncToGenerator.js:3:24)
    at _next (C:\Users\Sahana\Desktop\Fundoonote\Fundoonote\fundooNotes\node_modules\@babel\runtime\helpers\asyncToGenerator.js:22:9)
    at processTicksAndRejections (node:internal/process/task_queues:95:5) 
    url - /api/v1/users/loginuser 
    method - POST 
    IP - ::1
   {"timestamp":"2022-12-20T11:53:35.258Z"}
error: 
    status - 500 
    message - Error: Please enter valid password
    at _callee6$ (C:\Users\Sahana\Desktop\Fundoonote\Fundoonote\fundooNotes\src\services\/user.service.js:47:13)
    at tryCatch (C:\Users\Sahana\Desktop\Fundoonote\Fundoonote\fundooNotes\node_modules\@babel\runtime\helpers\regeneratorRuntime.js:44:17)
    at Generator.<anonymous> (C:\Users\Sahana\Desktop\Fundoonote\Fundoonote\fundooNotes\node_modules\@babel\runtime\helpers\regeneratorRuntime.js:125:22)
    at Generator.next (C:\Users\Sahana\Desktop\Fundoonote\Fundoonote\fundooNotes\node_modules\@babel\runtime\helpers\regeneratorRuntime.js:69:21)
    at asyncGeneratorStep (C:\Users\Sahana\Desktop\Fundoonote\Fundoonote\fundooNotes\node_modules\@babel\runtime\helpers\asyncToGenerator.js:3:24)
    at _next (C:\Users\Sahana\Desktop\Fundoonote\Fundoonote\fundooNotes\node_modules\@babel\runtime\helpers\asyncToGenerator.js:22:9)
    at processTicksAndRejections (node:internal/process/task_queues:95:5) 
    url - /api/v1/users/loginuser 
    method - POST 
    IP - ::1
   {"timestamp":"2022-12-20T11:53:40.332Z"}
error: 
    status - 500 
    message - Error: Please enter valid password
    at _callee6$ (C:\Users\Sahana\Desktop\Fundoonote\Fundoonote\fundooNotes\src\services\/user.service.js:47:13)
    at tryCatch (C:\Users\Sahana\Desktop\Fundoonote\Fundoonote\fundooNotes\node_modules\@babel\runtime\helpers\regeneratorRuntime.js:44:17)
    at Generator.<anonymous> (C:\Users\Sahana\Desktop\Fundoonote\Fundoonote\fundooNotes\node_modules\@babel\runtime\helpers\regeneratorRuntime.js:125:22)
    at Generator.next (C:\Users\Sahana\Desktop\Fundoonote\Fundoonote\fundooNotes\node_modules\@babel\runtime\helpers\regeneratorRuntime.js:69:21)
    at asyncGeneratorStep (C:\Users\Sahana\Desktop\Fundoonote\Fundoonote\fundooNotes\node_modules\@babel\runtime\helpers\asyncToGenerator.js:3:24)
    at _next (C:\Users\Sahana\Desktop\Fundoonote\Fundoonote\fundooNotes\node_modules\@babel\runtime\helpers\asyncToGenerator.js:22:9)
    at processTicksAndRejections (node:internal/process/task_queues:95:5) 
    url - /api/v1/users/loginuser 
    method - POST 
    IP - ::1
   {"timestamp":"2022-12-20T11:54:46.997Z"}
error: 
    status - 500 
    message - Error: Please enter valid password
    at _callee6$ (C:\Users\Sahana\Desktop\Fundoonote\Fundoonote\fundooNotes\src\services\/user.service.js:47:13)
    at tryCatch (C:\Users\Sahana\Desktop\Fundoonote\Fundoonote\fundooNotes\node_modules\@babel\runtime\helpers\regeneratorRuntime.js:44:17)
    at Generator.<anonymous> (C:\Users\Sahana\Desktop\Fundoonote\Fundoonote\fundooNotes\node_modules\@babel\runtime\helpers\regeneratorRuntime.js:125:22)
    at Generator.next (C:\Users\Sahana\Desktop\Fundoonote\Fundoonote\fundooNotes\node_modules\@babel\runtime\helpers\regeneratorRuntime.js:69:21)
    at asyncGeneratorStep (C:\Users\Sahana\Desktop\Fundoonote\Fundoonote\fundooNotes\node_modules\@babel\runtime\helpers\asyncToGenerator.js:3:24)
    at _next (C:\Users\Sahana\Desktop\Fundoonote\Fundoonote\fundooNotes\node_modules\@babel\runtime\helpers\asyncToGenerator.js:22:9)
    at processTicksAndRejections (node:internal/process/task_queues:95:5) 
    url - /api/v1/users/loginuser 
    method - POST 
    IP - ::1
   {"timestamp":"2022-12-20T11:56:14.972Z"}
error: 
    status - 500 
    message - Error: Please enter valid email
    at _callee6$ (C:\Users\Sahana\Desktop\Fundoonote\Fundoonote\fundooNotes\src\services\/user.service.js:52:11)
    at tryCatch (C:\Users\Sahana\Desktop\Fundoonote\Fundoonote\fundooNotes\node_modules\@babel\runtime\helpers\regeneratorRuntime.js:44:17)
    at Generator.<anonymous> (C:\Users\Sahana\Desktop\Fundoonote\Fundoonote\fundooNotes\node_modules\@babel\runtime\helpers\regeneratorRuntime.js:125:22)
    at Generator.next (C:\Users\Sahana\Desktop\Fundoonote\Fundoonote\fundooNotes\node_modules\@babel\runtime\helpers\regeneratorRuntime.js:69:21)
    at asyncGeneratorStep (C:\Users\Sahana\Desktop\Fundoonote\Fundoonote\fundooNotes\node_modules\@babel\runtime\helpers\asyncToGenerator.js:3:24)
    at _next (C:\Users\Sahana\Desktop\Fundoonote\Fundoonote\fundooNotes\node_modules\@babel\runtime\helpers\asyncToGenerator.js:22:9)
    at processTicksAndRejections (node:internal/process/task_queues:95:5) 
    url - /api/v1/users/loginuser 
    method - POST 
    IP - ::1
   {"timestamp":"2022-12-20T11:56:34.190Z"}
error: 
    status - 500 
    message - Error: Please enter valid password
    at _callee6$ (C:\Users\Sahana\Desktop\Fundoonote\Fundoonote\fundooNotes\src\services\/user.service.js:47:13)
    at tryCatch (C:\Users\Sahana\Desktop\Fundoonote\Fundoonote\fundooNotes\node_modules\@babel\runtime\helpers\regeneratorRuntime.js:44:17)
    at Generator.<anonymous> (C:\Users\Sahana\Desktop\Fundoonote\Fundoonote\fundooNotes\node_modules\@babel\runtime\helpers\regeneratorRuntime.js:125:22)
    at Generator.next (C:\Users\Sahana\Desktop\Fundoonote\Fundoonote\fundooNotes\node_modules\@babel\runtime\helpers\regeneratorRuntime.js:69:21)
    at asyncGeneratorStep (C:\Users\Sahana\Desktop\Fundoonote\Fundoonote\fundooNotes\node_modules\@babel\runtime\helpers\asyncToGenerator.js:3:24)
    at _next (C:\Users\Sahana\Desktop\Fundoonote\Fundoonote\fundooNotes\node_modules\@babel\runtime\helpers\asyncToGenerator.js:22:9)
    at processTicksAndRejections (node:internal/process/task_queues:95:5) 
    url - /api/v1/users/loginuser 
    method - POST 
    IP - ::1
   {"timestamp":"2022-12-20T11:56:43.687Z"}
info: Server started at http://localhost:3000/api/v1/ {"timestamp":"2022-12-20T11:58:59.060Z"}
info: Connected to the database. {"timestamp":"2022-12-20T11:59:20.979Z"}
error: 
    status - 500 
    message - Error: Please enter valid password
    at _callee6$ (C:\Users\Sahana\Desktop\Fundoonote\Fundoonote\fundooNotes\src\services\/user.service.js:47:13)
    at tryCatch (C:\Users\Sahana\Desktop\Fundoonote\Fundoonote\fundooNotes\node_modules\@babel\runtime\helpers\regeneratorRuntime.js:44:17)
    at Generator.<anonymous> (C:\Users\Sahana\Desktop\Fundoonote\Fundoonote\fundooNotes\node_modules\@babel\runtime\helpers\regeneratorRuntime.js:125:22)
    at Generator.next (C:\Users\Sahana\Desktop\Fundoonote\Fundoonote\fundooNotes\node_modules\@babel\runtime\helpers\regeneratorRuntime.js:69:21)
    at asyncGeneratorStep (C:\Users\Sahana\Desktop\Fundoonote\Fundoonote\fundooNotes\node_modules\@babel\runtime\helpers\asyncToGenerator.js:3:24)
    at _next (C:\Users\Sahana\Desktop\Fundoonote\Fundoonote\fundooNotes\node_modules\@babel\runtime\helpers\asyncToGenerator.js:22:9)
    at processTicksAndRejections (node:internal/process/task_queues:95:5) 
    url - /api/v1/users/loginuser 
    method - POST 
    IP - ::1
   {"timestamp":"2022-12-20T12:03:05.883Z"}
error: 
    status - 500 
    message - Error: Please enter valid email
    at _callee6$ (C:\Users\Sahana\Desktop\Fundoonote\Fundoonote\fundooNotes\src\services\/user.service.js:52:11)
    at tryCatch (C:\Users\Sahana\Desktop\Fundoonote\Fundoonote\fundooNotes\node_modules\@babel\runtime\helpers\regeneratorRuntime.js:44:17)
    at Generator.<anonymous> (C:\Users\Sahana\Desktop\Fundoonote\Fundoonote\fundooNotes\node_modules\@babel\runtime\helpers\regeneratorRuntime.js:125:22)
    at Generator.next (C:\Users\Sahana\Desktop\Fundoonote\Fundoonote\fundooNotes\node_modules\@babel\runtime\helpers\regeneratorRuntime.js:69:21)
    at asyncGeneratorStep (C:\Users\Sahana\Desktop\Fundoonote\Fundoonote\fundooNotes\node_modules\@babel\runtime\helpers\asyncToGenerator.js:3:24)
    at _next (C:\Users\Sahana\Desktop\Fundoonote\Fundoonote\fundooNotes\node_modules\@babel\runtime\helpers\asyncToGenerator.js:22:9)
    at processTicksAndRejections (node:internal/process/task_queues:95:5) 
    url - /api/v1/users/loginuser 
    method - POST 
    IP - ::1
   {"timestamp":"2022-12-20T12:03:33.816Z"}
error: 
    status - 500 
    message - Error: Please enter valid password
    at _callee6$ (C:\Users\Sahana\Desktop\Fundoonote\Fundoonote\fundooNotes\src\services\/user.service.js:47:13)
    at tryCatch (C:\Users\Sahana\Desktop\Fundoonote\Fundoonote\fundooNotes\node_modules\@babel\runtime\helpers\regeneratorRuntime.js:44:17)
    at Generator.<anonymous> (C:\Users\Sahana\Desktop\Fundoonote\Fundoonote\fundooNotes\node_modules\@babel\runtime\helpers\regeneratorRuntime.js:125:22)
    at Generator.next (C:\Users\Sahana\Desktop\Fundoonote\Fundoonote\fundooNotes\node_modules\@babel\runtime\helpers\regeneratorRuntime.js:69:21)
    at asyncGeneratorStep (C:\Users\Sahana\Desktop\Fundoonote\Fundoonote\fundooNotes\node_modules\@babel\runtime\helpers\asyncToGenerator.js:3:24)
    at _next (C:\Users\Sahana\Desktop\Fundoonote\Fundoonote\fundooNotes\node_modules\@babel\runtime\helpers\asyncToGenerator.js:22:9)
    at processTicksAndRejections (node:internal/process/task_queues:95:5) 
    url - /api/v1/users/loginuser 
    method - POST 
    IP - ::1
   {"timestamp":"2022-12-20T12:03:42.108Z"}
