info: Server started at http://localhost:3000/api/v1/ {"timestamp":"2022-12-19T08:16:34.877Z"}
info: Connected to the database. {"timestamp":"2022-12-19T08:16:40.749Z"}
info: Server started at http://localhost:3000/api/v1/ {"timestamp":"2022-12-19T08:19:37.808Z"}
info: Connected to the database. {"timestamp":"2022-12-19T08:19:43.295Z"}
info: Server started at http://localhost:3000/api/v1/ {"timestamp":"2022-12-19T08:23:40.672Z"}
info: Connected to the database. {"timestamp":"2022-12-19T08:23:46.183Z"}
info: Server started at http://localhost:3000/api/v1/ {"timestamp":"2022-12-19T08:27:33.276Z"}
info: Connected to the database. {"timestamp":"2022-12-19T08:27:36.533Z"}
info: Server started at http://localhost:3000/api/v1/ {"timestamp":"2022-12-19T08:27:44.467Z"}
info: Connected to the database. {"timestamp":"2022-12-19T08:27:47.402Z"}
error: 
      status - 400
      message - Authorization token is required 
      url - /api/v1/users/register 
      method - GET 
      IP - ::1
     {"timestamp":"2022-12-19T08:35:37.284Z"}
info: Server started at http://localhost:3000/api/v1/ {"timestamp":"2022-12-19T08:40:16.679Z"}
info: Connected to the database. {"timestamp":"2022-12-19T08:40:19.773Z"}
info: Server started at http://localhost:3000/api/v1/ {"timestamp":"2022-12-19T08:44:42.425Z"}
info: Connected to the database. {"timestamp":"2022-12-19T08:44:45.551Z"}
info: Server started at http://localhost:3000/api/v1/ {"timestamp":"2022-12-19T09:16:19.833Z"}
info: Connected to the database. {"timestamp":"2022-12-19T09:16:23.301Z"}
error: 
    status - 500 
    message - SyntaxError: Unexpected token } in JSON at position 102
    at JSON.parse (<anonymous>)
    at parse (C:\Users\Sahana\Desktop\Fundoonote\Fundoonote\fundooNotes\node_modules\body-parser\lib\types\json.js:89:19)
    at C:\Users\Sahana\Desktop\Fundoonote\Fundoonote\fundooNotes\node_modules\body-parser\lib\read.js:128:18
    at AsyncResource.runInAsyncScope (node:async_hooks:203:9)
    at invokeCallback (C:\Users\Sahana\Desktop\Fundoonote\Fundoonote\fundooNotes\node_modules\raw-body\index.js:231:16)
    at done (C:\Users\Sahana\Desktop\Fundoonote\Fundoonote\fundooNotes\node_modules\raw-body\index.js:220:7)
    at IncomingMessage.onEnd (C:\Users\Sahana\Desktop\Fundoonote\Fundoonote\fundooNotes\node_modules\raw-body\index.js:280:7)
    at IncomingMessage.emit (node:events:513:28)
    at IncomingMessage.emit (node:domain:489:12)
    at endReadableNT (node:internal/streams/readable:1359:12)
    at processTicksAndRejections (node:internal/process/task_queues:82:21) 
    url - /api/v1/users/register%20 
    method - POST 
    IP - ::1
   {"timestamp":"2022-12-19T09:18:14.132Z"}
info: Server started at http://localhost:3000/api/v1/ {"timestamp":"2022-12-19T11:13:09.190Z"}
info: Connected to the database. {"timestamp":"2022-12-19T11:13:29.738Z"}
info: Server started at http://localhost:3000/api/v1/ {"timestamp":"2022-12-19T11:16:52.625Z"}
info: Connected to the database. {"timestamp":"2022-12-19T11:17:11.034Z"}
info: Server started at http://localhost:3000/api/v1/ {"timestamp":"2022-12-19T11:17:51.469Z"}
info: Connected to the database. {"timestamp":"2022-12-19T11:17:55.474Z"}
info: Server started at http://localhost:3000/api/v1/ {"timestamp":"2022-12-19T11:19:03.372Z"}
info: Connected to the database. {"timestamp":"2022-12-19T11:19:24.776Z"}
info: Server started at http://localhost:3000/api/v1/ {"timestamp":"2022-12-19T11:19:48.409Z"}
info: Connected to the database. {"timestamp":"2022-12-19T11:20:17.198Z"}
info: Server started at http://localhost:3000/api/v1/ {"timestamp":"2022-12-19T11:20:28.773Z"}
info: Connected to the database. {"timestamp":"2022-12-19T11:20:48.330Z"}
info: Server started at http://localhost:3000/api/v1/ {"timestamp":"2022-12-19T11:20:55.549Z"}
info: Server started at http://localhost:3000/api/v1/ {"timestamp":"2022-12-19T11:21:16.463Z"}
info: Connected to the database. {"timestamp":"2022-12-19T11:21:33.526Z"}
info: Server started at http://localhost:3000/api/v1/ {"timestamp":"2022-12-19T11:21:48.258Z"}
info: Connected to the database. {"timestamp":"2022-12-19T11:22:02.871Z"}
info: Server started at http://localhost:3000/api/v1/ {"timestamp":"2022-12-19T11:29:32.997Z"}
info: Connected to the database. {"timestamp":"2022-12-19T11:29:38.449Z"}
error: 
      status - 400
      message - Authorization token is required 
      url - /api/v1/users/63a02a8a43c0b94c70d8847c 
      method - GET 
      IP - ::1
     {"timestamp":"2022-12-19T11:33:28.721Z"}
