info: Server started at http://localhost:3000/api/v1/ {"timestamp":"2022-12-23T02:28:08.721Z"}
error: Could not connect to the database. queryTxt ETIMEOUT demo.aoloa.mongodb.net {"code":"ETIMEOUT","hostname":"demo.aoloa.mongodb.net","stack":"Error: queryTxt ETIMEOUT demo.aoloa.mongodb.net\n    at QueryReqWrap.onresolve [as oncomplete] (node:internal/dns/callback_resolver:47:19)","syscall":"queryTxt","timestamp":"2022-12-23T02:29:24.520Z"}
info: Server started at http://localhost:3000/api/v1/ {"timestamp":"2022-12-23T05:08:42.556Z"}
error: Could not connect to the database. querySrv ECONNREFUSED _mongodb._tcp.demo.aoloa.mongodb.net {"code":"ECONNREFUSED","hostname":"_mongodb._tcp.demo.aoloa.mongodb.net","stack":"Error: querySrv ECONNREFUSED _mongodb._tcp.demo.aoloa.mongodb.net\n    at QueryReqWrap.onresolve [as oncomplete] (node:internal/dns/callback_resolver:47:19)","syscall":"querySrv","timestamp":"2022-12-23T05:08:42.576Z"}
info: Server started at http://localhost:3000/api/v1/ {"timestamp":"2022-12-23T05:24:41.285Z"}
error: Could not connect to the database. queryTxt ETIMEOUT demo.aoloa.mongodb.net {"code":"ETIMEOUT","hostname":"demo.aoloa.mongodb.net","stack":"Error: queryTxt ETIMEOUT demo.aoloa.mongodb.net\n    at QueryReqWrap.onresolve [as oncomplete] (node:internal/dns/callback_resolver:47:19)","syscall":"queryTxt","timestamp":"2022-12-23T05:25:57.155Z"}
info: Server started at http://localhost:3000/api/v1/ {"timestamp":"2022-12-23T08:51:02.565Z"}
error: Could not connect to the database. queryTxt ETIMEOUT demo.aoloa.mongodb.net {"code":"ETIMEOUT","hostname":"demo.aoloa.mongodb.net","stack":"Error: queryTxt ETIMEOUT demo.aoloa.mongodb.net\n    at QueryReqWrap.onresolve [as oncomplete] (node:internal/dns/callback_resolver:47:19)","syscall":"queryTxt","timestamp":"2022-12-23T08:52:19.927Z"}
info: Server started at http://localhost:3000/api/v1/ {"timestamp":"2022-12-23T09:45:28.137Z"}
error: Could not connect to the database. connect ECONNREFUSED ::1:27017 {"reason":{"commonWireVersion":null,"compatibilityError":null,"compatible":true,"heartbeatFrequencyMS":10000,"localThresholdMS":15,"logicalSessionTimeoutMinutes":null,"maxElectionId":null,"maxSetVersion":null,"servers":{},"setName":null,"stale":false,"type":"Single"},"stack":"MongooseServerSelectionError: connect ECONNREFUSED ::1:27017\n    at NativeConnection.Connection.openUri (C:\\Users\\Sahana\\Desktop\\Fundoonote\\Fundoonote\\fundooNotes\\node_modules\\mongoose\\lib\\connection.js:847:32)\n    at C:\\Users\\Sahana\\Desktop\\Fundoonote\\Fundoonote\\fundooNotes\\node_modules\\mongoose\\lib\\index.js:351:10\n    at C:\\Users\\Sahana\\Desktop\\Fundoonote\\Fundoonote\\fundooNotes\\node_modules\\mongoose\\lib\\helpers\\promiseOrCallback.js:32:5\n    at new Promise (<anonymous>)\n    at promiseOrCallback (C:\\Users\\Sahana\\Desktop\\Fundoonote\\Fundoonote\\fundooNotes\\node_modules\\mongoose\\lib\\helpers\\promiseOrCallback.js:31:10)\n    at Mongoose._promiseOrCallback (C:\\Users\\Sahana\\Desktop\\Fundoonote\\Fundoonote\\fundooNotes\\node_modules\\mongoose\\lib\\index.js:1149:10)\n    at Mongoose.connect (C:\\Users\\Sahana\\Desktop\\Fundoonote\\Fundoonote\\fundooNotes\\node_modules\\mongoose\\lib\\index.js:350:20)\n    at _callee$ (C:\\Users\\Sahana\\Desktop\\Fundoonote\\Fundoonote\\fundooNotes\\src\\config\\/database.js:12:20)\n    at tryCatch (C:\\Users\\Sahana\\Desktop\\Fundoonote\\Fundoonote\\fundooNotes\\node_modules\\@babel\\runtime\\helpers\\regeneratorRuntime.js:44:17)\n    at Generator.<anonymous> (C:\\Users\\Sahana\\Desktop\\Fundoonote\\Fundoonote\\fundooNotes\\node_modules\\@babel\\runtime\\helpers\\regeneratorRuntime.js:125:22)\n    at Generator.next (C:\\Users\\Sahana\\Desktop\\Fundoonote\\Fundoonote\\fundooNotes\\node_modules\\@babel\\runtime\\helpers\\regeneratorRuntime.js:69:21)\n    at asyncGeneratorStep (C:\\Users\\Sahana\\Desktop\\Fundoonote\\Fundoonote\\fundooNotes\\node_modules\\@babel\\runtime\\helpers\\asyncToGenerator.js:3:24)\n    at _next (C:\\Users\\Sahana\\Desktop\\Fundoonote\\Fundoonote\\fundooNotes\\node_modules\\@babel\\runtime\\helpers\\asyncToGenerator.js:22:9)\n    at C:\\Users\\Sahana\\Desktop\\Fundoonote\\Fundoonote\\fundooNotes\\node_modules\\@babel\\runtime\\helpers\\asyncToGenerator.js:27:7\n    at new Promise (<anonymous>)\n    at C:\\Users\\Sahana\\Desktop\\Fundoonote\\Fundoonote\\fundooNotes\\node_modules\\@babel\\runtime\\helpers\\asyncToGenerator.js:19:12","timestamp":"2022-12-23T09:45:58.143Z"}
info: Server started at http://localhost:3000/api/v1/ {"timestamp":"2022-12-23T09:49:08.383Z"}
error: Could not connect to the database. connect ECONNREFUSED ::1:27017 {"reason":{"commonWireVersion":null,"compatibilityError":null,"compatible":true,"heartbeatFrequencyMS":10000,"localThresholdMS":15,"logicalSessionTimeoutMinutes":null,"maxElectionId":null,"maxSetVersion":null,"servers":{},"setName":null,"stale":false,"type":"Single"},"stack":"MongooseServerSelectionError: connect ECONNREFUSED ::1:27017\n    at NativeConnection.Connection.openUri (C:\\Users\\Sahana\\Desktop\\Fundoonote\\Fundoonote\\fundooNotes\\node_modules\\mongoose\\lib\\connection.js:847:32)\n    at C:\\Users\\Sahana\\Desktop\\Fundoonote\\Fundoonote\\fundooNotes\\node_modules\\mongoose\\lib\\index.js:351:10\n    at C:\\Users\\Sahana\\Desktop\\Fundoonote\\Fundoonote\\fundooNotes\\node_modules\\mongoose\\lib\\helpers\\promiseOrCallback.js:32:5\n    at new Promise (<anonymous>)\n    at promiseOrCallback (C:\\Users\\Sahana\\Desktop\\Fundoonote\\Fundoonote\\fundooNotes\\node_modules\\mongoose\\lib\\helpers\\promiseOrCallback.js:31:10)\n    at Mongoose._promiseOrCallback (C:\\Users\\Sahana\\Desktop\\Fundoonote\\Fundoonote\\fundooNotes\\node_modules\\mongoose\\lib\\index.js:1149:10)\n    at Mongoose.connect (C:\\Users\\Sahana\\Desktop\\Fundoonote\\Fundoonote\\fundooNotes\\node_modules\\mongoose\\lib\\index.js:350:20)\n    at _callee$ (C:\\Users\\Sahana\\Desktop\\Fundoonote\\Fundoonote\\fundooNotes\\src\\config\\/database.js:12:20)\n    at tryCatch (C:\\Users\\Sahana\\Desktop\\Fundoonote\\Fundoonote\\fundooNotes\\node_modules\\@babel\\runtime\\helpers\\regeneratorRuntime.js:44:17)\n    at Generator.<anonymous> (C:\\Users\\Sahana\\Desktop\\Fundoonote\\Fundoonote\\fundooNotes\\node_modules\\@babel\\runtime\\helpers\\regeneratorRuntime.js:125:22)\n    at Generator.next (C:\\Users\\Sahana\\Desktop\\Fundoonote\\Fundoonote\\fundooNotes\\node_modules\\@babel\\runtime\\helpers\\regeneratorRuntime.js:69:21)\n    at asyncGeneratorStep (C:\\Users\\Sahana\\Desktop\\Fundoonote\\Fundoonote\\fundooNotes\\node_modules\\@babel\\runtime\\helpers\\asyncToGenerator.js:3:24)\n    at _next (C:\\Users\\Sahana\\Desktop\\Fundoonote\\Fundoonote\\fundooNotes\\node_modules\\@babel\\runtime\\helpers\\asyncToGenerator.js:22:9)\n    at C:\\Users\\Sahana\\Desktop\\Fundoonote\\Fundoonote\\fundooNotes\\node_modules\\@babel\\runtime\\helpers\\asyncToGenerator.js:27:7\n    at new Promise (<anonymous>)\n    at C:\\Users\\Sahana\\Desktop\\Fundoonote\\Fundoonote\\fundooNotes\\node_modules\\@babel\\runtime\\helpers\\asyncToGenerator.js:19:12","timestamp":"2022-12-23T09:49:38.402Z"}
info: Server started at http://localhost:3000/api/v1/ {"timestamp":"2022-12-23T09:51:18.385Z"}
error: 
    status - 500 
    message - MongooseError: Operation `users.find()` buffering timed out after 10000ms
    at Timeout.<anonymous> (C:\Users\Sahana\Desktop\Fundoonote\Fundoonote\fundooNotes\node_modules\mongoose\lib\drivers\node-mongodb-native\collection.js:198:23)
    at listOnTimeout (node:internal/timers:564:17)
    at processTimers (node:internal/timers:507:7) 
    url - /api/v1/users 
    method - GET 
    IP - ::ffff:127.0.0.1
   {"timestamp":"2022-12-23T09:51:28.444Z"}
info: Server started at http://localhost:3000/api/v1/ {"timestamp":"2022-12-23T09:52:24.100Z"}
error: Could not connect to the database. queryTxt ETIMEOUT demo.aoloa.mongodb.net {"code":"ETIMEOUT","hostname":"demo.aoloa.mongodb.net","stack":"Error: queryTxt ETIMEOUT demo.aoloa.mongodb.net\n    at QueryReqWrap.onresolve [as oncomplete] (node:internal/dns/callback_resolver:47:19)","syscall":"queryTxt","timestamp":"2022-12-23T09:53:39.890Z"}
info: Server started at http://localhost:3000/api/v1/ {"timestamp":"2022-12-23T09:55:56.589Z"}
info: Server started at http://localhost:3000/api/v1/ {"timestamp":"2022-12-23T09:56:54.987Z"}
error: Could not connect to the database. connect ECONNREFUSED ::1:27017 {"reason":{"commonWireVersion":null,"compatibilityError":null,"compatible":true,"heartbeatFrequencyMS":10000,"localThresholdMS":15,"logicalSessionTimeoutMinutes":null,"maxElectionId":null,"maxSetVersion":null,"servers":{},"setName":null,"stale":false,"type":"Single"},"stack":"MongooseServerSelectionError: connect ECONNREFUSED ::1:27017\n    at NativeConnection.Connection.openUri (C:\\Users\\Sahana\\Desktop\\Fundoonote\\Fundoonote\\fundooNotes\\node_modules\\mongoose\\lib\\connection.js:847:32)\n    at C:\\Users\\Sahana\\Desktop\\Fundoonote\\Fundoonote\\fundooNotes\\node_modules\\mongoose\\lib\\index.js:351:10\n    at C:\\Users\\Sahana\\Desktop\\Fundoonote\\Fundoonote\\fundooNotes\\node_modules\\mongoose\\lib\\helpers\\promiseOrCallback.js:32:5\n    at new Promise (<anonymous>)\n    at promiseOrCallback (C:\\Users\\Sahana\\Desktop\\Fundoonote\\Fundoonote\\fundooNotes\\node_modules\\mongoose\\lib\\helpers\\promiseOrCallback.js:31:10)\n    at Mongoose._promiseOrCallback (C:\\Users\\Sahana\\Desktop\\Fundoonote\\Fundoonote\\fundooNotes\\node_modules\\mongoose\\lib\\index.js:1149:10)\n    at Mongoose.connect (C:\\Users\\Sahana\\Desktop\\Fundoonote\\Fundoonote\\fundooNotes\\node_modules\\mongoose\\lib\\index.js:350:20)\n    at _callee$ (C:\\Users\\Sahana\\Desktop\\Fundoonote\\Fundoonote\\fundooNotes\\src\\config\\/database.js:13:20)\n    at tryCatch (C:\\Users\\Sahana\\Desktop\\Fundoonote\\Fundoonote\\fundooNotes\\node_modules\\@babel\\runtime\\helpers\\regeneratorRuntime.js:44:17)\n    at Generator.<anonymous> (C:\\Users\\Sahana\\Desktop\\Fundoonote\\Fundoonote\\fundooNotes\\node_modules\\@babel\\runtime\\helpers\\regeneratorRuntime.js:125:22)\n    at Generator.next (C:\\Users\\Sahana\\Desktop\\Fundoonote\\Fundoonote\\fundooNotes\\node_modules\\@babel\\runtime\\helpers\\regeneratorRuntime.js:69:21)\n    at asyncGeneratorStep (C:\\Users\\Sahana\\Desktop\\Fundoonote\\Fundoonote\\fundooNotes\\node_modules\\@babel\\runtime\\helpers\\asyncToGenerator.js:3:24)\n    at _next (C:\\Users\\Sahana\\Desktop\\Fundoonote\\Fundoonote\\fundooNotes\\node_modules\\@babel\\runtime\\helpers\\asyncToGenerator.js:22:9)\n    at C:\\Users\\Sahana\\Desktop\\Fundoonote\\Fundoonote\\fundooNotes\\node_modules\\@babel\\runtime\\helpers\\asyncToGenerator.js:27:7\n    at new Promise (<anonymous>)\n    at C:\\Users\\Sahana\\Desktop\\Fundoonote\\Fundoonote\\fundooNotes\\node_modules\\@babel\\runtime\\helpers\\asyncToGenerator.js:19:12","timestamp":"2022-12-23T09:57:25.015Z"}
info: Server started at http://localhost:3000/api/v1/ {"timestamp":"2022-12-23T09:59:31.306Z"}
info: Connected to the database. {"timestamp":"2022-12-23T09:59:31.335Z"}
error: 
    status - 500 
    message - Error: EmailId Already Exist 
    at _callee2$ (C:\Users\Sahana\Desktop\Fundoonote\Fundoonote\fundooNotes\src\services\/user.service.js:18:11)
    at tryCatch (C:\Users\Sahana\Desktop\Fundoonote\Fundoonote\fundooNotes\node_modules\@babel\runtime\helpers\regeneratorRuntime.js:44:17)
    at Generator.<anonymous> (C:\Users\Sahana\Desktop\Fundoonote\Fundoonote\fundooNotes\node_modules\@babel\runtime\helpers\regeneratorRuntime.js:125:22)
    at Generator.next (C:\Users\Sahana\Desktop\Fundoonote\Fundoonote\fundooNotes\node_modules\@babel\runtime\helpers\regeneratorRuntime.js:69:21)
    at asyncGeneratorStep (C:\Users\Sahana\Desktop\Fundoonote\Fundoonote\fundooNotes\node_modules\@babel\runtime\helpers\asyncToGenerator.js:3:24)
    at _next (C:\Users\Sahana\Desktop\Fundoonote\Fundoonote\fundooNotes\node_modules\@babel\runtime\helpers\asyncToGenerator.js:22:9)
    at processTicksAndRejections (node:internal/process/task_queues:95:5) 
    url - /api/v1/users/register 
    method - POST 
    IP - ::1
   {"timestamp":"2022-12-23T10:01:34.411Z"}
info: Server started at http://localhost:3000/api/v1/ {"timestamp":"2022-12-23T10:02:23.783Z"}
info: Connected to the database. {"timestamp":"2022-12-23T10:02:23.807Z"}
error: 
    status - 500 
    message - ValidationError: "firstName" length must be at least 4 characters long 
    url - /api/v1/users/register 
    method - POST 
    IP - ::1
   {"timestamp":"2022-12-23T10:02:30.346Z"}
error: 
    status - 500 
    message - Error: EmailId Already Exist 
    at _callee2$ (C:\Users\Sahana\Desktop\Fundoonote\Fundoonote\fundooNotes\src\services\/user.service.js:18:11)
    at tryCatch (C:\Users\Sahana\Desktop\Fundoonote\Fundoonote\fundooNotes\node_modules\@babel\runtime\helpers\regeneratorRuntime.js:44:17)
    at Generator.<anonymous> (C:\Users\Sahana\Desktop\Fundoonote\Fundoonote\fundooNotes\node_modules\@babel\runtime\helpers\regeneratorRuntime.js:125:22)
    at Generator.next (C:\Users\Sahana\Desktop\Fundoonote\Fundoonote\fundooNotes\node_modules\@babel\runtime\helpers\regeneratorRuntime.js:69:21)
    at asyncGeneratorStep (C:\Users\Sahana\Desktop\Fundoonote\Fundoonote\fundooNotes\node_modules\@babel\runtime\helpers\asyncToGenerator.js:3:24)
    at _next (C:\Users\Sahana\Desktop\Fundoonote\Fundoonote\fundooNotes\node_modules\@babel\runtime\helpers\asyncToGenerator.js:22:9)
    at processTicksAndRejections (node:internal/process/task_queues:95:5) 
    url - /api/v1/users/register 
    method - POST 
    IP - ::1
   {"timestamp":"2022-12-23T10:02:40.753Z"}
error: 
    status - 500 
    message - Error: EmailId Already Exist 
    at _callee2$ (C:\Users\Sahana\Desktop\Fundoonote\Fundoonote\fundooNotes\src\services\/user.service.js:18:11)
    at tryCatch (C:\Users\Sahana\Desktop\Fundoonote\Fundoonote\fundooNotes\node_modules\@babel\runtime\helpers\regeneratorRuntime.js:44:17)
    at Generator.<anonymous> (C:\Users\Sahana\Desktop\Fundoonote\Fundoonote\fundooNotes\node_modules\@babel\runtime\helpers\regeneratorRuntime.js:125:22)
    at Generator.next (C:\Users\Sahana\Desktop\Fundoonote\Fundoonote\fundooNotes\node_modules\@babel\runtime\helpers\regeneratorRuntime.js:69:21)
    at asyncGeneratorStep (C:\Users\Sahana\Desktop\Fundoonote\Fundoonote\fundooNotes\node_modules\@babel\runtime\helpers\asyncToGenerator.js:3:24)
    at _next (C:\Users\Sahana\Desktop\Fundoonote\Fundoonote\fundooNotes\node_modules\@babel\runtime\helpers\asyncToGenerator.js:22:9)
    at processTicksAndRejections (node:internal/process/task_queues:95:5) 
    url - /api/v1/users/register 
    method - POST 
    IP - ::1
   {"timestamp":"2022-12-23T10:02:51.638Z"}
error: 
    status - 500 
    message - Error: EmailId Already Exist 
    at _callee2$ (C:\Users\Sahana\Desktop\Fundoonote\Fundoonote\fundooNotes\src\services\/user.service.js:18:11)
    at tryCatch (C:\Users\Sahana\Desktop\Fundoonote\Fundoonote\fundooNotes\node_modules\@babel\runtime\helpers\regeneratorRuntime.js:44:17)
    at Generator.<anonymous> (C:\Users\Sahana\Desktop\Fundoonote\Fundoonote\fundooNotes\node_modules\@babel\runtime\helpers\regeneratorRuntime.js:125:22)
    at Generator.next (C:\Users\Sahana\Desktop\Fundoonote\Fundoonote\fundooNotes\node_modules\@babel\runtime\helpers\regeneratorRuntime.js:69:21)
    at asyncGeneratorStep (C:\Users\Sahana\Desktop\Fundoonote\Fundoonote\fundooNotes\node_modules\@babel\runtime\helpers\asyncToGenerator.js:3:24)
    at _next (C:\Users\Sahana\Desktop\Fundoonote\Fundoonote\fundooNotes\node_modules\@babel\runtime\helpers\asyncToGenerator.js:22:9)
    at processTicksAndRejections (node:internal/process/task_queues:95:5) 
    url - /api/v1/users/register 
    method - POST 
    IP - ::1
   {"timestamp":"2022-12-23T10:03:37.166Z"}
info: Server started at http://localhost:3000/api/v1/ {"timestamp":"2022-12-23T10:06:32.907Z"}
info: Connected to the database. {"timestamp":"2022-12-23T10:06:32.943Z"}
info: Server started at http://localhost:3000/api/v1/ {"timestamp":"2022-12-23T11:38:30.708Z"}
info: Connected to the database. {"timestamp":"2022-12-23T11:38:30.845Z"}
info: Server started at http://localhost:3000/api/v1/ {"timestamp":"2022-12-23T11:40:01.652Z"}
info: Connected to the database. {"timestamp":"2022-12-23T11:40:01.772Z"}
error: 
    status - 500 
    message - SyntaxError: Unexpected string in JSON at position 47
    at JSON.parse (<anonymous>)
    at parse (C:\Users\Sahana\Desktop\Fundoonote\Fundoonote\fundooNotes\node_modules\body-parser\lib\types\json.js:89:19)
    at C:\Users\Sahana\Desktop\Fundoonote\Fundoonote\fundooNotes\node_modules\body-parser\lib\read.js:128:18
    at AsyncResource.runInAsyncScope (node:async_hooks:203:9)
    at invokeCallback (C:\Users\Sahana\Desktop\Fundoonote\Fundoonote\fundooNotes\node_modules\raw-body\index.js:231:16)
    at done (C:\Users\Sahana\Desktop\Fundoonote\Fundoonote\fundooNotes\node_modules\raw-body\index.js:220:7)
    at IncomingMessage.onEnd (C:\Users\Sahana\Desktop\Fundoonote\Fundoonote\fundooNotes\node_modules\raw-body\index.js:280:7)
    at IncomingMessage.emit (node:events:513:28)
    at IncomingMessage.emit (node:domain:489:12)
    at endReadableNT (node:internal/streams/readable:1359:12)
    at processTicksAndRejections (node:internal/process/task_queues:82:21) 
    url - /api/v1/users/loginuser 
    method - POST 
    IP - ::1
   {"timestamp":"2022-12-23T11:41:29.404Z"}
error: 
    status - 500 
    message - SyntaxError: Unexpected string in JSON at position 47
    at JSON.parse (<anonymous>)
    at parse (C:\Users\Sahana\Desktop\Fundoonote\Fundoonote\fundooNotes\node_modules\body-parser\lib\types\json.js:89:19)
    at C:\Users\Sahana\Desktop\Fundoonote\Fundoonote\fundooNotes\node_modules\body-parser\lib\read.js:128:18
    at AsyncResource.runInAsyncScope (node:async_hooks:203:9)
    at invokeCallback (C:\Users\Sahana\Desktop\Fundoonote\Fundoonote\fundooNotes\node_modules\raw-body\index.js:231:16)
    at done (C:\Users\Sahana\Desktop\Fundoonote\Fundoonote\fundooNotes\node_modules\raw-body\index.js:220:7)
    at IncomingMessage.onEnd (C:\Users\Sahana\Desktop\Fundoonote\Fundoonote\fundooNotes\node_modules\raw-body\index.js:280:7)
    at IncomingMessage.emit (node:events:513:28)
    at IncomingMessage.emit (node:domain:489:12)
    at endReadableNT (node:internal/streams/readable:1359:12)
    at processTicksAndRejections (node:internal/process/task_queues:82:21) 
    url - /api/v1/users/register 
    method - POST 
    IP - ::1
   {"timestamp":"2022-12-23T11:41:38.991Z"}
error: 
    status - 500 
    message - Error: EmailId Already Exist 
    at _callee2$ (C:\Users\Sahana\Desktop\Fundoonote\Fundoonote\fundooNotes\src\services\/user.service.js:18:11)
    at tryCatch (C:\Users\Sahana\Desktop\Fundoonote\Fundoonote\fundooNotes\node_modules\@babel\runtime\helpers\regeneratorRuntime.js:44:17)
    at Generator.<anonymous> (C:\Users\Sahana\Desktop\Fundoonote\Fundoonote\fundooNotes\node_modules\@babel\runtime\helpers\regeneratorRuntime.js:125:22)
    at Generator.next (C:\Users\Sahana\Desktop\Fundoonote\Fundoonote\fundooNotes\node_modules\@babel\runtime\helpers\regeneratorRuntime.js:69:21)
    at asyncGeneratorStep (C:\Users\Sahana\Desktop\Fundoonote\Fundoonote\fundooNotes\node_modules\@babel\runtime\helpers\asyncToGenerator.js:3:24)
    at _next (C:\Users\Sahana\Desktop\Fundoonote\Fundoonote\fundooNotes\node_modules\@babel\runtime\helpers\asyncToGenerator.js:22:9)
    at processTicksAndRejections (node:internal/process/task_queues:95:5) 
    url - /api/v1/users/register 
    method - POST 
    IP - ::1
   {"timestamp":"2022-12-23T11:41:46.821Z"}
error: 
    status - 500 
    message - Error: EmailId Already Exist 
    at _callee2$ (C:\Users\Sahana\Desktop\Fundoonote\Fundoonote\fundooNotes\src\services\/user.service.js:18:11)
    at tryCatch (C:\Users\Sahana\Desktop\Fundoonote\Fundoonote\fundooNotes\node_modules\@babel\runtime\helpers\regeneratorRuntime.js:44:17)
    at Generator.<anonymous> (C:\Users\Sahana\Desktop\Fundoonote\Fundoonote\fundooNotes\node_modules\@babel\runtime\helpers\regeneratorRuntime.js:125:22)
    at Generator.next (C:\Users\Sahana\Desktop\Fundoonote\Fundoonote\fundooNotes\node_modules\@babel\runtime\helpers\regeneratorRuntime.js:69:21)
    at asyncGeneratorStep (C:\Users\Sahana\Desktop\Fundoonote\Fundoonote\fundooNotes\node_modules\@babel\runtime\helpers\asyncToGenerator.js:3:24)
    at _next (C:\Users\Sahana\Desktop\Fundoonote\Fundoonote\fundooNotes\node_modules\@babel\runtime\helpers\asyncToGenerator.js:22:9)
    at processTicksAndRejections (node:internal/process/task_queues:95:5) 
    url - /api/v1/users/register 
    method - POST 
    IP - ::1
   {"timestamp":"2022-12-23T11:43:07.448Z"}
info: Server started at http://localhost:3000/api/v1/ {"timestamp":"2022-12-23T11:45:55.661Z"}
info: Connected to the database. {"timestamp":"2022-12-23T11:45:55.730Z"}
error: 
    status - 500 
    message - Error: EmailId Already Exist 
    at _callee2$ (C:\Users\Sahana\Desktop\Fundoonote\Fundoonote\fundooNotes\src\services\/user.service.js:18:11)
    at tryCatch (C:\Users\Sahana\Desktop\Fundoonote\Fundoonote\fundooNotes\node_modules\@babel\runtime\helpers\regeneratorRuntime.js:44:17)
    at Generator.<anonymous> (C:\Users\Sahana\Desktop\Fundoonote\Fundoonote\fundooNotes\node_modules\@babel\runtime\helpers\regeneratorRuntime.js:125:22)
    at Generator.next (C:\Users\Sahana\Desktop\Fundoonote\Fundoonote\fundooNotes\node_modules\@babel\runtime\helpers\regeneratorRuntime.js:69:21)
    at asyncGeneratorStep (C:\Users\Sahana\Desktop\Fundoonote\Fundoonote\fundooNotes\node_modules\@babel\runtime\helpers\asyncToGenerator.js:3:24)
    at _next (C:\Users\Sahana\Desktop\Fundoonote\Fundoonote\fundooNotes\node_modules\@babel\runtime\helpers\asyncToGenerator.js:22:9)
    at processTicksAndRejections (node:internal/process/task_queues:95:5) 
    url - /api/v1/users/register 
    method - POST 
    IP - ::1
   {"timestamp":"2022-12-23T11:46:19.494Z"}
info: Server started at http://localhost:3000/api/v1/ {"timestamp":"2022-12-23T11:52:45.282Z"}
info: Connected to the database. {"timestamp":"2022-12-23T11:52:45.320Z"}
error: 
    status - 500 
    message - Error: EmailId Already Exist 
    at _callee2$ (C:\Users\Sahana\Desktop\Fundoonote\Fundoonote\fundooNotes\src\services\/user.service.js:18:11)
    at tryCatch (C:\Users\Sahana\Desktop\Fundoonote\Fundoonote\fundooNotes\node_modules\@babel\runtime\helpers\regeneratorRuntime.js:44:17)
    at Generator.<anonymous> (C:\Users\Sahana\Desktop\Fundoonote\Fundoonote\fundooNotes\node_modules\@babel\runtime\helpers\regeneratorRuntime.js:125:22)
    at Generator.next (C:\Users\Sahana\Desktop\Fundoonote\Fundoonote\fundooNotes\node_modules\@babel\runtime\helpers\regeneratorRuntime.js:69:21)
    at asyncGeneratorStep (C:\Users\Sahana\Desktop\Fundoonote\Fundoonote\fundooNotes\node_modules\@babel\runtime\helpers\asyncToGenerator.js:3:24)
    at _next (C:\Users\Sahana\Desktop\Fundoonote\Fundoonote\fundooNotes\node_modules\@babel\runtime\helpers\asyncToGenerator.js:22:9)
    at processTicksAndRejections (node:internal/process/task_queues:95:5) 
    url - /api/v1/users/register 
    method - POST 
    IP - ::1
   {"timestamp":"2022-12-23T11:52:50.254Z"}
info: Server started at http://localhost:3000/api/v1/ {"timestamp":"2022-12-23T11:53:19.525Z"}
info: Connected to the database. {"timestamp":"2022-12-23T11:53:19.574Z"}
error: 
    status - 500 
    message - Error: EmailId Already Exist 
    at _callee2$ (C:\Users\Sahana\Desktop\Fundoonote\Fundoonote\fundooNotes\src\services\/user.service.js:18:11)
    at tryCatch (C:\Users\Sahana\Desktop\Fundoonote\Fundoonote\fundooNotes\node_modules\@babel\runtime\helpers\regeneratorRuntime.js:44:17)
    at Generator.<anonymous> (C:\Users\Sahana\Desktop\Fundoonote\Fundoonote\fundooNotes\node_modules\@babel\runtime\helpers\regeneratorRuntime.js:125:22)
    at Generator.next (C:\Users\Sahana\Desktop\Fundoonote\Fundoonote\fundooNotes\node_modules\@babel\runtime\helpers\regeneratorRuntime.js:69:21)
    at asyncGeneratorStep (C:\Users\Sahana\Desktop\Fundoonote\Fundoonote\fundooNotes\node_modules\@babel\runtime\helpers\asyncToGenerator.js:3:24)
    at _next (C:\Users\Sahana\Desktop\Fundoonote\Fundoonote\fundooNotes\node_modules\@babel\runtime\helpers\asyncToGenerator.js:22:9)
    at processTicksAndRejections (node:internal/process/task_queues:95:5) 
    url - /api/v1/users/register 
    method - POST 
    IP - ::1
   {"timestamp":"2022-12-23T11:53:55.273Z"}
info: Server started at http://localhost:3000/api/v1/ {"timestamp":"2022-12-23T11:55:45.152Z"}
info: Connected to the database. {"timestamp":"2022-12-23T11:55:45.200Z"}
error: 
    status - 500 
    message - Error: EmailId Already Exist 
    at _callee2$ (C:\Users\Sahana\Desktop\Fundoonote\Fundoonote\fundooNotes\src\services\/user.service.js:18:11)
    at tryCatch (C:\Users\Sahana\Desktop\Fundoonote\Fundoonote\fundooNotes\node_modules\@babel\runtime\helpers\regeneratorRuntime.js:44:17)
    at Generator.<anonymous> (C:\Users\Sahana\Desktop\Fundoonote\Fundoonote\fundooNotes\node_modules\@babel\runtime\helpers\regeneratorRuntime.js:125:22)
    at Generator.next (C:\Users\Sahana\Desktop\Fundoonote\Fundoonote\fundooNotes\node_modules\@babel\runtime\helpers\regeneratorRuntime.js:69:21)
    at asyncGeneratorStep (C:\Users\Sahana\Desktop\Fundoonote\Fundoonote\fundooNotes\node_modules\@babel\runtime\helpers\asyncToGenerator.js:3:24)
    at _next (C:\Users\Sahana\Desktop\Fundoonote\Fundoonote\fundooNotes\node_modules\@babel\runtime\helpers\asyncToGenerator.js:22:9)
    at processTicksAndRejections (node:internal/process/task_queues:95:5) 
    url - /api/v1/users/register 
    method - POST 
    IP - ::1
   {"timestamp":"2022-12-23T11:56:16.737Z"}
info: Server started at http://localhost:3000/api/v1/ {"timestamp":"2022-12-23T12:01:07.922Z"}
info: Connected to the database. {"timestamp":"2022-12-23T12:01:07.972Z"}
info: Server started at http://localhost:3000/api/v1/ {"timestamp":"2022-12-23T12:01:34.128Z"}
info: Connected to the database. {"timestamp":"2022-12-23T12:01:34.208Z"}
info: Server started at http://localhost:3000/api/v1/ {"timestamp":"2022-12-23T12:02:35.142Z"}
info: Connected to the database. {"timestamp":"2022-12-23T12:02:35.174Z"}
error: 
    status - 500 
    message - Error: User with same mailid Already exits
    at _callee2$ (C:\Users\Sahana\Desktop\Fundoonote\Fundoonote\fundooNotes\src\services\/user.service.js:19:11)
    at tryCatch (C:\Users\Sahana\Desktop\Fundoonote\Fundoonote\fundooNotes\node_modules\@babel\runtime\helpers\regeneratorRuntime.js:44:17)
    at Generator.<anonymous> (C:\Users\Sahana\Desktop\Fundoonote\Fundoonote\fundooNotes\node_modules\@babel\runtime\helpers\regeneratorRuntime.js:125:22)
    at Generator.next (C:\Users\Sahana\Desktop\Fundoonote\Fundoonote\fundooNotes\node_modules\@babel\runtime\helpers\regeneratorRuntime.js:69:21)
    at asyncGeneratorStep (C:\Users\Sahana\Desktop\Fundoonote\Fundoonote\fundooNotes\node_modules\@babel\runtime\helpers\asyncToGenerator.js:3:24)
    at _next (C:\Users\Sahana\Desktop\Fundoonote\Fundoonote\fundooNotes\node_modules\@babel\runtime\helpers\asyncToGenerator.js:22:9)
    at processTicksAndRejections (node:internal/process/task_queues:95:5) 
    url - /api/v1/users/register 
    method - POST 
    IP - ::1
   {"timestamp":"2022-12-23T12:02:43.084Z"}
error: 
    status - 500 
    message - ReferenceError: bcrypt is not defined
    at _callee2$ (C:\Users\Sahana\Desktop\Fundoonote\Fundoonote\fundooNotes\src\services\/user.service.js:22:24)
    at tryCatch (C:\Users\Sahana\Desktop\Fundoonote\Fundoonote\fundooNotes\node_modules\@babel\runtime\helpers\regeneratorRuntime.js:44:17)
    at Generator.<anonymous> (C:\Users\Sahana\Desktop\Fundoonote\Fundoonote\fundooNotes\node_modules\@babel\runtime\helpers\regeneratorRuntime.js:125:22)
    at Generator.next (C:\Users\Sahana\Desktop\Fundoonote\Fundoonote\fundooNotes\node_modules\@babel\runtime\helpers\regeneratorRuntime.js:69:21)
    at asyncGeneratorStep (C:\Users\Sahana\Desktop\Fundoonote\Fundoonote\fundooNotes\node_modules\@babel\runtime\helpers\asyncToGenerator.js:3:24)
    at _next (C:\Users\Sahana\Desktop\Fundoonote\Fundoonote\fundooNotes\node_modules\@babel\runtime\helpers\asyncToGenerator.js:22:9)
    at processTicksAndRejections (node:internal/process/task_queues:95:5) 
    url - /api/v1/users/register 
    method - POST 
    IP - ::1
   {"timestamp":"2022-12-23T12:02:52.162Z"}
info: Server started at http://localhost:3000/api/v1/ {"timestamp":"2022-12-23T12:04:00.267Z"}
info: Connected to the database. {"timestamp":"2022-12-23T12:04:00.301Z"}
error: 
    status - 500 
    message - ReferenceError: jwt is not defined
    at _callee6$ (C:\Users\Sahana\Desktop\Fundoonote\Fundoonote\fundooNotes\src\services\/user.service.js:65:13)
    at tryCatch (C:\Users\Sahana\Desktop\Fundoonote\Fundoonote\fundooNotes\node_modules\@babel\runtime\helpers\regeneratorRuntime.js:44:17)
    at Generator.<anonymous> (C:\Users\Sahana\Desktop\Fundoonote\Fundoonote\fundooNotes\node_modules\@babel\runtime\helpers\regeneratorRuntime.js:125:22)
    at Generator.next (C:\Users\Sahana\Desktop\Fundoonote\Fundoonote\fundooNotes\node_modules\@babel\runtime\helpers\regeneratorRuntime.js:69:21)
    at asyncGeneratorStep (C:\Users\Sahana\Desktop\Fundoonote\Fundoonote\fundooNotes\node_modules\@babel\runtime\helpers\asyncToGenerator.js:3:24)
    at _next (C:\Users\Sahana\Desktop\Fundoonote\Fundoonote\fundooNotes\node_modules\@babel\runtime\helpers\asyncToGenerator.js:22:9) 
    url - /api/v1/users/loginuser 
    method - POST 
    IP - ::1
   {"timestamp":"2022-12-23T12:05:29.939Z"}
error: 
    status - 500 
    message - ReferenceError: jwt is not defined
    at _callee6$ (C:\Users\Sahana\Desktop\Fundoonote\Fundoonote\fundooNotes\src\services\/user.service.js:65:13)
    at tryCatch (C:\Users\Sahana\Desktop\Fundoonote\Fundoonote\fundooNotes\node_modules\@babel\runtime\helpers\regeneratorRuntime.js:44:17)
    at Generator.<anonymous> (C:\Users\Sahana\Desktop\Fundoonote\Fundoonote\fundooNotes\node_modules\@babel\runtime\helpers\regeneratorRuntime.js:125:22)
    at Generator.next (C:\Users\Sahana\Desktop\Fundoonote\Fundoonote\fundooNotes\node_modules\@babel\runtime\helpers\regeneratorRuntime.js:69:21)
    at asyncGeneratorStep (C:\Users\Sahana\Desktop\Fundoonote\Fundoonote\fundooNotes\node_modules\@babel\runtime\helpers\asyncToGenerator.js:3:24)
    at _next (C:\Users\Sahana\Desktop\Fundoonote\Fundoonote\fundooNotes\node_modules\@babel\runtime\helpers\asyncToGenerator.js:22:9) 
    url - /api/v1/users/loginuser 
    method - POST 
    IP - ::1
   {"timestamp":"2022-12-23T12:06:55.048Z"}
info: Server started at http://localhost:3000/api/v1/ {"timestamp":"2022-12-23T12:09:07.859Z"}
info: Connected to the database. {"timestamp":"2022-12-23T12:09:07.898Z"}
error: 
    status - 500 
    message - Error: secretOrPrivateKey must have a value
    at Object.sign (C:\Users\Sahana\Desktop\Fundoonote\Fundoonote\fundooNotes\node_modules\jsonwebtoken\sign.js:107:20)
    at _callee6$ (C:\Users\Sahana\Desktop\Fundoonote\Fundoonote\fundooNotes\src\services\/user.service.js:66:23)
    at tryCatch (C:\Users\Sahana\Desktop\Fundoonote\Fundoonote\fundooNotes\node_modules\@babel\runtime\helpers\regeneratorRuntime.js:44:17)
    at Generator.<anonymous> (C:\Users\Sahana\Desktop\Fundoonote\Fundoonote\fundooNotes\node_modules\@babel\runtime\helpers\regeneratorRuntime.js:125:22)
    at Generator.next (C:\Users\Sahana\Desktop\Fundoonote\Fundoonote\fundooNotes\node_modules\@babel\runtime\helpers\regeneratorRuntime.js:69:21)
    at asyncGeneratorStep (C:\Users\Sahana\Desktop\Fundoonote\Fundoonote\fundooNotes\node_modules\@babel\runtime\helpers\asyncToGenerator.js:3:24)
    at _next (C:\Users\Sahana\Desktop\Fundoonote\Fundoonote\fundooNotes\node_modules\@babel\runtime\helpers\asyncToGenerator.js:22:9) 
    url - /api/v1/users/loginuser 
    method - POST 
    IP - ::1
   {"timestamp":"2022-12-23T12:09:13.329Z"}
error: 
    status - 500 
    message - Error: secretOrPrivateKey must have a value
    at Object.sign (C:\Users\Sahana\Desktop\Fundoonote\Fundoonote\fundooNotes\node_modules\jsonwebtoken\sign.js:107:20)
    at _callee6$ (C:\Users\Sahana\Desktop\Fundoonote\Fundoonote\fundooNotes\src\services\/user.service.js:66:23)
    at tryCatch (C:\Users\Sahana\Desktop\Fundoonote\Fundoonote\fundooNotes\node_modules\@babel\runtime\helpers\regeneratorRuntime.js:44:17)
    at Generator.<anonymous> (C:\Users\Sahana\Desktop\Fundoonote\Fundoonote\fundooNotes\node_modules\@babel\runtime\helpers\regeneratorRuntime.js:125:22)
    at Generator.next (C:\Users\Sahana\Desktop\Fundoonote\Fundoonote\fundooNotes\node_modules\@babel\runtime\helpers\regeneratorRuntime.js:69:21)
    at asyncGeneratorStep (C:\Users\Sahana\Desktop\Fundoonote\Fundoonote\fundooNotes\node_modules\@babel\runtime\helpers\asyncToGenerator.js:3:24)
    at _next (C:\Users\Sahana\Desktop\Fundoonote\Fundoonote\fundooNotes\node_modules\@babel\runtime\helpers\asyncToGenerator.js:22:9) 
    url - /api/v1/users/loginuser 
    method - POST 
    IP - ::1
   {"timestamp":"2022-12-23T12:10:32.349Z"}
info: Server started at http://localhost:3000/api/v1/ {"timestamp":"2022-12-23T12:12:48.768Z"}
info: Connected to the database. {"timestamp":"2022-12-23T12:12:48.807Z"}
info: Server started at http://localhost:3000/api/v1/ {"timestamp":"2022-12-23T12:15:48.776Z"}
info: Connected to the database. {"timestamp":"2022-12-23T12:15:48.814Z"}
info: Server started at http://localhost:3000/api/v1/ {"timestamp":"2022-12-23T12:17:12.936Z"}
info: Connected to the database. {"timestamp":"2022-12-23T12:17:12.972Z"}
info: Server started at http://localhost:3000/api/v1/ {"timestamp":"2022-12-23T12:18:57.338Z"}
info: Connected to the database. {"timestamp":"2022-12-23T12:18:57.402Z"}
info: Connected to the database. {"timestamp":"2022-12-23T12:22:34.797Z"}
info: Connected to the database. {"timestamp":"2022-12-23T12:23:09.548Z"}
info: Connected to the database. {"timestamp":"2022-12-23T12:25:39.635Z"}
info: Connected to the database. {"timestamp":"2022-12-23T12:26:18.402Z"}
info: Connected to the database. {"timestamp":"2022-12-23T12:32:25.636Z"}
info: Connected to the database. {"timestamp":"2022-12-23T12:33:50.322Z"}
info: Connected to the database. {"timestamp":"2022-12-23T12:35:19.507Z"}
info: Connected to the database. {"timestamp":"2022-12-23T12:35:44.968Z"}
info: Connected to the database. {"timestamp":"2022-12-23T12:36:29.422Z"}
info: Connected to the database. {"timestamp":"2022-12-23T12:36:43.219Z"}
info: Connected to the database. {"timestamp":"2022-12-23T12:40:44.762Z"}
info: Connected to the database. {"timestamp":"2022-12-23T12:45:05.168Z"}
info: Connected to the database. {"timestamp":"2022-12-23T12:45:34.600Z"}
info: Connected to the database. {"timestamp":"2022-12-23T12:59:30.659Z"}
info: Connected to the database. {"timestamp":"2022-12-23T14:14:13.580Z"}
info: Connected to the database. {"timestamp":"2022-12-23T14:17:53.482Z"}
info: Connected to the database. {"timestamp":"2022-12-23T14:22:14.288Z"}
info: Connected to the database. {"timestamp":"2022-12-23T14:59:27.240Z"}
info: Connected to the database. {"timestamp":"2022-12-23T15:02:08.963Z"}
info: Connected to the database. {"timestamp":"2022-12-23T15:02:21.444Z"}
info: Connected to the database. {"timestamp":"2022-12-23T15:06:16.228Z"}
info: Connected to the database. {"timestamp":"2022-12-23T15:06:49.842Z"}
info: Connected to the database. {"timestamp":"2022-12-23T15:07:07.230Z"}
info: Connected to the database. {"timestamp":"2022-12-23T15:07:30.505Z"}
info: Connected to the database. {"timestamp":"2022-12-23T15:09:50.954Z"}
info: Connected to the database. {"timestamp":"2022-12-23T15:12:36.148Z"}
info: Server started at http://localhost:3000/api/v1/ {"timestamp":"2022-12-23T15:14:45.940Z"}
info: Connected to the database. {"timestamp":"2022-12-23T15:14:45.984Z"}
info: Server started at http://localhost:3000/api/v1/ {"timestamp":"2022-12-23T15:14:56.583Z"}
info: Connected to the database. {"timestamp":"2022-12-23T15:14:56.609Z"}
info: Server started at http://localhost:3000/api/v1/ {"timestamp":"2022-12-23T15:19:43.573Z"}
info: Connected to the database. {"timestamp":"2022-12-23T15:19:43.598Z"}
error: 
    status - 500 
    message - JsonWebTokenError: invalid signature
    at C:\Users\Sahana\Desktop\Fundoonote\Fundoonote\fundooNotes\node_modules\jsonwebtoken\verify.js:133:19
    at getSecret (C:\Users\Sahana\Desktop\Fundoonote\Fundoonote\fundooNotes\node_modules\jsonwebtoken\verify.js:90:14)
    at Object.verify (C:\Users\Sahana\Desktop\Fundoonote\Fundoonote\fundooNotes\node_modules\jsonwebtoken\verify.js:94:10)
    at _callee$ (C:\Users\Sahana\Desktop\Fundoonote\Fundoonote\fundooNotes\src\middlewares\/auth.middleware.js:22:32)
    at tryCatch (C:\Users\Sahana\Desktop\Fundoonote\Fundoonote\fundooNotes\node_modules\@babel\runtime\helpers\regeneratorRuntime.js:44:17)
    at Generator.<anonymous> (C:\Users\Sahana\Desktop\Fundoonote\Fundoonote\fundooNotes\node_modules\@babel\runtime\helpers\regeneratorRuntime.js:125:22)
    at Generator.next (C:\Users\Sahana\Desktop\Fundoonote\Fundoonote\fundooNotes\node_modules\@babel\runtime\helpers\regeneratorRuntime.js:69:21)
    at asyncGeneratorStep (C:\Users\Sahana\Desktop\Fundoonote\Fundoonote\fundooNotes\node_modules\@babel\runtime\helpers\asyncToGenerator.js:3:24)
    at _next (C:\Users\Sahana\Desktop\Fundoonote\Fundoonote\fundooNotes\node_modules\@babel\runtime\helpers\asyncToGenerator.js:22:9)
    at C:\Users\Sahana\Desktop\Fundoonote\Fundoonote\fundooNotes\node_modules\@babel\runtime\helpers\asyncToGenerator.js:27:7
    at new Promise (<anonymous>)
    at C:\Users\Sahana\Desktop\Fundoonote\Fundoonote\fundooNotes\node_modules\@babel\runtime\helpers\asyncToGenerator.js:19:12
    at userAuth (C:\Users\Sahana\Desktop\Fundoonote\Fundoonote\fundooNotes\src\middlewares\/auth.middleware.js:12:22)
    at Layer.handle [as handle_request] (C:\Users\Sahana\Desktop\Fundoonote\Fundoonote\fundooNotes\node_modules\express\lib\router\layer.js:95:5)
    at next (C:\Users\Sahana\Desktop\Fundoonote\Fundoonote\fundooNotes\node_modules\express\lib\router\route.js:144:13)
    at Route.dispatch (C:\Users\Sahana\Desktop\Fundoonote\Fundoonote\fundooNotes\node_modules\express\lib\router\route.js:114:3)
    at Layer.handle [as handle_request] (C:\Users\Sahana\Desktop\Fundoonote\Fundoonote\fundooNotes\node_modules\express\lib\router\layer.js:95:5)
    at C:\Users\Sahana\Desktop\Fundoonote\Fundoonote\fundooNotes\node_modules\express\lib\router\index.js:284:15
    at Function.process_params (C:\Users\Sahana\Desktop\Fundoonote\Fundoonote\fundooNotes\node_modules\express\lib\router\index.js:346:12)
    at next (C:\Users\Sahana\Desktop\Fundoonote\Fundoonote\fundooNotes\node_modules\express\lib\router\index.js:280:10)
    at Function.handle (C:\Users\Sahana\Desktop\Fundoonote\Fundoonote\fundooNotes\node_modules\express\lib\router\index.js:175:3)
    at router (C:\Users\Sahana\Desktop\Fundoonote\Fundoonote\fundooNotes\node_modules\express\lib\router\index.js:47:12)
    at Layer.handle [as handle_request] (C:\Users\Sahana\Desktop\Fundoonote\Fundoonote\fundooNotes\node_modules\express\lib\router\layer.js:95:5)
    at trim_prefix (C:\Users\Sahana\Desktop\Fundoonote\Fundoonote\fundooNotes\node_modules\express\lib\router\index.js:328:13)
    at C:\Users\Sahana\Desktop\Fundoonote\Fundoonote\fundooNotes\node_modules\express\lib\router\index.js:286:9
    at Function.process_params (C:\Users\Sahana\Desktop\Fundoonote\Fundoonote\fundooNotes\node_modules\express\lib\router\index.js:346:12)
    at next (C:\Users\Sahana\Desktop\Fundoonote\Fundoonote\fundooNotes\node_modules\express\lib\router\index.js:280:10)
    at Function.handle (C:\Users\Sahana\Desktop\Fundoonote\Fundoonote\fundooNotes\node_modules\express\lib\router\index.js:175:3)
    at router (C:\Users\Sahana\Desktop\Fundoonote\Fundoonote\fundooNotes\node_modules\express\lib\router\index.js:47:12)
    at Layer.handle [as handle_request] (C:\Users\Sahana\Desktop\Fundoonote\Fundoonote\fundooNotes\node_modules\express\lib\router\layer.js:95:5)
    at trim_prefix (C:\Users\Sahana\Desktop\Fundoonote\Fundoonote\fundooNotes\node_modules\express\lib\router\index.js:328:13)
    at C:\Users\Sahana\Desktop\Fundoonote\Fundoonote\fundooNotes\node_modules\express\lib\router\index.js:286:9
    at Function.process_params (C:\Users\Sahana\Desktop\Fundoonote\Fundoonote\fundooNotes\node_modules\express\lib\router\index.js:346:12)
    at next (C:\Users\Sahana\Desktop\Fundoonote\Fundoonote\fundooNotes\node_modules\express\lib\router\index.js:280:10)
    at logger (C:\Users\Sahana\Desktop\Fundoonote\Fundoonote\fundooNotes\node_modules\morgan\index.js:144:5)
    at Layer.handle [as handle_request] (C:\Users\Sahana\Desktop\Fundoonote\Fundoonote\fundooNotes\node_modules\express\lib\router\layer.js:95:5)
    at trim_prefix (C:\Users\Sahana\Desktop\Fundoonote\Fundoonote\fundooNotes\node_modules\express\lib\router\index.js:328:13)
    at C:\Users\Sahana\Desktop\Fundoonote\Fundoonote\fundooNotes\node_modules\express\lib\router\index.js:286:9
    at Function.process_params (C:\Users\Sahana\Desktop\Fundoonote\Fundoonote\fundooNotes\node_modules\express\lib\router\index.js:346:12)
    at next (C:\Users\Sahana\Desktop\Fundoonote\Fundoonote\fundooNotes\node_modules\express\lib\router\index.js:280:10)
    at C:\Users\Sahana\Desktop\Fundoonote\Fundoonote\fundooNotes\node_modules\body-parser\lib\read.js:137:5
    at AsyncResource.runInAsyncScope (node:async_hooks:203:9)
    at invokeCallback (C:\Users\Sahana\Desktop\Fundoonote\Fundoonote\fundooNotes\node_modules\raw-body\index.js:231:16)
    at done (C:\Users\Sahana\Desktop\Fundoonote\Fundoonote\fundooNotes\node_modules\raw-body\index.js:220:7)
    at IncomingMessage.onEnd (C:\Users\Sahana\Desktop\Fundoonote\Fundoonote\fundooNotes\node_modules\raw-body\index.js:280:7)
    at IncomingMessage.emit (node:events:513:28)
    at IncomingMessage.emit (node:domain:489:12)
    at endReadableNT (node:internal/streams/readable:1359:12)
    at processTicksAndRejections (node:internal/process/task_queues:82:21) 
    url - /api/v1/notes/create 
    method - POST 
    IP - ::1
   {"timestamp":"2022-12-23T15:22:54.811Z"}
info: Server started at http://localhost:3000/api/v1/ {"timestamp":"2022-12-23T15:24:17.030Z"}
info: Connected to the database. {"timestamp":"2022-12-23T15:24:17.067Z"}
info: Server started at http://localhost:3000/api/v1/ {"timestamp":"2022-12-23T15:25:10.185Z"}
info: Connected to the database. {"timestamp":"2022-12-23T15:25:10.216Z"}
info: Server started at http://localhost:3000/api/v1/ {"timestamp":"2022-12-23T15:27:54.575Z"}
info: Connected to the database. {"timestamp":"2022-12-23T15:27:54.603Z"}
error: 
    status - 500 
    message - JsonWebTokenError: invalid signature
    at C:\Users\Sahana\Desktop\Fundoonote\Fundoonote\fundooNotes\node_modules\jsonwebtoken\verify.js:133:19
    at getSecret (C:\Users\Sahana\Desktop\Fundoonote\Fundoonote\fundooNotes\node_modules\jsonwebtoken\verify.js:90:14)
    at Object.verify (C:\Users\Sahana\Desktop\Fundoonote\Fundoonote\fundooNotes\node_modules\jsonwebtoken\verify.js:94:10)
    at _callee$ (C:\Users\Sahana\Desktop\Fundoonote\Fundoonote\fundooNotes\src\middlewares\/auth.middleware.js:22:29)
    at tryCatch (C:\Users\Sahana\Desktop\Fundoonote\Fundoonote\fundooNotes\node_modules\@babel\runtime\helpers\regeneratorRuntime.js:44:17)
    at Generator.<anonymous> (C:\Users\Sahana\Desktop\Fundoonote\Fundoonote\fundooNotes\node_modules\@babel\runtime\helpers\regeneratorRuntime.js:125:22)
    at Generator.next (C:\Users\Sahana\Desktop\Fundoonote\Fundoonote\fundooNotes\node_modules\@babel\runtime\helpers\regeneratorRuntime.js:69:21)
    at asyncGeneratorStep (C:\Users\Sahana\Desktop\Fundoonote\Fundoonote\fundooNotes\node_modules\@babel\runtime\helpers\asyncToGenerator.js:3:24)
    at _next (C:\Users\Sahana\Desktop\Fundoonote\Fundoonote\fundooNotes\node_modules\@babel\runtime\helpers\asyncToGenerator.js:22:9)
    at C:\Users\Sahana\Desktop\Fundoonote\Fundoonote\fundooNotes\node_modules\@babel\runtime\helpers\asyncToGenerator.js:27:7
    at new Promise (<anonymous>)
    at C:\Users\Sahana\Desktop\Fundoonote\Fundoonote\fundooNotes\node_modules\@babel\runtime\helpers\asyncToGenerator.js:19:12
    at userAuth (C:\Users\Sahana\Desktop\Fundoonote\Fundoonote\fundooNotes\src\middlewares\/auth.middleware.js:12:22)
    at Layer.handle [as handle_request] (C:\Users\Sahana\Desktop\Fundoonote\Fundoonote\fundooNotes\node_modules\express\lib\router\layer.js:95:5)
    at next (C:\Users\Sahana\Desktop\Fundoonote\Fundoonote\fundooNotes\node_modules\express\lib\router\route.js:144:13)
    at Route.dispatch (C:\Users\Sahana\Desktop\Fundoonote\Fundoonote\fundooNotes\node_modules\express\lib\router\route.js:114:3)
    at Layer.handle [as handle_request] (C:\Users\Sahana\Desktop\Fundoonote\Fundoonote\fundooNotes\node_modules\express\lib\router\layer.js:95:5)
    at C:\Users\Sahana\Desktop\Fundoonote\Fundoonote\fundooNotes\node_modules\express\lib\router\index.js:284:15
    at Function.process_params (C:\Users\Sahana\Desktop\Fundoonote\Fundoonote\fundooNotes\node_modules\express\lib\router\index.js:346:12)
    at next (C:\Users\Sahana\Desktop\Fundoonote\Fundoonote\fundooNotes\node_modules\express\lib\router\index.js:280:10)
    at Function.handle (C:\Users\Sahana\Desktop\Fundoonote\Fundoonote\fundooNotes\node_modules\express\lib\router\index.js:175:3)
    at router (C:\Users\Sahana\Desktop\Fundoonote\Fundoonote\fundooNotes\node_modules\express\lib\router\index.js:47:12)
    at Layer.handle [as handle_request] (C:\Users\Sahana\Desktop\Fundoonote\Fundoonote\fundooNotes\node_modules\express\lib\router\layer.js:95:5)
    at trim_prefix (C:\Users\Sahana\Desktop\Fundoonote\Fundoonote\fundooNotes\node_modules\express\lib\router\index.js:328:13)
    at C:\Users\Sahana\Desktop\Fundoonote\Fundoonote\fundooNotes\node_modules\express\lib\router\index.js:286:9
    at Function.process_params (C:\Users\Sahana\Desktop\Fundoonote\Fundoonote\fundooNotes\node_modules\express\lib\router\index.js:346:12)
    at next (C:\Users\Sahana\Desktop\Fundoonote\Fundoonote\fundooNotes\node_modules\express\lib\router\index.js:280:10)
    at Function.handle (C:\Users\Sahana\Desktop\Fundoonote\Fundoonote\fundooNotes\node_modules\express\lib\router\index.js:175:3)
    at router (C:\Users\Sahana\Desktop\Fundoonote\Fundoonote\fundooNotes\node_modules\express\lib\router\index.js:47:12)
    at Layer.handle [as handle_request] (C:\Users\Sahana\Desktop\Fundoonote\Fundoonote\fundooNotes\node_modules\express\lib\router\layer.js:95:5)
    at trim_prefix (C:\Users\Sahana\Desktop\Fundoonote\Fundoonote\fundooNotes\node_modules\express\lib\router\index.js:328:13)
    at C:\Users\Sahana\Desktop\Fundoonote\Fundoonote\fundooNotes\node_modules\express\lib\router\index.js:286:9
    at Function.process_params (C:\Users\Sahana\Desktop\Fundoonote\Fundoonote\fundooNotes\node_modules\express\lib\router\index.js:346:12)
    at next (C:\Users\Sahana\Desktop\Fundoonote\Fundoonote\fundooNotes\node_modules\express\lib\router\index.js:280:10)
    at logger (C:\Users\Sahana\Desktop\Fundoonote\Fundoonote\fundooNotes\node_modules\morgan\index.js:144:5)
    at Layer.handle [as handle_request] (C:\Users\Sahana\Desktop\Fundoonote\Fundoonote\fundooNotes\node_modules\express\lib\router\layer.js:95:5)
    at trim_prefix (C:\Users\Sahana\Desktop\Fundoonote\Fundoonote\fundooNotes\node_modules\express\lib\router\index.js:328:13)
    at C:\Users\Sahana\Desktop\Fundoonote\Fundoonote\fundooNotes\node_modules\express\lib\router\index.js:286:9
    at Function.process_params (C:\Users\Sahana\Desktop\Fundoonote\Fundoonote\fundooNotes\node_modules\express\lib\router\index.js:346:12)
    at next (C:\Users\Sahana\Desktop\Fundoonote\Fundoonote\fundooNotes\node_modules\express\lib\router\index.js:280:10)
    at C:\Users\Sahana\Desktop\Fundoonote\Fundoonote\fundooNotes\node_modules\body-parser\lib\read.js:137:5
    at AsyncResource.runInAsyncScope (node:async_hooks:203:9)
    at invokeCallback (C:\Users\Sahana\Desktop\Fundoonote\Fundoonote\fundooNotes\node_modules\raw-body\index.js:231:16)
    at done (C:\Users\Sahana\Desktop\Fundoonote\Fundoonote\fundooNotes\node_modules\raw-body\index.js:220:7)
    at IncomingMessage.onEnd (C:\Users\Sahana\Desktop\Fundoonote\Fundoonote\fundooNotes\node_modules\raw-body\index.js:280:7)
    at IncomingMessage.emit (node:events:513:28)
    at IncomingMessage.emit (node:domain:489:12)
    at endReadableNT (node:internal/streams/readable:1359:12)
    at processTicksAndRejections (node:internal/process/task_queues:82:21) 
    url - /api/v1/notes/create 
    method - POST 
    IP - ::1
   {"timestamp":"2022-12-23T15:27:55.111Z"}
info: Server started at http://localhost:3000/api/v1/ {"timestamp":"2022-12-23T15:30:33.125Z"}
info: Connected to the database. {"timestamp":"2022-12-23T15:30:33.151Z"}
error: 
    status - 500 
    message - JsonWebTokenError: secret or public key must be provided
    at C:\Users\Sahana\Desktop\Fundoonote\Fundoonote\fundooNotes\node_modules\jsonwebtoken\verify.js:106:19
    at getSecret (C:\Users\Sahana\Desktop\Fundoonote\Fundoonote\fundooNotes\node_modules\jsonwebtoken\verify.js:90:14)
    at Object.verify (C:\Users\Sahana\Desktop\Fundoonote\Fundoonote\fundooNotes\node_modules\jsonwebtoken\verify.js:94:10)
    at _callee$ (C:\Users\Sahana\Desktop\Fundoonote\Fundoonote\fundooNotes\src\middlewares\/auth.middleware.js:22:29)
    at tryCatch (C:\Users\Sahana\Desktop\Fundoonote\Fundoonote\fundooNotes\node_modules\@babel\runtime\helpers\regeneratorRuntime.js:44:17)
    at Generator.<anonymous> (C:\Users\Sahana\Desktop\Fundoonote\Fundoonote\fundooNotes\node_modules\@babel\runtime\helpers\regeneratorRuntime.js:125:22)
    at Generator.next (C:\Users\Sahana\Desktop\Fundoonote\Fundoonote\fundooNotes\node_modules\@babel\runtime\helpers\regeneratorRuntime.js:69:21)
    at asyncGeneratorStep (C:\Users\Sahana\Desktop\Fundoonote\Fundoonote\fundooNotes\node_modules\@babel\runtime\helpers\asyncToGenerator.js:3:24)
    at _next (C:\Users\Sahana\Desktop\Fundoonote\Fundoonote\fundooNotes\node_modules\@babel\runtime\helpers\asyncToGenerator.js:22:9)
    at C:\Users\Sahana\Desktop\Fundoonote\Fundoonote\fundooNotes\node_modules\@babel\runtime\helpers\asyncToGenerator.js:27:7
    at new Promise (<anonymous>)
    at C:\Users\Sahana\Desktop\Fundoonote\Fundoonote\fundooNotes\node_modules\@babel\runtime\helpers\asyncToGenerator.js:19:12
    at userAuth (C:\Users\Sahana\Desktop\Fundoonote\Fundoonote\fundooNotes\src\middlewares\/auth.middleware.js:12:22)
    at Layer.handle [as handle_request] (C:\Users\Sahana\Desktop\Fundoonote\Fundoonote\fundooNotes\node_modules\express\lib\router\layer.js:95:5)
    at next (C:\Users\Sahana\Desktop\Fundoonote\Fundoonote\fundooNotes\node_modules\express\lib\router\route.js:144:13)
    at Route.dispatch (C:\Users\Sahana\Desktop\Fundoonote\Fundoonote\fundooNotes\node_modules\express\lib\router\route.js:114:3)
    at Layer.handle [as handle_request] (C:\Users\Sahana\Desktop\Fundoonote\Fundoonote\fundooNotes\node_modules\express\lib\router\layer.js:95:5)
    at C:\Users\Sahana\Desktop\Fundoonote\Fundoonote\fundooNotes\node_modules\express\lib\router\index.js:284:15
    at Function.process_params (C:\Users\Sahana\Desktop\Fundoonote\Fundoonote\fundooNotes\node_modules\express\lib\router\index.js:346:12)
    at next (C:\Users\Sahana\Desktop\Fundoonote\Fundoonote\fundooNotes\node_modules\express\lib\router\index.js:280:10)
    at Function.handle (C:\Users\Sahana\Desktop\Fundoonote\Fundoonote\fundooNotes\node_modules\express\lib\router\index.js:175:3)
    at router (C:\Users\Sahana\Desktop\Fundoonote\Fundoonote\fundooNotes\node_modules\express\lib\router\index.js:47:12)
    at Layer.handle [as handle_request] (C:\Users\Sahana\Desktop\Fundoonote\Fundoonote\fundooNotes\node_modules\express\lib\router\layer.js:95:5)
    at trim_prefix (C:\Users\Sahana\Desktop\Fundoonote\Fundoonote\fundooNotes\node_modules\express\lib\router\index.js:328:13)
    at C:\Users\Sahana\Desktop\Fundoonote\Fundoonote\fundooNotes\node_modules\express\lib\router\index.js:286:9
    at Function.process_params (C:\Users\Sahana\Desktop\Fundoonote\Fundoonote\fundooNotes\node_modules\express\lib\router\index.js:346:12)
    at next (C:\Users\Sahana\Desktop\Fundoonote\Fundoonote\fundooNotes\node_modules\express\lib\router\index.js:280:10)
    at Function.handle (C:\Users\Sahana\Desktop\Fundoonote\Fundoonote\fundooNotes\node_modules\express\lib\router\index.js:175:3)
    at router (C:\Users\Sahana\Desktop\Fundoonote\Fundoonote\fundooNotes\node_modules\express\lib\router\index.js:47:12)
    at Layer.handle [as handle_request] (C:\Users\Sahana\Desktop\Fundoonote\Fundoonote\fundooNotes\node_modules\express\lib\router\layer.js:95:5)
    at trim_prefix (C:\Users\Sahana\Desktop\Fundoonote\Fundoonote\fundooNotes\node_modules\express\lib\router\index.js:328:13)
    at C:\Users\Sahana\Desktop\Fundoonote\Fundoonote\fundooNotes\node_modules\express\lib\router\index.js:286:9
    at Function.process_params (C:\Users\Sahana\Desktop\Fundoonote\Fundoonote\fundooNotes\node_modules\express\lib\router\index.js:346:12)
    at next (C:\Users\Sahana\Desktop\Fundoonote\Fundoonote\fundooNotes\node_modules\express\lib\router\index.js:280:10)
    at logger (C:\Users\Sahana\Desktop\Fundoonote\Fundoonote\fundooNotes\node_modules\morgan\index.js:144:5)
    at Layer.handle [as handle_request] (C:\Users\Sahana\Desktop\Fundoonote\Fundoonote\fundooNotes\node_modules\express\lib\router\layer.js:95:5)
    at trim_prefix (C:\Users\Sahana\Desktop\Fundoonote\Fundoonote\fundooNotes\node_modules\express\lib\router\index.js:328:13)
    at C:\Users\Sahana\Desktop\Fundoonote\Fundoonote\fundooNotes\node_modules\express\lib\router\index.js:286:9
    at Function.process_params (C:\Users\Sahana\Desktop\Fundoonote\Fundoonote\fundooNotes\node_modules\express\lib\router\index.js:346:12)
    at next (C:\Users\Sahana\Desktop\Fundoonote\Fundoonote\fundooNotes\node_modules\express\lib\router\index.js:280:10)
    at C:\Users\Sahana\Desktop\Fundoonote\Fundoonote\fundooNotes\node_modules\body-parser\lib\read.js:137:5
    at AsyncResource.runInAsyncScope (node:async_hooks:203:9)
    at invokeCallback (C:\Users\Sahana\Desktop\Fundoonote\Fundoonote\fundooNotes\node_modules\raw-body\index.js:231:16)
    at done (C:\Users\Sahana\Desktop\Fundoonote\Fundoonote\fundooNotes\node_modules\raw-body\index.js:220:7)
    at IncomingMessage.onEnd (C:\Users\Sahana\Desktop\Fundoonote\Fundoonote\fundooNotes\node_modules\raw-body\index.js:280:7)
    at IncomingMessage.emit (node:events:513:28)
    at IncomingMessage.emit (node:domain:489:12)
    at endReadableNT (node:internal/streams/readable:1359:12)
    at processTicksAndRejections (node:internal/process/task_queues:82:21) 
    url - /api/v1/notes/create 
    method - POST 
    IP - ::1
   {"timestamp":"2022-12-23T15:30:45.654Z"}
error: 
    status - 500 
    message - JsonWebTokenError: secret or public key must be provided
    at C:\Users\Sahana\Desktop\Fundoonote\Fundoonote\fundooNotes\node_modules\jsonwebtoken\verify.js:106:19
    at getSecret (C:\Users\Sahana\Desktop\Fundoonote\Fundoonote\fundooNotes\node_modules\jsonwebtoken\verify.js:90:14)
    at Object.verify (C:\Users\Sahana\Desktop\Fundoonote\Fundoonote\fundooNotes\node_modules\jsonwebtoken\verify.js:94:10)
    at _callee$ (C:\Users\Sahana\Desktop\Fundoonote\Fundoonote\fundooNotes\src\middlewares\/auth.middleware.js:22:29)
    at tryCatch (C:\Users\Sahana\Desktop\Fundoonote\Fundoonote\fundooNotes\node_modules\@babel\runtime\helpers\regeneratorRuntime.js:44:17)
    at Generator.<anonymous> (C:\Users\Sahana\Desktop\Fundoonote\Fundoonote\fundooNotes\node_modules\@babel\runtime\helpers\regeneratorRuntime.js:125:22)
    at Generator.next (C:\Users\Sahana\Desktop\Fundoonote\Fundoonote\fundooNotes\node_modules\@babel\runtime\helpers\regeneratorRuntime.js:69:21)
    at asyncGeneratorStep (C:\Users\Sahana\Desktop\Fundoonote\Fundoonote\fundooNotes\node_modules\@babel\runtime\helpers\asyncToGenerator.js:3:24)
    at _next (C:\Users\Sahana\Desktop\Fundoonote\Fundoonote\fundooNotes\node_modules\@babel\runtime\helpers\asyncToGenerator.js:22:9)
    at C:\Users\Sahana\Desktop\Fundoonote\Fundoonote\fundooNotes\node_modules\@babel\runtime\helpers\asyncToGenerator.js:27:7
    at new Promise (<anonymous>)
    at C:\Users\Sahana\Desktop\Fundoonote\Fundoonote\fundooNotes\node_modules\@babel\runtime\helpers\asyncToGenerator.js:19:12
    at userAuth (C:\Users\Sahana\Desktop\Fundoonote\Fundoonote\fundooNotes\src\middlewares\/auth.middleware.js:12:22)
    at Layer.handle [as handle_request] (C:\Users\Sahana\Desktop\Fundoonote\Fundoonote\fundooNotes\node_modules\express\lib\router\layer.js:95:5)
    at next (C:\Users\Sahana\Desktop\Fundoonote\Fundoonote\fundooNotes\node_modules\express\lib\router\route.js:144:13)
    at Route.dispatch (C:\Users\Sahana\Desktop\Fundoonote\Fundoonote\fundooNotes\node_modules\express\lib\router\route.js:114:3)
    at Layer.handle [as handle_request] (C:\Users\Sahana\Desktop\Fundoonote\Fundoonote\fundooNotes\node_modules\express\lib\router\layer.js:95:5)
    at C:\Users\Sahana\Desktop\Fundoonote\Fundoonote\fundooNotes\node_modules\express\lib\router\index.js:284:15
    at Function.process_params (C:\Users\Sahana\Desktop\Fundoonote\Fundoonote\fundooNotes\node_modules\express\lib\router\index.js:346:12)
    at next (C:\Users\Sahana\Desktop\Fundoonote\Fundoonote\fundooNotes\node_modules\express\lib\router\index.js:280:10)
    at Function.handle (C:\Users\Sahana\Desktop\Fundoonote\Fundoonote\fundooNotes\node_modules\express\lib\router\index.js:175:3)
    at router (C:\Users\Sahana\Desktop\Fundoonote\Fundoonote\fundooNotes\node_modules\express\lib\router\index.js:47:12)
    at Layer.handle [as handle_request] (C:\Users\Sahana\Desktop\Fundoonote\Fundoonote\fundooNotes\node_modules\express\lib\router\layer.js:95:5)
    at trim_prefix (C:\Users\Sahana\Desktop\Fundoonote\Fundoonote\fundooNotes\node_modules\express\lib\router\index.js:328:13)
    at C:\Users\Sahana\Desktop\Fundoonote\Fundoonote\fundooNotes\node_modules\express\lib\router\index.js:286:9
    at Function.process_params (C:\Users\Sahana\Desktop\Fundoonote\Fundoonote\fundooNotes\node_modules\express\lib\router\index.js:346:12)
    at next (C:\Users\Sahana\Desktop\Fundoonote\Fundoonote\fundooNotes\node_modules\express\lib\router\index.js:280:10)
    at Function.handle (C:\Users\Sahana\Desktop\Fundoonote\Fundoonote\fundooNotes\node_modules\express\lib\router\index.js:175:3)
    at router (C:\Users\Sahana\Desktop\Fundoonote\Fundoonote\fundooNotes\node_modules\express\lib\router\index.js:47:12)
    at Layer.handle [as handle_request] (C:\Users\Sahana\Desktop\Fundoonote\Fundoonote\fundooNotes\node_modules\express\lib\router\layer.js:95:5)
    at trim_prefix (C:\Users\Sahana\Desktop\Fundoonote\Fundoonote\fundooNotes\node_modules\express\lib\router\index.js:328:13)
    at C:\Users\Sahana\Desktop\Fundoonote\Fundoonote\fundooNotes\node_modules\express\lib\router\index.js:286:9
    at Function.process_params (C:\Users\Sahana\Desktop\Fundoonote\Fundoonote\fundooNotes\node_modules\express\lib\router\index.js:346:12)
    at next (C:\Users\Sahana\Desktop\Fundoonote\Fundoonote\fundooNotes\node_modules\express\lib\router\index.js:280:10)
    at logger (C:\Users\Sahana\Desktop\Fundoonote\Fundoonote\fundooNotes\node_modules\morgan\index.js:144:5)
    at Layer.handle [as handle_request] (C:\Users\Sahana\Desktop\Fundoonote\Fundoonote\fundooNotes\node_modules\express\lib\router\layer.js:95:5)
    at trim_prefix (C:\Users\Sahana\Desktop\Fundoonote\Fundoonote\fundooNotes\node_modules\express\lib\router\index.js:328:13)
    at C:\Users\Sahana\Desktop\Fundoonote\Fundoonote\fundooNotes\node_modules\express\lib\router\index.js:286:9
    at Function.process_params (C:\Users\Sahana\Desktop\Fundoonote\Fundoonote\fundooNotes\node_modules\express\lib\router\index.js:346:12)
    at next (C:\Users\Sahana\Desktop\Fundoonote\Fundoonote\fundooNotes\node_modules\express\lib\router\index.js:280:10)
    at C:\Users\Sahana\Desktop\Fundoonote\Fundoonote\fundooNotes\node_modules\body-parser\lib\read.js:137:5
    at AsyncResource.runInAsyncScope (node:async_hooks:203:9)
    at invokeCallback (C:\Users\Sahana\Desktop\Fundoonote\Fundoonote\fundooNotes\node_modules\raw-body\index.js:231:16)
    at done (C:\Users\Sahana\Desktop\Fundoonote\Fundoonote\fundooNotes\node_modules\raw-body\index.js:220:7)
    at IncomingMessage.onEnd (C:\Users\Sahana\Desktop\Fundoonote\Fundoonote\fundooNotes\node_modules\raw-body\index.js:280:7)
    at IncomingMessage.emit (node:events:513:28)
    at IncomingMessage.emit (node:domain:489:12)
    at endReadableNT (node:internal/streams/readable:1359:12)
    at processTicksAndRejections (node:internal/process/task_queues:82:21) 
    url - /api/v1/notes/create 
    method - POST 
    IP - ::1
   {"timestamp":"2022-12-23T15:31:06.742Z"}
error: 
    status - 500 
    message - JsonWebTokenError: secret or public key must be provided
    at C:\Users\Sahana\Desktop\Fundoonote\Fundoonote\fundooNotes\node_modules\jsonwebtoken\verify.js:106:19
    at getSecret (C:\Users\Sahana\Desktop\Fundoonote\Fundoonote\fundooNotes\node_modules\jsonwebtoken\verify.js:90:14)
    at Object.verify (C:\Users\Sahana\Desktop\Fundoonote\Fundoonote\fundooNotes\node_modules\jsonwebtoken\verify.js:94:10)
    at _callee$ (C:\Users\Sahana\Desktop\Fundoonote\Fundoonote\fundooNotes\src\middlewares\/auth.middleware.js:22:29)
    at tryCatch (C:\Users\Sahana\Desktop\Fundoonote\Fundoonote\fundooNotes\node_modules\@babel\runtime\helpers\regeneratorRuntime.js:44:17)
    at Generator.<anonymous> (C:\Users\Sahana\Desktop\Fundoonote\Fundoonote\fundooNotes\node_modules\@babel\runtime\helpers\regeneratorRuntime.js:125:22)
    at Generator.next (C:\Users\Sahana\Desktop\Fundoonote\Fundoonote\fundooNotes\node_modules\@babel\runtime\helpers\regeneratorRuntime.js:69:21)
    at asyncGeneratorStep (C:\Users\Sahana\Desktop\Fundoonote\Fundoonote\fundooNotes\node_modules\@babel\runtime\helpers\asyncToGenerator.js:3:24)
    at _next (C:\Users\Sahana\Desktop\Fundoonote\Fundoonote\fundooNotes\node_modules\@babel\runtime\helpers\asyncToGenerator.js:22:9)
    at C:\Users\Sahana\Desktop\Fundoonote\Fundoonote\fundooNotes\node_modules\@babel\runtime\helpers\asyncToGenerator.js:27:7
    at new Promise (<anonymous>)
    at C:\Users\Sahana\Desktop\Fundoonote\Fundoonote\fundooNotes\node_modules\@babel\runtime\helpers\asyncToGenerator.js:19:12
    at userAuth (C:\Users\Sahana\Desktop\Fundoonote\Fundoonote\fundooNotes\src\middlewares\/auth.middleware.js:12:22)
    at Layer.handle [as handle_request] (C:\Users\Sahana\Desktop\Fundoonote\Fundoonote\fundooNotes\node_modules\express\lib\router\layer.js:95:5)
    at next (C:\Users\Sahana\Desktop\Fundoonote\Fundoonote\fundooNotes\node_modules\express\lib\router\route.js:144:13)
    at Route.dispatch (C:\Users\Sahana\Desktop\Fundoonote\Fundoonote\fundooNotes\node_modules\express\lib\router\route.js:114:3)
    at Layer.handle [as handle_request] (C:\Users\Sahana\Desktop\Fundoonote\Fundoonote\fundooNotes\node_modules\express\lib\router\layer.js:95:5)
    at C:\Users\Sahana\Desktop\Fundoonote\Fundoonote\fundooNotes\node_modules\express\lib\router\index.js:284:15
    at Function.process_params (C:\Users\Sahana\Desktop\Fundoonote\Fundoonote\fundooNotes\node_modules\express\lib\router\index.js:346:12)
    at next (C:\Users\Sahana\Desktop\Fundoonote\Fundoonote\fundooNotes\node_modules\express\lib\router\index.js:280:10)
    at Function.handle (C:\Users\Sahana\Desktop\Fundoonote\Fundoonote\fundooNotes\node_modules\express\lib\router\index.js:175:3)
    at router (C:\Users\Sahana\Desktop\Fundoonote\Fundoonote\fundooNotes\node_modules\express\lib\router\index.js:47:12)
    at Layer.handle [as handle_request] (C:\Users\Sahana\Desktop\Fundoonote\Fundoonote\fundooNotes\node_modules\express\lib\router\layer.js:95:5)
    at trim_prefix (C:\Users\Sahana\Desktop\Fundoonote\Fundoonote\fundooNotes\node_modules\express\lib\router\index.js:328:13)
    at C:\Users\Sahana\Desktop\Fundoonote\Fundoonote\fundooNotes\node_modules\express\lib\router\index.js:286:9
    at Function.process_params (C:\Users\Sahana\Desktop\Fundoonote\Fundoonote\fundooNotes\node_modules\express\lib\router\index.js:346:12)
    at next (C:\Users\Sahana\Desktop\Fundoonote\Fundoonote\fundooNotes\node_modules\express\lib\router\index.js:280:10)
    at Function.handle (C:\Users\Sahana\Desktop\Fundoonote\Fundoonote\fundooNotes\node_modules\express\lib\router\index.js:175:3)
    at router (C:\Users\Sahana\Desktop\Fundoonote\Fundoonote\fundooNotes\node_modules\express\lib\router\index.js:47:12)
    at Layer.handle [as handle_request] (C:\Users\Sahana\Desktop\Fundoonote\Fundoonote\fundooNotes\node_modules\express\lib\router\layer.js:95:5)
    at trim_prefix (C:\Users\Sahana\Desktop\Fundoonote\Fundoonote\fundooNotes\node_modules\express\lib\router\index.js:328:13)
    at C:\Users\Sahana\Desktop\Fundoonote\Fundoonote\fundooNotes\node_modules\express\lib\router\index.js:286:9
    at Function.process_params (C:\Users\Sahana\Desktop\Fundoonote\Fundoonote\fundooNotes\node_modules\express\lib\router\index.js:346:12)
    at next (C:\Users\Sahana\Desktop\Fundoonote\Fundoonote\fundooNotes\node_modules\express\lib\router\index.js:280:10)
    at logger (C:\Users\Sahana\Desktop\Fundoonote\Fundoonote\fundooNotes\node_modules\morgan\index.js:144:5)
    at Layer.handle [as handle_request] (C:\Users\Sahana\Desktop\Fundoonote\Fundoonote\fundooNotes\node_modules\express\lib\router\layer.js:95:5)
    at trim_prefix (C:\Users\Sahana\Desktop\Fundoonote\Fundoonote\fundooNotes\node_modules\express\lib\router\index.js:328:13)
    at C:\Users\Sahana\Desktop\Fundoonote\Fundoonote\fundooNotes\node_modules\express\lib\router\index.js:286:9
    at Function.process_params (C:\Users\Sahana\Desktop\Fundoonote\Fundoonote\fundooNotes\node_modules\express\lib\router\index.js:346:12)
    at next (C:\Users\Sahana\Desktop\Fundoonote\Fundoonote\fundooNotes\node_modules\express\lib\router\index.js:280:10)
    at C:\Users\Sahana\Desktop\Fundoonote\Fundoonote\fundooNotes\node_modules\body-parser\lib\read.js:137:5
    at AsyncResource.runInAsyncScope (node:async_hooks:203:9)
    at invokeCallback (C:\Users\Sahana\Desktop\Fundoonote\Fundoonote\fundooNotes\node_modules\raw-body\index.js:231:16)
    at done (C:\Users\Sahana\Desktop\Fundoonote\Fundoonote\fundooNotes\node_modules\raw-body\index.js:220:7)
    at IncomingMessage.onEnd (C:\Users\Sahana\Desktop\Fundoonote\Fundoonote\fundooNotes\node_modules\raw-body\index.js:280:7)
    at IncomingMessage.emit (node:events:513:28)
    at IncomingMessage.emit (node:domain:489:12)
    at endReadableNT (node:internal/streams/readable:1359:12)
    at processTicksAndRejections (node:internal/process/task_queues:82:21) 
    url - /api/v1/notes/create 
    method - POST 
    IP - ::1
   {"timestamp":"2022-12-23T15:31:30.577Z"}
error: 
    status - 500 
    message - JsonWebTokenError: secret or public key must be provided
    at C:\Users\Sahana\Desktop\Fundoonote\Fundoonote\fundooNotes\node_modules\jsonwebtoken\verify.js:106:19
    at getSecret (C:\Users\Sahana\Desktop\Fundoonote\Fundoonote\fundooNotes\node_modules\jsonwebtoken\verify.js:90:14)
    at Object.verify (C:\Users\Sahana\Desktop\Fundoonote\Fundoonote\fundooNotes\node_modules\jsonwebtoken\verify.js:94:10)
    at _callee$ (C:\Users\Sahana\Desktop\Fundoonote\Fundoonote\fundooNotes\src\middlewares\/auth.middleware.js:22:29)
    at tryCatch (C:\Users\Sahana\Desktop\Fundoonote\Fundoonote\fundooNotes\node_modules\@babel\runtime\helpers\regeneratorRuntime.js:44:17)
    at Generator.<anonymous> (C:\Users\Sahana\Desktop\Fundoonote\Fundoonote\fundooNotes\node_modules\@babel\runtime\helpers\regeneratorRuntime.js:125:22)
    at Generator.next (C:\Users\Sahana\Desktop\Fundoonote\Fundoonote\fundooNotes\node_modules\@babel\runtime\helpers\regeneratorRuntime.js:69:21)
    at asyncGeneratorStep (C:\Users\Sahana\Desktop\Fundoonote\Fundoonote\fundooNotes\node_modules\@babel\runtime\helpers\asyncToGenerator.js:3:24)
    at _next (C:\Users\Sahana\Desktop\Fundoonote\Fundoonote\fundooNotes\node_modules\@babel\runtime\helpers\asyncToGenerator.js:22:9)
    at C:\Users\Sahana\Desktop\Fundoonote\Fundoonote\fundooNotes\node_modules\@babel\runtime\helpers\asyncToGenerator.js:27:7
    at new Promise (<anonymous>)
    at C:\Users\Sahana\Desktop\Fundoonote\Fundoonote\fundooNotes\node_modules\@babel\runtime\helpers\asyncToGenerator.js:19:12
    at userAuth (C:\Users\Sahana\Desktop\Fundoonote\Fundoonote\fundooNotes\src\middlewares\/auth.middleware.js:12:22)
    at Layer.handle [as handle_request] (C:\Users\Sahana\Desktop\Fundoonote\Fundoonote\fundooNotes\node_modules\express\lib\router\layer.js:95:5)
    at next (C:\Users\Sahana\Desktop\Fundoonote\Fundoonote\fundooNotes\node_modules\express\lib\router\route.js:144:13)
    at Route.dispatch (C:\Users\Sahana\Desktop\Fundoonote\Fundoonote\fundooNotes\node_modules\express\lib\router\route.js:114:3)
    at Layer.handle [as handle_request] (C:\Users\Sahana\Desktop\Fundoonote\Fundoonote\fundooNotes\node_modules\express\lib\router\layer.js:95:5)
    at C:\Users\Sahana\Desktop\Fundoonote\Fundoonote\fundooNotes\node_modules\express\lib\router\index.js:284:15
    at Function.process_params (C:\Users\Sahana\Desktop\Fundoonote\Fundoonote\fundooNotes\node_modules\express\lib\router\index.js:346:12)
    at next (C:\Users\Sahana\Desktop\Fundoonote\Fundoonote\fundooNotes\node_modules\express\lib\router\index.js:280:10)
    at Function.handle (C:\Users\Sahana\Desktop\Fundoonote\Fundoonote\fundooNotes\node_modules\express\lib\router\index.js:175:3)
    at router (C:\Users\Sahana\Desktop\Fundoonote\Fundoonote\fundooNotes\node_modules\express\lib\router\index.js:47:12)
    at Layer.handle [as handle_request] (C:\Users\Sahana\Desktop\Fundoonote\Fundoonote\fundooNotes\node_modules\express\lib\router\layer.js:95:5)
    at trim_prefix (C:\Users\Sahana\Desktop\Fundoonote\Fundoonote\fundooNotes\node_modules\express\lib\router\index.js:328:13)
    at C:\Users\Sahana\Desktop\Fundoonote\Fundoonote\fundooNotes\node_modules\express\lib\router\index.js:286:9
    at Function.process_params (C:\Users\Sahana\Desktop\Fundoonote\Fundoonote\fundooNotes\node_modules\express\lib\router\index.js:346:12)
    at next (C:\Users\Sahana\Desktop\Fundoonote\Fundoonote\fundooNotes\node_modules\express\lib\router\index.js:280:10)
    at Function.handle (C:\Users\Sahana\Desktop\Fundoonote\Fundoonote\fundooNotes\node_modules\express\lib\router\index.js:175:3)
    at router (C:\Users\Sahana\Desktop\Fundoonote\Fundoonote\fundooNotes\node_modules\express\lib\router\index.js:47:12)
    at Layer.handle [as handle_request] (C:\Users\Sahana\Desktop\Fundoonote\Fundoonote\fundooNotes\node_modules\express\lib\router\layer.js:95:5)
    at trim_prefix (C:\Users\Sahana\Desktop\Fundoonote\Fundoonote\fundooNotes\node_modules\express\lib\router\index.js:328:13)
    at C:\Users\Sahana\Desktop\Fundoonote\Fundoonote\fundooNotes\node_modules\express\lib\router\index.js:286:9
    at Function.process_params (C:\Users\Sahana\Desktop\Fundoonote\Fundoonote\fundooNotes\node_modules\express\lib\router\index.js:346:12)
    at next (C:\Users\Sahana\Desktop\Fundoonote\Fundoonote\fundooNotes\node_modules\express\lib\router\index.js:280:10)
    at logger (C:\Users\Sahana\Desktop\Fundoonote\Fundoonote\fundooNotes\node_modules\morgan\index.js:144:5)
    at Layer.handle [as handle_request] (C:\Users\Sahana\Desktop\Fundoonote\Fundoonote\fundooNotes\node_modules\express\lib\router\layer.js:95:5)
    at trim_prefix (C:\Users\Sahana\Desktop\Fundoonote\Fundoonote\fundooNotes\node_modules\express\lib\router\index.js:328:13)
    at C:\Users\Sahana\Desktop\Fundoonote\Fundoonote\fundooNotes\node_modules\express\lib\router\index.js:286:9
    at Function.process_params (C:\Users\Sahana\Desktop\Fundoonote\Fundoonote\fundooNotes\node_modules\express\lib\router\index.js:346:12)
    at next (C:\Users\Sahana\Desktop\Fundoonote\Fundoonote\fundooNotes\node_modules\express\lib\router\index.js:280:10)
    at C:\Users\Sahana\Desktop\Fundoonote\Fundoonote\fundooNotes\node_modules\body-parser\lib\read.js:137:5
    at AsyncResource.runInAsyncScope (node:async_hooks:203:9)
    at invokeCallback (C:\Users\Sahana\Desktop\Fundoonote\Fundoonote\fundooNotes\node_modules\raw-body\index.js:231:16)
    at done (C:\Users\Sahana\Desktop\Fundoonote\Fundoonote\fundooNotes\node_modules\raw-body\index.js:220:7)
    at IncomingMessage.onEnd (C:\Users\Sahana\Desktop\Fundoonote\Fundoonote\fundooNotes\node_modules\raw-body\index.js:280:7)
    at IncomingMessage.emit (node:events:513:28)
    at IncomingMessage.emit (node:domain:489:12)
    at endReadableNT (node:internal/streams/readable:1359:12)
    at processTicksAndRejections (node:internal/process/task_queues:82:21) 
    url - /api/v1/notes/create 
    method - POST 
    IP - ::1
   {"timestamp":"2022-12-23T15:31:40.992Z"}
error: 
    status - 500 
    message - JsonWebTokenError: secret or public key must be provided
    at C:\Users\Sahana\Desktop\Fundoonote\Fundoonote\fundooNotes\node_modules\jsonwebtoken\verify.js:106:19
    at getSecret (C:\Users\Sahana\Desktop\Fundoonote\Fundoonote\fundooNotes\node_modules\jsonwebtoken\verify.js:90:14)
    at Object.verify (C:\Users\Sahana\Desktop\Fundoonote\Fundoonote\fundooNotes\node_modules\jsonwebtoken\verify.js:94:10)
    at _callee$ (C:\Users\Sahana\Desktop\Fundoonote\Fundoonote\fundooNotes\src\middlewares\/auth.middleware.js:22:29)
    at tryCatch (C:\Users\Sahana\Desktop\Fundoonote\Fundoonote\fundooNotes\node_modules\@babel\runtime\helpers\regeneratorRuntime.js:44:17)
    at Generator.<anonymous> (C:\Users\Sahana\Desktop\Fundoonote\Fundoonote\fundooNotes\node_modules\@babel\runtime\helpers\regeneratorRuntime.js:125:22)
    at Generator.next (C:\Users\Sahana\Desktop\Fundoonote\Fundoonote\fundooNotes\node_modules\@babel\runtime\helpers\regeneratorRuntime.js:69:21)
    at asyncGeneratorStep (C:\Users\Sahana\Desktop\Fundoonote\Fundoonote\fundooNotes\node_modules\@babel\runtime\helpers\asyncToGenerator.js:3:24)
    at _next (C:\Users\Sahana\Desktop\Fundoonote\Fundoonote\fundooNotes\node_modules\@babel\runtime\helpers\asyncToGenerator.js:22:9)
    at C:\Users\Sahana\Desktop\Fundoonote\Fundoonote\fundooNotes\node_modules\@babel\runtime\helpers\asyncToGenerator.js:27:7
    at new Promise (<anonymous>)
    at C:\Users\Sahana\Desktop\Fundoonote\Fundoonote\fundooNotes\node_modules\@babel\runtime\helpers\asyncToGenerator.js:19:12
    at userAuth (C:\Users\Sahana\Desktop\Fundoonote\Fundoonote\fundooNotes\src\middlewares\/auth.middleware.js:12:22)
    at Layer.handle [as handle_request] (C:\Users\Sahana\Desktop\Fundoonote\Fundoonote\fundooNotes\node_modules\express\lib\router\layer.js:95:5)
    at next (C:\Users\Sahana\Desktop\Fundoonote\Fundoonote\fundooNotes\node_modules\express\lib\router\route.js:144:13)
    at Route.dispatch (C:\Users\Sahana\Desktop\Fundoonote\Fundoonote\fundooNotes\node_modules\express\lib\router\route.js:114:3)
    at Layer.handle [as handle_request] (C:\Users\Sahana\Desktop\Fundoonote\Fundoonote\fundooNotes\node_modules\express\lib\router\layer.js:95:5)
    at C:\Users\Sahana\Desktop\Fundoonote\Fundoonote\fundooNotes\node_modules\express\lib\router\index.js:284:15
    at Function.process_params (C:\Users\Sahana\Desktop\Fundoonote\Fundoonote\fundooNotes\node_modules\express\lib\router\index.js:346:12)
    at next (C:\Users\Sahana\Desktop\Fundoonote\Fundoonote\fundooNotes\node_modules\express\lib\router\index.js:280:10)
    at Function.handle (C:\Users\Sahana\Desktop\Fundoonote\Fundoonote\fundooNotes\node_modules\express\lib\router\index.js:175:3)
    at router (C:\Users\Sahana\Desktop\Fundoonote\Fundoonote\fundooNotes\node_modules\express\lib\router\index.js:47:12)
    at Layer.handle [as handle_request] (C:\Users\Sahana\Desktop\Fundoonote\Fundoonote\fundooNotes\node_modules\express\lib\router\layer.js:95:5)
    at trim_prefix (C:\Users\Sahana\Desktop\Fundoonote\Fundoonote\fundooNotes\node_modules\express\lib\router\index.js:328:13)
    at C:\Users\Sahana\Desktop\Fundoonote\Fundoonote\fundooNotes\node_modules\express\lib\router\index.js:286:9
    at Function.process_params (C:\Users\Sahana\Desktop\Fundoonote\Fundoonote\fundooNotes\node_modules\express\lib\router\index.js:346:12)
    at next (C:\Users\Sahana\Desktop\Fundoonote\Fundoonote\fundooNotes\node_modules\express\lib\router\index.js:280:10)
    at Function.handle (C:\Users\Sahana\Desktop\Fundoonote\Fundoonote\fundooNotes\node_modules\express\lib\router\index.js:175:3)
    at router (C:\Users\Sahana\Desktop\Fundoonote\Fundoonote\fundooNotes\node_modules\express\lib\router\index.js:47:12)
    at Layer.handle [as handle_request] (C:\Users\Sahana\Desktop\Fundoonote\Fundoonote\fundooNotes\node_modules\express\lib\router\layer.js:95:5)
    at trim_prefix (C:\Users\Sahana\Desktop\Fundoonote\Fundoonote\fundooNotes\node_modules\express\lib\router\index.js:328:13)
    at C:\Users\Sahana\Desktop\Fundoonote\Fundoonote\fundooNotes\node_modules\express\lib\router\index.js:286:9
    at Function.process_params (C:\Users\Sahana\Desktop\Fundoonote\Fundoonote\fundooNotes\node_modules\express\lib\router\index.js:346:12)
    at next (C:\Users\Sahana\Desktop\Fundoonote\Fundoonote\fundooNotes\node_modules\express\lib\router\index.js:280:10)
    at logger (C:\Users\Sahana\Desktop\Fundoonote\Fundoonote\fundooNotes\node_modules\morgan\index.js:144:5)
    at Layer.handle [as handle_request] (C:\Users\Sahana\Desktop\Fundoonote\Fundoonote\fundooNotes\node_modules\express\lib\router\layer.js:95:5)
    at trim_prefix (C:\Users\Sahana\Desktop\Fundoonote\Fundoonote\fundooNotes\node_modules\express\lib\router\index.js:328:13)
    at C:\Users\Sahana\Desktop\Fundoonote\Fundoonote\fundooNotes\node_modules\express\lib\router\index.js:286:9
    at Function.process_params (C:\Users\Sahana\Desktop\Fundoonote\Fundoonote\fundooNotes\node_modules\express\lib\router\index.js:346:12)
    at next (C:\Users\Sahana\Desktop\Fundoonote\Fundoonote\fundooNotes\node_modules\express\lib\router\index.js:280:10)
    at C:\Users\Sahana\Desktop\Fundoonote\Fundoonote\fundooNotes\node_modules\body-parser\lib\read.js:137:5
    at AsyncResource.runInAsyncScope (node:async_hooks:203:9)
    at invokeCallback (C:\Users\Sahana\Desktop\Fundoonote\Fundoonote\fundooNotes\node_modules\raw-body\index.js:231:16)
    at done (C:\Users\Sahana\Desktop\Fundoonote\Fundoonote\fundooNotes\node_modules\raw-body\index.js:220:7)
    at IncomingMessage.onEnd (C:\Users\Sahana\Desktop\Fundoonote\Fundoonote\fundooNotes\node_modules\raw-body\index.js:280:7)
    at IncomingMessage.emit (node:events:513:28)
    at IncomingMessage.emit (node:domain:489:12)
    at endReadableNT (node:internal/streams/readable:1359:12)
    at processTicksAndRejections (node:internal/process/task_queues:82:21) 
    url - /api/v1/notes/create 
    method - POST 
    IP - ::1
   {"timestamp":"2022-12-23T15:32:14.159Z"}
error: 
    status - 500 
    message - JsonWebTokenError: secret or public key must be provided
    at C:\Users\Sahana\Desktop\Fundoonote\Fundoonote\fundooNotes\node_modules\jsonwebtoken\verify.js:106:19
    at getSecret (C:\Users\Sahana\Desktop\Fundoonote\Fundoonote\fundooNotes\node_modules\jsonwebtoken\verify.js:90:14)
    at Object.verify (C:\Users\Sahana\Desktop\Fundoonote\Fundoonote\fundooNotes\node_modules\jsonwebtoken\verify.js:94:10)
    at _callee$ (C:\Users\Sahana\Desktop\Fundoonote\Fundoonote\fundooNotes\src\middlewares\/auth.middleware.js:22:29)
    at tryCatch (C:\Users\Sahana\Desktop\Fundoonote\Fundoonote\fundooNotes\node_modules\@babel\runtime\helpers\regeneratorRuntime.js:44:17)
    at Generator.<anonymous> (C:\Users\Sahana\Desktop\Fundoonote\Fundoonote\fundooNotes\node_modules\@babel\runtime\helpers\regeneratorRuntime.js:125:22)
    at Generator.next (C:\Users\Sahana\Desktop\Fundoonote\Fundoonote\fundooNotes\node_modules\@babel\runtime\helpers\regeneratorRuntime.js:69:21)
    at asyncGeneratorStep (C:\Users\Sahana\Desktop\Fundoonote\Fundoonote\fundooNotes\node_modules\@babel\runtime\helpers\asyncToGenerator.js:3:24)
    at _next (C:\Users\Sahana\Desktop\Fundoonote\Fundoonote\fundooNotes\node_modules\@babel\runtime\helpers\asyncToGenerator.js:22:9)
    at C:\Users\Sahana\Desktop\Fundoonote\Fundoonote\fundooNotes\node_modules\@babel\runtime\helpers\asyncToGenerator.js:27:7
    at new Promise (<anonymous>)
    at C:\Users\Sahana\Desktop\Fundoonote\Fundoonote\fundooNotes\node_modules\@babel\runtime\helpers\asyncToGenerator.js:19:12
    at userAuth (C:\Users\Sahana\Desktop\Fundoonote\Fundoonote\fundooNotes\src\middlewares\/auth.middleware.js:12:22)
    at Layer.handle [as handle_request] (C:\Users\Sahana\Desktop\Fundoonote\Fundoonote\fundooNotes\node_modules\express\lib\router\layer.js:95:5)
    at next (C:\Users\Sahana\Desktop\Fundoonote\Fundoonote\fundooNotes\node_modules\express\lib\router\route.js:144:13)
    at Route.dispatch (C:\Users\Sahana\Desktop\Fundoonote\Fundoonote\fundooNotes\node_modules\express\lib\router\route.js:114:3)
    at Layer.handle [as handle_request] (C:\Users\Sahana\Desktop\Fundoonote\Fundoonote\fundooNotes\node_modules\express\lib\router\layer.js:95:5)
    at C:\Users\Sahana\Desktop\Fundoonote\Fundoonote\fundooNotes\node_modules\express\lib\router\index.js:284:15
    at Function.process_params (C:\Users\Sahana\Desktop\Fundoonote\Fundoonote\fundooNotes\node_modules\express\lib\router\index.js:346:12)
    at next (C:\Users\Sahana\Desktop\Fundoonote\Fundoonote\fundooNotes\node_modules\express\lib\router\index.js:280:10)
    at Function.handle (C:\Users\Sahana\Desktop\Fundoonote\Fundoonote\fundooNotes\node_modules\express\lib\router\index.js:175:3)
    at router (C:\Users\Sahana\Desktop\Fundoonote\Fundoonote\fundooNotes\node_modules\express\lib\router\index.js:47:12)
    at Layer.handle [as handle_request] (C:\Users\Sahana\Desktop\Fundoonote\Fundoonote\fundooNotes\node_modules\express\lib\router\layer.js:95:5)
    at trim_prefix (C:\Users\Sahana\Desktop\Fundoonote\Fundoonote\fundooNotes\node_modules\express\lib\router\index.js:328:13)
    at C:\Users\Sahana\Desktop\Fundoonote\Fundoonote\fundooNotes\node_modules\express\lib\router\index.js:286:9
    at Function.process_params (C:\Users\Sahana\Desktop\Fundoonote\Fundoonote\fundooNotes\node_modules\express\lib\router\index.js:346:12)
    at next (C:\Users\Sahana\Desktop\Fundoonote\Fundoonote\fundooNotes\node_modules\express\lib\router\index.js:280:10)
    at Function.handle (C:\Users\Sahana\Desktop\Fundoonote\Fundoonote\fundooNotes\node_modules\express\lib\router\index.js:175:3)
    at router (C:\Users\Sahana\Desktop\Fundoonote\Fundoonote\fundooNotes\node_modules\express\lib\router\index.js:47:12)
    at Layer.handle [as handle_request] (C:\Users\Sahana\Desktop\Fundoonote\Fundoonote\fundooNotes\node_modules\express\lib\router\layer.js:95:5)
    at trim_prefix (C:\Users\Sahana\Desktop\Fundoonote\Fundoonote\fundooNotes\node_modules\express\lib\router\index.js:328:13)
    at C:\Users\Sahana\Desktop\Fundoonote\Fundoonote\fundooNotes\node_modules\express\lib\router\index.js:286:9
    at Function.process_params (C:\Users\Sahana\Desktop\Fundoonote\Fundoonote\fundooNotes\node_modules\express\lib\router\index.js:346:12)
    at next (C:\Users\Sahana\Desktop\Fundoonote\Fundoonote\fundooNotes\node_modules\express\lib\router\index.js:280:10)
    at logger (C:\Users\Sahana\Desktop\Fundoonote\Fundoonote\fundooNotes\node_modules\morgan\index.js:144:5)
    at Layer.handle [as handle_request] (C:\Users\Sahana\Desktop\Fundoonote\Fundoonote\fundooNotes\node_modules\express\lib\router\layer.js:95:5)
    at trim_prefix (C:\Users\Sahana\Desktop\Fundoonote\Fundoonote\fundooNotes\node_modules\express\lib\router\index.js:328:13)
    at C:\Users\Sahana\Desktop\Fundoonote\Fundoonote\fundooNotes\node_modules\express\lib\router\index.js:286:9
    at Function.process_params (C:\Users\Sahana\Desktop\Fundoonote\Fundoonote\fundooNotes\node_modules\express\lib\router\index.js:346:12)
    at next (C:\Users\Sahana\Desktop\Fundoonote\Fundoonote\fundooNotes\node_modules\express\lib\router\index.js:280:10)
    at C:\Users\Sahana\Desktop\Fundoonote\Fundoonote\fundooNotes\node_modules\body-parser\lib\read.js:137:5
    at AsyncResource.runInAsyncScope (node:async_hooks:203:9)
    at invokeCallback (C:\Users\Sahana\Desktop\Fundoonote\Fundoonote\fundooNotes\node_modules\raw-body\index.js:231:16)
    at done (C:\Users\Sahana\Desktop\Fundoonote\Fundoonote\fundooNotes\node_modules\raw-body\index.js:220:7)
    at IncomingMessage.onEnd (C:\Users\Sahana\Desktop\Fundoonote\Fundoonote\fundooNotes\node_modules\raw-body\index.js:280:7)
    at IncomingMessage.emit (node:events:513:28)
    at IncomingMessage.emit (node:domain:489:12)
    at endReadableNT (node:internal/streams/readable:1359:12)
    at processTicksAndRejections (node:internal/process/task_queues:82:21) 
    url - /api/v1/notes/create 
    method - POST 
    IP - ::1
   {"timestamp":"2022-12-23T15:32:34.141Z"}
